E:\PROJECTS\FYP\BOTS_CODES\NUSBOT\SRC\STARCRAFTBUILDORDERSEARCH\VISUALSTUDIO\RELEASE\STARCRAFTBUILDORDERSEARCH.BSC
E:\PROJECTS\FYP\BOTS_CODES\NUSBOT\SRC\STARCRAFTBUILDORDERSEARCH\VISUALSTUDIO\RELEASE\STARCRAFTDATA.SBR
E:\PROJECTS\FYP\BOTS_CODES\NUSBOT\SRC\STARCRAFTBUILDORDERSEARCH\VISUALSTUDIO\RELEASE\TEST.SBR
E:\PROJECTS\FYP\BOTS_CODES\NUSBOT\SRC\STARCRAFTBUILDORDERSEARCH\VISUALSTUDIO\RELEASE\TEST.OBJ
E:\PROJECTS\FYP\BOTS_CODES\NUSBOT\SRC\STARCRAFTBUILDORDERSEARCH\VISUALSTUDIO\RELEASE\STARCRAFTDATA.OBJ
E:\PROJECTS\FYP\BOTS_CODES\NUSBOT\SRC\STARCRAFTBUILDORDERSEARCH\VISUALSTUDIO\RELEASE\VC90.PDB
E:\PROJECTS\FYP\BOTS_CODES\NUSBOT\SRC\STARCRAFTBUILDORDERSEARCH\VISUALSTUDIO\RELEASE\STARCRAFTBUILDORDERSEARCH.EXE
E:\PROJECTS\FYP\BOTS_CODES\NUSBOT\SRC\STARCRAFTBUILDORDERSEARCH\VISUALSTUDIO\RELEASE\STARCRAFTBUILDORDERSEARCH.MAP
E:\PROJECTS\FYP\BOTS_CODES\NUSBOT\SRC\STARCRAFTBUILDORDERSEARCH\VISUALSTUDIO\RELEASE\STARCRAFTBUILDORDERSEARCH.EXE.INTERMEDIATE.MANIFEST
E:\PROJECTS\FYP\BOTS_CODES\NUSBOT\SRC\STARCRAFTBUILDORDERSEARCH\VISUALSTUDIO\RELEASE\STARCRAFTBUILDORDERSEARCH.PDB
H:\0000GZ\RnD 5000 Project nus-bot\Bot_SRC\NUS-Bot\NUS-Bot RND\nus-bot\trunk\NUSBot\src\StarcraftBuildOrderSearch\VisualStudio\Release\StarcraftData.obj
H:\0000GZ\RnD 5000 Project nus-bot\Bot_SRC\NUS-Bot\NUS-Bot RND\nus-bot\trunk\NUSBot\src\StarcraftBuildOrderSearch\VisualStudio\Release\test.obj
H:\0000GZ\RnD 5000 Project nus-bot\Bot_SRC\NUS-Bot\NUS-Bot RND\nus-bot\trunk\NUSBot\src\StarcraftBuildOrderSearch\VisualStudio\Release\BscMake.command.1.tlog
H:\0000GZ\RnD 5000 Project nus-bot\Bot_SRC\NUS-Bot\NUS-Bot RND\nus-bot\trunk\NUSBot\src\StarcraftBuildOrderSearch\VisualStudio\Release\bscmake.read.1.tlog
H:\0000GZ\RnD 5000 Project nus-bot\Bot_SRC\NUS-Bot\NUS-Bot RND\nus-bot\trunk\NUSBot\src\StarcraftBuildOrderSearch\VisualStudio\Release\BscMake.write.1.tlog
H:\0000GZ\RnD 5000 Project nus-bot\Bot_SRC\NUS-Bot\NUS-Bot RND\nus-bot\trunk\NUSBot\src\StarcraftBuildOrderSearch\VisualStudio\Release\cl.command.1.tlog
H:\0000GZ\RnD 5000 Project nus-bot\Bot_SRC\NUS-Bot\NUS-Bot RND\nus-bot\trunk\NUSBot\src\StarcraftBuildOrderSearch\VisualStudio\Release\CL.read.1.tlog
H:\0000GZ\RnD 5000 Project nus-bot\Bot_SRC\NUS-Bot\NUS-Bot RND\nus-bot\trunk\NUSBot\src\StarcraftBuildOrderSearch\VisualStudio\Release\CL.write.1.tlog
H:\0000GZ\RnD 5000 Project nus-bot\Bot_SRC\NUS-Bot\NUS-Bot RND\nus-bot\trunk\NUSBot\src\StarcraftBuildOrderSearch\VisualStudio\Release\link.command.1.tlog
H:\0000GZ\RnD 5000 Project nus-bot\Bot_SRC\NUS-Bot\NUS-Bot RND\nus-bot\trunk\NUSBot\src\StarcraftBuildOrderSearch\VisualStudio\Release\link.read.1.tlog
H:\0000GZ\RnD 5000 Project nus-bot\Bot_SRC\NUS-Bot\NUS-Bot RND\nus-bot\trunk\NUSBot\src\StarcraftBuildOrderSearch\VisualStudio\Release\link.write.1.tlog
H:\0000GZ\RnD 5000 Project nus-bot\Bot_SRC\NUS-Bot\NUS-Bot RND\nus-bot\trunk\NUSBot\src\StarcraftBuildOrderSearch\VisualStudio\Release\mt.command.1.tlog
H:\0000GZ\RnD 5000 Project nus-bot\Bot_SRC\NUS-Bot\NUS-Bot RND\nus-bot\trunk\NUSBot\src\StarcraftBuildOrderSearch\VisualStudio\Release\mt.read.1.tlog
H:\0000GZ\RnD 5000 Project nus-bot\Bot_SRC\NUS-Bot\NUS-Bot RND\nus-bot\trunk\NUSBot\src\StarcraftBuildOrderSearch\VisualStudio\Release\mt.write.1.tlog
H:\0000GZ\RnD 5000 Project nus-bot\Bot_SRC\NUS-Bot\NUS-Bot RND\nus-bot\trunk\NUSBot\src\StarcraftBuildOrderSearch\VisualStudio\Release\StarcraftBuildOrderSearch.exe.intermediate.manifest
H:\0000GZ\RnD 5000 Project nus-bot\Bot_SRC\NUS-Bot\NUS-Bot RND\nus-bot\trunk\NUSBot\src\StarcraftBuildOrderSearch\VisualStudio\Release\StarcraftBuildOrderSearch.pdb
H:\0000GZ\RnD 5000 Project nus-bot\Bot_SRC\NUS-Bot\NUS-Bot RND\nus-bot\trunk\NUSBot\src\StarcraftBuildOrderSearch\VisualStudio\Release\vc90.pdb
H:\0000GZ\RnD 5000 Project nus-bot\Bot_SRC\NUS-Bot\NUS-Bot RND\nus-bot\trunk\NUSBot\src\StarcraftBuildOrderSearch\VisualStudio\Release\StarcraftBuildOrderSearch.bsc
H:\0000GZ\RnD 5000 Project nus-bot\Bot_SRC\NUS-Bot\NUS-Bot RND\nus-bot\trunk\NUSBot\src\StarcraftBuildOrderSearch\VisualStudio\Release\StarcraftData.sbr
H:\0000GZ\RnD 5000 Project nus-bot\Bot_SRC\NUS-Bot\NUS-Bot RND\nus-bot\trunk\NUSBot\src\StarcraftBuildOrderSearch\VisualStudio\Release\test.sbr
H:\0000GZ\RnD 5000 Project nus-bot\Bot_SRC\NUS-Bot\NUS-Bot RND\nus-bot\trunk\NUSBot\src\StarcraftBuildOrderSearch\VisualStudio\Release\StarcraftBuildOrderSearch.exe
