E:\PROJECTS\FYP\BOTS_CODES\NUSBOT\SRC\NUSBOT\VISUALSTUDIO\RELEASE\SPARCRAFT.BSC
E:\PROJECTS\FYP\BOTS_CODES\NUSBOT\SRC\SPARCRAFT\VISUALSTUDIO\RELEASE\ALLPLAYERS.SBR
E:\PROJECTS\FYP\BOTS_CODES\NUSBOT\SRC\SPARCRAFT\VISUALSTUDIO\RELEASE\ALPHABETASEARCH.SBR
E:\PROJECTS\FYP\BOTS_CODES\NUSBOT\SRC\SPARCRAFT\VISUALSTUDIO\RELEASE\ANIMATIONFRAMEDATA.SBR
E:\PROJECTS\FYP\BOTS_CODES\NUSBOT\SRC\SPARCRAFT\VISUALSTUDIO\RELEASE\COMMON.SBR
E:\PROJECTS\FYP\BOTS_CODES\NUSBOT\SRC\SPARCRAFT\VISUALSTUDIO\RELEASE\DISPLAY.SBR
E:\PROJECTS\FYP\BOTS_CODES\NUSBOT\SRC\SPARCRAFT\VISUALSTUDIO\RELEASE\ENUMDATA.SBR
E:\PROJECTS\FYP\BOTS_CODES\NUSBOT\SRC\SPARCRAFT\VISUALSTUDIO\RELEASE\GAME.SBR
E:\PROJECTS\FYP\BOTS_CODES\NUSBOT\SRC\SPARCRAFT\VISUALSTUDIO\RELEASE\GAMESTATE.SBR
E:\PROJECTS\FYP\BOTS_CODES\NUSBOT\SRC\SPARCRAFT\VISUALSTUDIO\RELEASE\GLFONT.SBR
E:\PROJECTS\FYP\BOTS_CODES\NUSBOT\SRC\SPARCRAFT\VISUALSTUDIO\RELEASE\HASH.SBR
E:\PROJECTS\FYP\BOTS_CODES\NUSBOT\SRC\SPARCRAFT\VISUALSTUDIO\RELEASE\LOGGER.SBR
E:\PROJECTS\FYP\BOTS_CODES\NUSBOT\SRC\SPARCRAFT\VISUALSTUDIO\RELEASE\MOVEARRAY.SBR
E:\PROJECTS\FYP\BOTS_CODES\NUSBOT\SRC\SPARCRAFT\VISUALSTUDIO\RELEASE\PLAYER.SBR
E:\PROJECTS\FYP\BOTS_CODES\NUSBOT\SRC\SPARCRAFT\VISUALSTUDIO\RELEASE\PLAYERPROPERTIES.SBR
E:\PROJECTS\FYP\BOTS_CODES\NUSBOT\SRC\SPARCRAFT\VISUALSTUDIO\RELEASE\PLAYER_ALPHABETA.SBR
E:\PROJECTS\FYP\BOTS_CODES\NUSBOT\SRC\SPARCRAFT\VISUALSTUDIO\RELEASE\PLAYER_ATTACKCLOSEST.SBR
E:\PROJECTS\FYP\BOTS_CODES\NUSBOT\SRC\SPARCRAFT\VISUALSTUDIO\RELEASE\PLAYER_ATTACKDPS.SBR
E:\PROJECTS\FYP\BOTS_CODES\NUSBOT\SRC\SPARCRAFT\VISUALSTUDIO\RELEASE\PLAYER_ATTACKWEAKEST.SBR
E:\PROJECTS\FYP\BOTS_CODES\NUSBOT\SRC\SPARCRAFT\VISUALSTUDIO\RELEASE\PLAYER_CLUSTER.SBR
E:\PROJECTS\FYP\BOTS_CODES\NUSBOT\SRC\SPARCRAFT\VISUALSTUDIO\RELEASE\PLAYER_KITER.SBR
E:\PROJECTS\FYP\BOTS_CODES\NUSBOT\SRC\SPARCRAFT\VISUALSTUDIO\RELEASE\PLAYER_KITER.OBJ
E:\PROJECTS\FYP\BOTS_CODES\NUSBOT\SRC\SPARCRAFT\VISUALSTUDIO\RELEASE\PLAYER_CLUSTER.OBJ
E:\PROJECTS\FYP\BOTS_CODES\NUSBOT\SRC\SPARCRAFT\VISUALSTUDIO\RELEASE\PLAYER_ATTACKWEAKEST.OBJ
E:\PROJECTS\FYP\BOTS_CODES\NUSBOT\SRC\SPARCRAFT\VISUALSTUDIO\RELEASE\PLAYER_ATTACKDPS.OBJ
E:\PROJECTS\FYP\BOTS_CODES\NUSBOT\SRC\SPARCRAFT\VISUALSTUDIO\RELEASE\PLAYER_ATTACKCLOSEST.OBJ
E:\PROJECTS\FYP\BOTS_CODES\NUSBOT\SRC\SPARCRAFT\VISUALSTUDIO\RELEASE\PLAYER_ALPHABETA.OBJ
E:\PROJECTS\FYP\BOTS_CODES\NUSBOT\SRC\SPARCRAFT\VISUALSTUDIO\RELEASE\PLAYERPROPERTIES.OBJ
E:\PROJECTS\FYP\BOTS_CODES\NUSBOT\SRC\SPARCRAFT\VISUALSTUDIO\RELEASE\PLAYER.OBJ
E:\PROJECTS\FYP\BOTS_CODES\NUSBOT\SRC\SPARCRAFT\VISUALSTUDIO\RELEASE\MOVEARRAY.OBJ
E:\PROJECTS\FYP\BOTS_CODES\NUSBOT\SRC\SPARCRAFT\VISUALSTUDIO\RELEASE\LOGGER.OBJ
E:\PROJECTS\FYP\BOTS_CODES\NUSBOT\SRC\SPARCRAFT\VISUALSTUDIO\RELEASE\HASH.OBJ
E:\PROJECTS\FYP\BOTS_CODES\NUSBOT\SRC\SPARCRAFT\VISUALSTUDIO\RELEASE\GLFONT.OBJ
E:\PROJECTS\FYP\BOTS_CODES\NUSBOT\SRC\SPARCRAFT\VISUALSTUDIO\RELEASE\GAMESTATE.OBJ
E:\PROJECTS\FYP\BOTS_CODES\NUSBOT\SRC\SPARCRAFT\VISUALSTUDIO\RELEASE\GAME.OBJ
E:\PROJECTS\FYP\BOTS_CODES\NUSBOT\SRC\SPARCRAFT\VISUALSTUDIO\RELEASE\ENUMDATA.OBJ
E:\PROJECTS\FYP\BOTS_CODES\NUSBOT\SRC\SPARCRAFT\VISUALSTUDIO\RELEASE\DISPLAY.OBJ
E:\PROJECTS\FYP\BOTS_CODES\NUSBOT\SRC\SPARCRAFT\VISUALSTUDIO\RELEASE\COMMON.OBJ
E:\PROJECTS\FYP\BOTS_CODES\NUSBOT\SRC\SPARCRAFT\VISUALSTUDIO\RELEASE\ANIMATIONFRAMEDATA.OBJ
E:\PROJECTS\FYP\BOTS_CODES\NUSBOT\SRC\SPARCRAFT\VISUALSTUDIO\RELEASE\ALPHABETASEARCH.OBJ
E:\PROJECTS\FYP\BOTS_CODES\NUSBOT\SRC\SPARCRAFT\VISUALSTUDIO\RELEASE\ALLPLAYERS.OBJ
E:\PROJECTS\FYP\BOTS_CODES\NUSBOT\SRC\SPARCRAFT\VISUALSTUDIO\RELEASE\PLAYER_KITERDPS.SBR
E:\PROJECTS\FYP\BOTS_CODES\NUSBOT\SRC\SPARCRAFT\VISUALSTUDIO\RELEASE\PLAYER_KITER_NOKDPS.SBR
E:\PROJECTS\FYP\BOTS_CODES\NUSBOT\SRC\SPARCRAFT\VISUALSTUDIO\RELEASE\PLAYER_NOKDPS.SBR
E:\PROJECTS\FYP\BOTS_CODES\NUSBOT\SRC\SPARCRAFT\VISUALSTUDIO\RELEASE\PLAYER_PORTFOLIOGREEDYSEARCH.SBR
E:\PROJECTS\FYP\BOTS_CODES\NUSBOT\SRC\SPARCRAFT\VISUALSTUDIO\RELEASE\PLAYER_RANDOM.SBR
E:\PROJECTS\FYP\BOTS_CODES\NUSBOT\SRC\SPARCRAFT\VISUALSTUDIO\RELEASE\PLAYER_UCT.SBR
E:\PROJECTS\FYP\BOTS_CODES\NUSBOT\SRC\SPARCRAFT\VISUALSTUDIO\RELEASE\PORTFOLIOGREEDYSEARCH.SBR
E:\PROJECTS\FYP\BOTS_CODES\NUSBOT\SRC\SPARCRAFT\VISUALSTUDIO\RELEASE\SPARCRAFT.SBR
E:\PROJECTS\FYP\BOTS_CODES\NUSBOT\SRC\SPARCRAFT\VISUALSTUDIO\RELEASE\TIMER.SBR
E:\PROJECTS\FYP\BOTS_CODES\NUSBOT\SRC\SPARCRAFT\VISUALSTUDIO\RELEASE\TRANSPOSITIONTABLE.SBR
E:\PROJECTS\FYP\BOTS_CODES\NUSBOT\SRC\SPARCRAFT\VISUALSTUDIO\RELEASE\UCTSEARCH.SBR
E:\PROJECTS\FYP\BOTS_CODES\NUSBOT\SRC\SPARCRAFT\VISUALSTUDIO\RELEASE\UNIT.SBR
E:\PROJECTS\FYP\BOTS_CODES\NUSBOT\SRC\SPARCRAFT\VISUALSTUDIO\RELEASE\UNITPROPERTIES.SBR
E:\PROJECTS\FYP\BOTS_CODES\NUSBOT\SRC\SPARCRAFT\VISUALSTUDIO\RELEASE\UNITSCRIPTDATA.SBR
E:\PROJECTS\FYP\BOTS_CODES\NUSBOT\SRC\SPARCRAFT\VISUALSTUDIO\RELEASE\WEAPONPROPERTIES.SBR
E:\PROJECTS\FYP\BOTS_CODES\NUSBOT\SRC\SPARCRAFT\VISUALSTUDIO\RELEASE\WEAPONPROPERTIES.OBJ
E:\PROJECTS\FYP\BOTS_CODES\NUSBOT\SRC\SPARCRAFT\VISUALSTUDIO\RELEASE\UNITSCRIPTDATA.OBJ
E:\PROJECTS\FYP\BOTS_CODES\NUSBOT\SRC\SPARCRAFT\VISUALSTUDIO\RELEASE\UNITPROPERTIES.OBJ
E:\PROJECTS\FYP\BOTS_CODES\NUSBOT\SRC\SPARCRAFT\VISUALSTUDIO\RELEASE\UNIT.OBJ
E:\PROJECTS\FYP\BOTS_CODES\NUSBOT\SRC\SPARCRAFT\VISUALSTUDIO\RELEASE\UCTSEARCH.OBJ
E:\PROJECTS\FYP\BOTS_CODES\NUSBOT\SRC\SPARCRAFT\VISUALSTUDIO\RELEASE\TRANSPOSITIONTABLE.OBJ
E:\PROJECTS\FYP\BOTS_CODES\NUSBOT\SRC\SPARCRAFT\VISUALSTUDIO\RELEASE\TIMER.OBJ
E:\PROJECTS\FYP\BOTS_CODES\NUSBOT\SRC\SPARCRAFT\VISUALSTUDIO\RELEASE\SPARCRAFT.OBJ
E:\PROJECTS\FYP\BOTS_CODES\NUSBOT\SRC\SPARCRAFT\VISUALSTUDIO\RELEASE\PORTFOLIOGREEDYSEARCH.OBJ
E:\PROJECTS\FYP\BOTS_CODES\NUSBOT\SRC\SPARCRAFT\VISUALSTUDIO\RELEASE\PLAYER_UCT.OBJ
E:\PROJECTS\FYP\BOTS_CODES\NUSBOT\SRC\SPARCRAFT\VISUALSTUDIO\RELEASE\PLAYER_RANDOM.OBJ
E:\PROJECTS\FYP\BOTS_CODES\NUSBOT\SRC\SPARCRAFT\VISUALSTUDIO\RELEASE\PLAYER_PORTFOLIOGREEDYSEARCH.OBJ
E:\PROJECTS\FYP\BOTS_CODES\NUSBOT\SRC\SPARCRAFT\VISUALSTUDIO\RELEASE\PLAYER_NOKDPS.OBJ
E:\PROJECTS\FYP\BOTS_CODES\NUSBOT\SRC\SPARCRAFT\VISUALSTUDIO\RELEASE\PLAYER_KITER_NOKDPS.OBJ
E:\PROJECTS\FYP\BOTS_CODES\NUSBOT\SRC\SPARCRAFT\VISUALSTUDIO\RELEASE\PLAYER_KITERDPS.OBJ
E:\PROJECTS\FYP\BOTS_CODES\NUSBOT\SRC\SPARCRAFT\VISUALSTUDIO\RELEASE\VC90.PDB
E:\PROJECTS\FYP\BOTS_CODES\NUSBOT\SRC\NUSBOT\VISUALSTUDIO\RELEASE\SPARCRAFT.LIB
H:\0000GZ\RnD 5000 Project nus-bot\Bot_SRC\NUS-Bot\NUS-Bot RND\nus-bot\trunk\NUSBot\src\SparCraft\VisualStudio\Release\AllPlayers.obj
H:\0000GZ\RnD 5000 Project nus-bot\Bot_SRC\NUS-Bot\NUS-Bot RND\nus-bot\trunk\NUSBot\src\SparCraft\VisualStudio\Release\AlphaBetaSearch.obj
H:\0000GZ\RnD 5000 Project nus-bot\Bot_SRC\NUS-Bot\NUS-Bot RND\nus-bot\trunk\NUSBot\src\SparCraft\VisualStudio\Release\AnimationFrameData.obj
H:\0000GZ\RnD 5000 Project nus-bot\Bot_SRC\NUS-Bot\NUS-Bot RND\nus-bot\trunk\NUSBot\src\SparCraft\VisualStudio\Release\Common.obj
H:\0000GZ\RnD 5000 Project nus-bot\Bot_SRC\NUS-Bot\NUS-Bot RND\nus-bot\trunk\NUSBot\src\SparCraft\VisualStudio\Release\Display.obj
H:\0000GZ\RnD 5000 Project nus-bot\Bot_SRC\NUS-Bot\NUS-Bot RND\nus-bot\trunk\NUSBot\src\SparCraft\VisualStudio\Release\EnumData.obj
H:\0000GZ\RnD 5000 Project nus-bot\Bot_SRC\NUS-Bot\NUS-Bot RND\nus-bot\trunk\NUSBot\src\SparCraft\VisualStudio\Release\Game.obj
H:\0000GZ\RnD 5000 Project nus-bot\Bot_SRC\NUS-Bot\NUS-Bot RND\nus-bot\trunk\NUSBot\src\SparCraft\VisualStudio\Release\GameState.obj
H:\0000GZ\RnD 5000 Project nus-bot\Bot_SRC\NUS-Bot\NUS-Bot RND\nus-bot\trunk\NUSBot\src\SparCraft\VisualStudio\Release\glfont.obj
H:\0000GZ\RnD 5000 Project nus-bot\Bot_SRC\NUS-Bot\NUS-Bot RND\nus-bot\trunk\NUSBot\src\SparCraft\VisualStudio\Release\Hash.obj
H:\0000GZ\RnD 5000 Project nus-bot\Bot_SRC\NUS-Bot\NUS-Bot RND\nus-bot\trunk\NUSBot\src\SparCraft\VisualStudio\Release\Logger.obj
H:\0000GZ\RnD 5000 Project nus-bot\Bot_SRC\NUS-Bot\NUS-Bot RND\nus-bot\trunk\NUSBot\src\SparCraft\VisualStudio\Release\MoveArray.obj
H:\0000GZ\RnD 5000 Project nus-bot\Bot_SRC\NUS-Bot\NUS-Bot RND\nus-bot\trunk\NUSBot\src\SparCraft\VisualStudio\Release\Player.obj
H:\0000GZ\RnD 5000 Project nus-bot\Bot_SRC\NUS-Bot\NUS-Bot RND\nus-bot\trunk\NUSBot\src\SparCraft\VisualStudio\Release\PlayerProperties.obj
H:\0000GZ\RnD 5000 Project nus-bot\Bot_SRC\NUS-Bot\NUS-Bot RND\nus-bot\trunk\NUSBot\src\SparCraft\VisualStudio\Release\Player_AlphaBeta.obj
H:\0000GZ\RnD 5000 Project nus-bot\Bot_SRC\NUS-Bot\NUS-Bot RND\nus-bot\trunk\NUSBot\src\SparCraft\VisualStudio\Release\Player_AttackClosest.obj
H:\0000GZ\RnD 5000 Project nus-bot\Bot_SRC\NUS-Bot\NUS-Bot RND\nus-bot\trunk\NUSBot\src\SparCraft\VisualStudio\Release\Player_AttackDPS.obj
H:\0000GZ\RnD 5000 Project nus-bot\Bot_SRC\NUS-Bot\NUS-Bot RND\nus-bot\trunk\NUSBot\src\SparCraft\VisualStudio\Release\Player_AttackWeakest.obj
H:\0000GZ\RnD 5000 Project nus-bot\Bot_SRC\NUS-Bot\NUS-Bot RND\nus-bot\trunk\NUSBot\src\SparCraft\VisualStudio\Release\Player_Cluster.obj
H:\0000GZ\RnD 5000 Project nus-bot\Bot_SRC\NUS-Bot\NUS-Bot RND\nus-bot\trunk\NUSBot\src\SparCraft\VisualStudio\Release\Player_Kiter.obj
H:\0000GZ\RnD 5000 Project nus-bot\Bot_SRC\NUS-Bot\NUS-Bot RND\nus-bot\trunk\NUSBot\src\SparCraft\VisualStudio\Release\Player_KiterDPS.obj
H:\0000GZ\RnD 5000 Project nus-bot\Bot_SRC\NUS-Bot\NUS-Bot RND\nus-bot\trunk\NUSBot\src\SparCraft\VisualStudio\Release\Player_Kiter_NOKDPS.obj
H:\0000GZ\RnD 5000 Project nus-bot\Bot_SRC\NUS-Bot\NUS-Bot RND\nus-bot\trunk\NUSBot\src\SparCraft\VisualStudio\Release\Player_NOKDPS.obj
H:\0000GZ\RnD 5000 Project nus-bot\Bot_SRC\NUS-Bot\NUS-Bot RND\nus-bot\trunk\NUSBot\src\SparCraft\VisualStudio\Release\Player_PortfolioGreedySearch.obj
H:\0000GZ\RnD 5000 Project nus-bot\Bot_SRC\NUS-Bot\NUS-Bot RND\nus-bot\trunk\NUSBot\src\SparCraft\VisualStudio\Release\Player_Random.obj
H:\0000GZ\RnD 5000 Project nus-bot\Bot_SRC\NUS-Bot\NUS-Bot RND\nus-bot\trunk\NUSBot\src\SparCraft\VisualStudio\Release\Player_UCT.obj
H:\0000GZ\RnD 5000 Project nus-bot\Bot_SRC\NUS-Bot\NUS-Bot RND\nus-bot\trunk\NUSBot\src\SparCraft\VisualStudio\Release\PortfolioGreedySearch.obj
H:\0000GZ\RnD 5000 Project nus-bot\Bot_SRC\NUS-Bot\NUS-Bot RND\nus-bot\trunk\NUSBot\src\SparCraft\VisualStudio\Release\SparCraft.obj
H:\0000GZ\RnD 5000 Project nus-bot\Bot_SRC\NUS-Bot\NUS-Bot RND\nus-bot\trunk\NUSBot\src\SparCraft\VisualStudio\Release\Timer.obj
H:\0000GZ\RnD 5000 Project nus-bot\Bot_SRC\NUS-Bot\NUS-Bot RND\nus-bot\trunk\NUSBot\src\SparCraft\VisualStudio\Release\TranspositionTable.obj
H:\0000GZ\RnD 5000 Project nus-bot\Bot_SRC\NUS-Bot\NUS-Bot RND\nus-bot\trunk\NUSBot\src\SparCraft\VisualStudio\Release\UCTSearch.obj
H:\0000GZ\RnD 5000 Project nus-bot\Bot_SRC\NUS-Bot\NUS-Bot RND\nus-bot\trunk\NUSBot\src\SparCraft\VisualStudio\Release\Unit.obj
H:\0000GZ\RnD 5000 Project nus-bot\Bot_SRC\NUS-Bot\NUS-Bot RND\nus-bot\trunk\NUSBot\src\SparCraft\VisualStudio\Release\UnitProperties.obj
H:\0000GZ\RnD 5000 Project nus-bot\Bot_SRC\NUS-Bot\NUS-Bot RND\nus-bot\trunk\NUSBot\src\SparCraft\VisualStudio\Release\UnitScriptData.obj
H:\0000GZ\RnD 5000 Project nus-bot\Bot_SRC\NUS-Bot\NUS-Bot RND\nus-bot\trunk\NUSBot\src\SparCraft\VisualStudio\Release\WeaponProperties.obj
H:\0000GZ\RnD 5000 Project nus-bot\Bot_SRC\NUS-Bot\NUS-Bot RND\nus-bot\trunk\NUSBot\src\SparCraft\VisualStudio\Release\BscMake.command.1.tlog
H:\0000GZ\RnD 5000 Project nus-bot\Bot_SRC\NUS-Bot\NUS-Bot RND\nus-bot\trunk\NUSBot\src\SparCraft\VisualStudio\Release\bscmake.read.1.tlog
H:\0000GZ\RnD 5000 Project nus-bot\Bot_SRC\NUS-Bot\NUS-Bot RND\nus-bot\trunk\NUSBot\src\SparCraft\VisualStudio\Release\BscMake.write.1.tlog
H:\0000GZ\RnD 5000 Project nus-bot\Bot_SRC\NUS-Bot\NUS-Bot RND\nus-bot\trunk\NUSBot\src\SparCraft\VisualStudio\Release\cl.command.1.tlog
H:\0000GZ\RnD 5000 Project nus-bot\Bot_SRC\NUS-Bot\NUS-Bot RND\nus-bot\trunk\NUSBot\src\SparCraft\VisualStudio\Release\CL.read.1.tlog
H:\0000GZ\RnD 5000 Project nus-bot\Bot_SRC\NUS-Bot\NUS-Bot RND\nus-bot\trunk\NUSBot\src\SparCraft\VisualStudio\Release\CL.write.1.tlog
H:\0000GZ\RnD 5000 Project nus-bot\Bot_SRC\NUS-Bot\NUS-Bot RND\nus-bot\trunk\NUSBot\src\SparCraft\VisualStudio\Release\Lib-link.read.1.tlog
H:\0000GZ\RnD 5000 Project nus-bot\Bot_SRC\NUS-Bot\NUS-Bot RND\nus-bot\trunk\NUSBot\src\SparCraft\VisualStudio\Release\Lib-link.write.1.tlog
H:\0000GZ\RnD 5000 Project nus-bot\Bot_SRC\NUS-Bot\NUS-Bot RND\nus-bot\trunk\NUSBot\src\SparCraft\VisualStudio\Release\lib.command.1.tlog
H:\0000GZ\RnD 5000 Project nus-bot\Bot_SRC\NUS-Bot\NUS-Bot RND\nus-bot\trunk\NUSBot\src\SparCraft\VisualStudio\Release\vc90.pdb
H:\0000GZ\RnD 5000 Project nus-bot\Bot_SRC\NUS-Bot\NUS-Bot RND\nus-bot\trunk\NUSBot\src\SparCraft\VisualStudio\Release\AllPlayers.sbr
H:\0000GZ\RnD 5000 Project nus-bot\Bot_SRC\NUS-Bot\NUS-Bot RND\nus-bot\trunk\NUSBot\src\SparCraft\VisualStudio\Release\AlphaBetaSearch.sbr
H:\0000GZ\RnD 5000 Project nus-bot\Bot_SRC\NUS-Bot\NUS-Bot RND\nus-bot\trunk\NUSBot\src\SparCraft\VisualStudio\Release\AnimationFrameData.sbr
H:\0000GZ\RnD 5000 Project nus-bot\Bot_SRC\NUS-Bot\NUS-Bot RND\nus-bot\trunk\NUSBot\src\SparCraft\VisualStudio\Release\Common.sbr
H:\0000GZ\RnD 5000 Project nus-bot\Bot_SRC\NUS-Bot\NUS-Bot RND\nus-bot\trunk\NUSBot\src\SparCraft\VisualStudio\Release\Display.sbr
H:\0000GZ\RnD 5000 Project nus-bot\Bot_SRC\NUS-Bot\NUS-Bot RND\nus-bot\trunk\NUSBot\src\SparCraft\VisualStudio\Release\EnumData.sbr
H:\0000GZ\RnD 5000 Project nus-bot\Bot_SRC\NUS-Bot\NUS-Bot RND\nus-bot\trunk\NUSBot\src\SparCraft\VisualStudio\Release\Game.sbr
H:\0000GZ\RnD 5000 Project nus-bot\Bot_SRC\NUS-Bot\NUS-Bot RND\nus-bot\trunk\NUSBot\src\SparCraft\VisualStudio\Release\GameState.sbr
H:\0000GZ\RnD 5000 Project nus-bot\Bot_SRC\NUS-Bot\NUS-Bot RND\nus-bot\trunk\NUSBot\src\SparCraft\VisualStudio\Release\glfont.sbr
H:\0000GZ\RnD 5000 Project nus-bot\Bot_SRC\NUS-Bot\NUS-Bot RND\nus-bot\trunk\NUSBot\src\SparCraft\VisualStudio\Release\Hash.sbr
H:\0000GZ\RnD 5000 Project nus-bot\Bot_SRC\NUS-Bot\NUS-Bot RND\nus-bot\trunk\NUSBot\src\SparCraft\VisualStudio\Release\Logger.sbr
H:\0000GZ\RnD 5000 Project nus-bot\Bot_SRC\NUS-Bot\NUS-Bot RND\nus-bot\trunk\NUSBot\src\SparCraft\VisualStudio\Release\MoveArray.sbr
H:\0000GZ\RnD 5000 Project nus-bot\Bot_SRC\NUS-Bot\NUS-Bot RND\nus-bot\trunk\NUSBot\src\SparCraft\VisualStudio\Release\Player.sbr
H:\0000GZ\RnD 5000 Project nus-bot\Bot_SRC\NUS-Bot\NUS-Bot RND\nus-bot\trunk\NUSBot\src\SparCraft\VisualStudio\Release\PlayerProperties.sbr
H:\0000GZ\RnD 5000 Project nus-bot\Bot_SRC\NUS-Bot\NUS-Bot RND\nus-bot\trunk\NUSBot\src\SparCraft\VisualStudio\Release\Player_AlphaBeta.sbr
H:\0000GZ\RnD 5000 Project nus-bot\Bot_SRC\NUS-Bot\NUS-Bot RND\nus-bot\trunk\NUSBot\src\SparCraft\VisualStudio\Release\Player_AttackClosest.sbr
H:\0000GZ\RnD 5000 Project nus-bot\Bot_SRC\NUS-Bot\NUS-Bot RND\nus-bot\trunk\NUSBot\src\SparCraft\VisualStudio\Release\Player_AttackDPS.sbr
H:\0000GZ\RnD 5000 Project nus-bot\Bot_SRC\NUS-Bot\NUS-Bot RND\nus-bot\trunk\NUSBot\src\SparCraft\VisualStudio\Release\Player_AttackWeakest.sbr
H:\0000GZ\RnD 5000 Project nus-bot\Bot_SRC\NUS-Bot\NUS-Bot RND\nus-bot\trunk\NUSBot\src\SparCraft\VisualStudio\Release\Player_Cluster.sbr
H:\0000GZ\RnD 5000 Project nus-bot\Bot_SRC\NUS-Bot\NUS-Bot RND\nus-bot\trunk\NUSBot\src\SparCraft\VisualStudio\Release\Player_Kiter.sbr
H:\0000GZ\RnD 5000 Project nus-bot\Bot_SRC\NUS-Bot\NUS-Bot RND\nus-bot\trunk\NUSBot\src\SparCraft\VisualStudio\Release\Player_KiterDPS.sbr
H:\0000GZ\RnD 5000 Project nus-bot\Bot_SRC\NUS-Bot\NUS-Bot RND\nus-bot\trunk\NUSBot\src\SparCraft\VisualStudio\Release\Player_Kiter_NOKDPS.sbr
H:\0000GZ\RnD 5000 Project nus-bot\Bot_SRC\NUS-Bot\NUS-Bot RND\nus-bot\trunk\NUSBot\src\SparCraft\VisualStudio\Release\Player_NOKDPS.sbr
H:\0000GZ\RnD 5000 Project nus-bot\Bot_SRC\NUS-Bot\NUS-Bot RND\nus-bot\trunk\NUSBot\src\SparCraft\VisualStudio\Release\Player_PortfolioGreedySearch.sbr
H:\0000GZ\RnD 5000 Project nus-bot\Bot_SRC\NUS-Bot\NUS-Bot RND\nus-bot\trunk\NUSBot\src\SparCraft\VisualStudio\Release\Player_Random.sbr
H:\0000GZ\RnD 5000 Project nus-bot\Bot_SRC\NUS-Bot\NUS-Bot RND\nus-bot\trunk\NUSBot\src\SparCraft\VisualStudio\Release\Player_UCT.sbr
H:\0000GZ\RnD 5000 Project nus-bot\Bot_SRC\NUS-Bot\NUS-Bot RND\nus-bot\trunk\NUSBot\src\SparCraft\VisualStudio\Release\PortfolioGreedySearch.sbr
H:\0000GZ\RnD 5000 Project nus-bot\Bot_SRC\NUS-Bot\NUS-Bot RND\nus-bot\trunk\NUSBot\src\SparCraft\VisualStudio\Release\SparCraft.sbr
H:\0000GZ\RnD 5000 Project nus-bot\Bot_SRC\NUS-Bot\NUS-Bot RND\nus-bot\trunk\NUSBot\src\SparCraft\VisualStudio\Release\Timer.sbr
H:\0000GZ\RnD 5000 Project nus-bot\Bot_SRC\NUS-Bot\NUS-Bot RND\nus-bot\trunk\NUSBot\src\SparCraft\VisualStudio\Release\TranspositionTable.sbr
H:\0000GZ\RnD 5000 Project nus-bot\Bot_SRC\NUS-Bot\NUS-Bot RND\nus-bot\trunk\NUSBot\src\SparCraft\VisualStudio\Release\UCTSearch.sbr
H:\0000GZ\RnD 5000 Project nus-bot\Bot_SRC\NUS-Bot\NUS-Bot RND\nus-bot\trunk\NUSBot\src\SparCraft\VisualStudio\Release\Unit.sbr
H:\0000GZ\RnD 5000 Project nus-bot\Bot_SRC\NUS-Bot\NUS-Bot RND\nus-bot\trunk\NUSBot\src\SparCraft\VisualStudio\Release\UnitProperties.sbr
H:\0000GZ\RnD 5000 Project nus-bot\Bot_SRC\NUS-Bot\NUS-Bot RND\nus-bot\trunk\NUSBot\src\SparCraft\VisualStudio\Release\UnitScriptData.sbr
H:\0000GZ\RnD 5000 Project nus-bot\Bot_SRC\NUS-Bot\NUS-Bot RND\nus-bot\trunk\NUSBot\src\SparCraft\VisualStudio\Release\WeaponProperties.sbr
H:\0000GZ\RnD 5000 Project nus-bot\Bot_SRC\NUS-Bot\NUS-Bot RND\nus-bot\trunk\NUSBot\src\NUSBot\VisualStudio\Release\SparCraft.lib
H:\0000GZ\RnD 5000 Project nus-bot\Bot_SRC\NUS-Bot\NUS-Bot RND\nus-bot\trunk\NUSBot\src\NUSBot\VisualStudio\Release\SparCraft.bsc
