H:\0000GZ\RND 5000 PROJECT NUS-BOT\BOT_SRC\NUS-BOT\NUS-BOT RND\NUS-BOT\TRUNK\UALBERTABOT\SRC\UALBERTABOT\VISUALSTUDIO\RELEASE\SPARCRAFT.BSC
H:\0000GZ\RND 5000 PROJECT NUS-BOT\BOT_SRC\NUS-BOT\NUS-BOT RND\NUS-BOT\TRUNK\UALBERTABOT\SRC\SPARCRAFT\VISUALSTUDIO\RELEASE\ALLPLAYERS.SBR
H:\0000GZ\RND 5000 PROJECT NUS-BOT\BOT_SRC\NUS-BOT\NUS-BOT RND\NUS-BOT\TRUNK\UALBERTABOT\SRC\SPARCRAFT\VISUALSTUDIO\RELEASE\ALPHABETASEARCH.SBR
H:\0000GZ\RND 5000 PROJECT NUS-BOT\BOT_SRC\NUS-BOT\NUS-BOT RND\NUS-BOT\TRUNK\UALBERTABOT\SRC\SPARCRAFT\VISUALSTUDIO\RELEASE\ANIMATIONFRAMEDATA.SBR
H:\0000GZ\RND 5000 PROJECT NUS-BOT\BOT_SRC\NUS-BOT\NUS-BOT RND\NUS-BOT\TRUNK\UALBERTABOT\SRC\SPARCRAFT\VISUALSTUDIO\RELEASE\COMMON.SBR
H:\0000GZ\RND 5000 PROJECT NUS-BOT\BOT_SRC\NUS-BOT\NUS-BOT RND\NUS-BOT\TRUNK\UALBERTABOT\SRC\SPARCRAFT\VISUALSTUDIO\RELEASE\DISPLAY.SBR
H:\0000GZ\RND 5000 PROJECT NUS-BOT\BOT_SRC\NUS-BOT\NUS-BOT RND\NUS-BOT\TRUNK\UALBERTABOT\SRC\SPARCRAFT\VISUALSTUDIO\RELEASE\ENUMDATA.SBR
H:\0000GZ\RND 5000 PROJECT NUS-BOT\BOT_SRC\NUS-BOT\NUS-BOT RND\NUS-BOT\TRUNK\UALBERTABOT\SRC\SPARCRAFT\VISUALSTUDIO\RELEASE\GAME.SBR
H:\0000GZ\RND 5000 PROJECT NUS-BOT\BOT_SRC\NUS-BOT\NUS-BOT RND\NUS-BOT\TRUNK\UALBERTABOT\SRC\SPARCRAFT\VISUALSTUDIO\RELEASE\GAMESTATE.SBR
H:\0000GZ\RND 5000 PROJECT NUS-BOT\BOT_SRC\NUS-BOT\NUS-BOT RND\NUS-BOT\TRUNK\UALBERTABOT\SRC\SPARCRAFT\VISUALSTUDIO\RELEASE\GLFONT.SBR
H:\0000GZ\RND 5000 PROJECT NUS-BOT\BOT_SRC\NUS-BOT\NUS-BOT RND\NUS-BOT\TRUNK\UALBERTABOT\SRC\SPARCRAFT\VISUALSTUDIO\RELEASE\HASH.SBR
H:\0000GZ\RND 5000 PROJECT NUS-BOT\BOT_SRC\NUS-BOT\NUS-BOT RND\NUS-BOT\TRUNK\UALBERTABOT\SRC\SPARCRAFT\VISUALSTUDIO\RELEASE\LOGGER.SBR
H:\0000GZ\RND 5000 PROJECT NUS-BOT\BOT_SRC\NUS-BOT\NUS-BOT RND\NUS-BOT\TRUNK\UALBERTABOT\SRC\SPARCRAFT\VISUALSTUDIO\RELEASE\MOVEARRAY.SBR
H:\0000GZ\RND 5000 PROJECT NUS-BOT\BOT_SRC\NUS-BOT\NUS-BOT RND\NUS-BOT\TRUNK\UALBERTABOT\SRC\SPARCRAFT\VISUALSTUDIO\RELEASE\PLAYER.SBR
H:\0000GZ\RND 5000 PROJECT NUS-BOT\BOT_SRC\NUS-BOT\NUS-BOT RND\NUS-BOT\TRUNK\UALBERTABOT\SRC\SPARCRAFT\VISUALSTUDIO\RELEASE\PLAYERPROPERTIES.SBR
H:\0000GZ\RND 5000 PROJECT NUS-BOT\BOT_SRC\NUS-BOT\NUS-BOT RND\NUS-BOT\TRUNK\UALBERTABOT\SRC\SPARCRAFT\VISUALSTUDIO\RELEASE\PLAYER_ALPHABETA.SBR
H:\0000GZ\RND 5000 PROJECT NUS-BOT\BOT_SRC\NUS-BOT\NUS-BOT RND\NUS-BOT\TRUNK\UALBERTABOT\SRC\SPARCRAFT\VISUALSTUDIO\RELEASE\PLAYER_ATTACKCLOSEST.SBR
H:\0000GZ\RND 5000 PROJECT NUS-BOT\BOT_SRC\NUS-BOT\NUS-BOT RND\NUS-BOT\TRUNK\UALBERTABOT\SRC\SPARCRAFT\VISUALSTUDIO\RELEASE\PLAYER_ATTACKDPS.SBR
H:\0000GZ\RND 5000 PROJECT NUS-BOT\BOT_SRC\NUS-BOT\NUS-BOT RND\NUS-BOT\TRUNK\UALBERTABOT\SRC\SPARCRAFT\VISUALSTUDIO\RELEASE\PLAYER_ATTACKWEAKEST.SBR
H:\0000GZ\RND 5000 PROJECT NUS-BOT\BOT_SRC\NUS-BOT\NUS-BOT RND\NUS-BOT\TRUNK\UALBERTABOT\SRC\SPARCRAFT\VISUALSTUDIO\RELEASE\PLAYER_CLUSTER.SBR
H:\0000GZ\RND 5000 PROJECT NUS-BOT\BOT_SRC\NUS-BOT\NUS-BOT RND\NUS-BOT\TRUNK\UALBERTABOT\SRC\SPARCRAFT\VISUALSTUDIO\RELEASE\PLAYER_KITER.SBR
H:\0000GZ\RND 5000 PROJECT NUS-BOT\BOT_SRC\NUS-BOT\NUS-BOT RND\NUS-BOT\TRUNK\UALBERTABOT\SRC\SPARCRAFT\VISUALSTUDIO\RELEASE\PLAYER_KITER.OBJ
H:\0000GZ\RND 5000 PROJECT NUS-BOT\BOT_SRC\NUS-BOT\NUS-BOT RND\NUS-BOT\TRUNK\UALBERTABOT\SRC\SPARCRAFT\VISUALSTUDIO\RELEASE\PLAYER_CLUSTER.OBJ
H:\0000GZ\RND 5000 PROJECT NUS-BOT\BOT_SRC\NUS-BOT\NUS-BOT RND\NUS-BOT\TRUNK\UALBERTABOT\SRC\SPARCRAFT\VISUALSTUDIO\RELEASE\PLAYER_ATTACKWEAKEST.OBJ
H:\0000GZ\RND 5000 PROJECT NUS-BOT\BOT_SRC\NUS-BOT\NUS-BOT RND\NUS-BOT\TRUNK\UALBERTABOT\SRC\SPARCRAFT\VISUALSTUDIO\RELEASE\PLAYER_ATTACKDPS.OBJ
H:\0000GZ\RND 5000 PROJECT NUS-BOT\BOT_SRC\NUS-BOT\NUS-BOT RND\NUS-BOT\TRUNK\UALBERTABOT\SRC\SPARCRAFT\VISUALSTUDIO\RELEASE\PLAYER_ATTACKCLOSEST.OBJ
H:\0000GZ\RND 5000 PROJECT NUS-BOT\BOT_SRC\NUS-BOT\NUS-BOT RND\NUS-BOT\TRUNK\UALBERTABOT\SRC\SPARCRAFT\VISUALSTUDIO\RELEASE\PLAYER_ALPHABETA.OBJ
H:\0000GZ\RND 5000 PROJECT NUS-BOT\BOT_SRC\NUS-BOT\NUS-BOT RND\NUS-BOT\TRUNK\UALBERTABOT\SRC\SPARCRAFT\VISUALSTUDIO\RELEASE\PLAYERPROPERTIES.OBJ
H:\0000GZ\RND 5000 PROJECT NUS-BOT\BOT_SRC\NUS-BOT\NUS-BOT RND\NUS-BOT\TRUNK\UALBERTABOT\SRC\SPARCRAFT\VISUALSTUDIO\RELEASE\PLAYER.OBJ
H:\0000GZ\RND 5000 PROJECT NUS-BOT\BOT_SRC\NUS-BOT\NUS-BOT RND\NUS-BOT\TRUNK\UALBERTABOT\SRC\SPARCRAFT\VISUALSTUDIO\RELEASE\MOVEARRAY.OBJ
H:\0000GZ\RND 5000 PROJECT NUS-BOT\BOT_SRC\NUS-BOT\NUS-BOT RND\NUS-BOT\TRUNK\UALBERTABOT\SRC\SPARCRAFT\VISUALSTUDIO\RELEASE\LOGGER.OBJ
H:\0000GZ\RND 5000 PROJECT NUS-BOT\BOT_SRC\NUS-BOT\NUS-BOT RND\NUS-BOT\TRUNK\UALBERTABOT\SRC\SPARCRAFT\VISUALSTUDIO\RELEASE\HASH.OBJ
H:\0000GZ\RND 5000 PROJECT NUS-BOT\BOT_SRC\NUS-BOT\NUS-BOT RND\NUS-BOT\TRUNK\UALBERTABOT\SRC\SPARCRAFT\VISUALSTUDIO\RELEASE\GLFONT.OBJ
H:\0000GZ\RND 5000 PROJECT NUS-BOT\BOT_SRC\NUS-BOT\NUS-BOT RND\NUS-BOT\TRUNK\UALBERTABOT\SRC\SPARCRAFT\VISUALSTUDIO\RELEASE\GAMESTATE.OBJ
H:\0000GZ\RND 5000 PROJECT NUS-BOT\BOT_SRC\NUS-BOT\NUS-BOT RND\NUS-BOT\TRUNK\UALBERTABOT\SRC\SPARCRAFT\VISUALSTUDIO\RELEASE\GAME.OBJ
H:\0000GZ\RND 5000 PROJECT NUS-BOT\BOT_SRC\NUS-BOT\NUS-BOT RND\NUS-BOT\TRUNK\UALBERTABOT\SRC\SPARCRAFT\VISUALSTUDIO\RELEASE\ENUMDATA.OBJ
H:\0000GZ\RND 5000 PROJECT NUS-BOT\BOT_SRC\NUS-BOT\NUS-BOT RND\NUS-BOT\TRUNK\UALBERTABOT\SRC\SPARCRAFT\VISUALSTUDIO\RELEASE\DISPLAY.OBJ
H:\0000GZ\RND 5000 PROJECT NUS-BOT\BOT_SRC\NUS-BOT\NUS-BOT RND\NUS-BOT\TRUNK\UALBERTABOT\SRC\SPARCRAFT\VISUALSTUDIO\RELEASE\COMMON.OBJ
H:\0000GZ\RND 5000 PROJECT NUS-BOT\BOT_SRC\NUS-BOT\NUS-BOT RND\NUS-BOT\TRUNK\UALBERTABOT\SRC\SPARCRAFT\VISUALSTUDIO\RELEASE\ANIMATIONFRAMEDATA.OBJ
H:\0000GZ\RND 5000 PROJECT NUS-BOT\BOT_SRC\NUS-BOT\NUS-BOT RND\NUS-BOT\TRUNK\UALBERTABOT\SRC\SPARCRAFT\VISUALSTUDIO\RELEASE\ALPHABETASEARCH.OBJ
H:\0000GZ\RND 5000 PROJECT NUS-BOT\BOT_SRC\NUS-BOT\NUS-BOT RND\NUS-BOT\TRUNK\UALBERTABOT\SRC\SPARCRAFT\VISUALSTUDIO\RELEASE\ALLPLAYERS.OBJ
H:\0000GZ\RND 5000 PROJECT NUS-BOT\BOT_SRC\NUS-BOT\NUS-BOT RND\NUS-BOT\TRUNK\UALBERTABOT\SRC\SPARCRAFT\VISUALSTUDIO\RELEASE\PLAYER_KITERDPS.SBR
H:\0000GZ\RND 5000 PROJECT NUS-BOT\BOT_SRC\NUS-BOT\NUS-BOT RND\NUS-BOT\TRUNK\UALBERTABOT\SRC\SPARCRAFT\VISUALSTUDIO\RELEASE\PLAYER_KITER_NOKDPS.SBR
H:\0000GZ\RND 5000 PROJECT NUS-BOT\BOT_SRC\NUS-BOT\NUS-BOT RND\NUS-BOT\TRUNK\UALBERTABOT\SRC\SPARCRAFT\VISUALSTUDIO\RELEASE\PLAYER_NOKDPS.SBR
H:\0000GZ\RND 5000 PROJECT NUS-BOT\BOT_SRC\NUS-BOT\NUS-BOT RND\NUS-BOT\TRUNK\UALBERTABOT\SRC\SPARCRAFT\VISUALSTUDIO\RELEASE\PLAYER_PORTFOLIOGREEDYSEARCH.SBR
H:\0000GZ\RND 5000 PROJECT NUS-BOT\BOT_SRC\NUS-BOT\NUS-BOT RND\NUS-BOT\TRUNK\UALBERTABOT\SRC\SPARCRAFT\VISUALSTUDIO\RELEASE\PLAYER_RANDOM.SBR
H:\0000GZ\RND 5000 PROJECT NUS-BOT\BOT_SRC\NUS-BOT\NUS-BOT RND\NUS-BOT\TRUNK\UALBERTABOT\SRC\SPARCRAFT\VISUALSTUDIO\RELEASE\PLAYER_UCT.SBR
H:\0000GZ\RND 5000 PROJECT NUS-BOT\BOT_SRC\NUS-BOT\NUS-BOT RND\NUS-BOT\TRUNK\UALBERTABOT\SRC\SPARCRAFT\VISUALSTUDIO\RELEASE\PORTFOLIOGREEDYSEARCH.SBR
H:\0000GZ\RND 5000 PROJECT NUS-BOT\BOT_SRC\NUS-BOT\NUS-BOT RND\NUS-BOT\TRUNK\UALBERTABOT\SRC\SPARCRAFT\VISUALSTUDIO\RELEASE\SPARCRAFT.SBR
H:\0000GZ\RND 5000 PROJECT NUS-BOT\BOT_SRC\NUS-BOT\NUS-BOT RND\NUS-BOT\TRUNK\UALBERTABOT\SRC\SPARCRAFT\VISUALSTUDIO\RELEASE\TIMER.SBR
H:\0000GZ\RND 5000 PROJECT NUS-BOT\BOT_SRC\NUS-BOT\NUS-BOT RND\NUS-BOT\TRUNK\UALBERTABOT\SRC\SPARCRAFT\VISUALSTUDIO\RELEASE\TRANSPOSITIONTABLE.SBR
H:\0000GZ\RND 5000 PROJECT NUS-BOT\BOT_SRC\NUS-BOT\NUS-BOT RND\NUS-BOT\TRUNK\UALBERTABOT\SRC\SPARCRAFT\VISUALSTUDIO\RELEASE\UCTSEARCH.SBR
H:\0000GZ\RND 5000 PROJECT NUS-BOT\BOT_SRC\NUS-BOT\NUS-BOT RND\NUS-BOT\TRUNK\UALBERTABOT\SRC\SPARCRAFT\VISUALSTUDIO\RELEASE\UNIT.SBR
H:\0000GZ\RND 5000 PROJECT NUS-BOT\BOT_SRC\NUS-BOT\NUS-BOT RND\NUS-BOT\TRUNK\UALBERTABOT\SRC\SPARCRAFT\VISUALSTUDIO\RELEASE\UNITPROPERTIES.SBR
H:\0000GZ\RND 5000 PROJECT NUS-BOT\BOT_SRC\NUS-BOT\NUS-BOT RND\NUS-BOT\TRUNK\UALBERTABOT\SRC\SPARCRAFT\VISUALSTUDIO\RELEASE\UNITSCRIPTDATA.SBR
H:\0000GZ\RND 5000 PROJECT NUS-BOT\BOT_SRC\NUS-BOT\NUS-BOT RND\NUS-BOT\TRUNK\UALBERTABOT\SRC\SPARCRAFT\VISUALSTUDIO\RELEASE\WEAPONPROPERTIES.SBR
H:\0000GZ\RND 5000 PROJECT NUS-BOT\BOT_SRC\NUS-BOT\NUS-BOT RND\NUS-BOT\TRUNK\UALBERTABOT\SRC\SPARCRAFT\VISUALSTUDIO\RELEASE\WEAPONPROPERTIES.OBJ
H:\0000GZ\RND 5000 PROJECT NUS-BOT\BOT_SRC\NUS-BOT\NUS-BOT RND\NUS-BOT\TRUNK\UALBERTABOT\SRC\SPARCRAFT\VISUALSTUDIO\RELEASE\UNITSCRIPTDATA.OBJ
H:\0000GZ\RND 5000 PROJECT NUS-BOT\BOT_SRC\NUS-BOT\NUS-BOT RND\NUS-BOT\TRUNK\UALBERTABOT\SRC\SPARCRAFT\VISUALSTUDIO\RELEASE\UNITPROPERTIES.OBJ
H:\0000GZ\RND 5000 PROJECT NUS-BOT\BOT_SRC\NUS-BOT\NUS-BOT RND\NUS-BOT\TRUNK\UALBERTABOT\SRC\SPARCRAFT\VISUALSTUDIO\RELEASE\UNIT.OBJ
H:\0000GZ\RND 5000 PROJECT NUS-BOT\BOT_SRC\NUS-BOT\NUS-BOT RND\NUS-BOT\TRUNK\UALBERTABOT\SRC\SPARCRAFT\VISUALSTUDIO\RELEASE\UCTSEARCH.OBJ
H:\0000GZ\RND 5000 PROJECT NUS-BOT\BOT_SRC\NUS-BOT\NUS-BOT RND\NUS-BOT\TRUNK\UALBERTABOT\SRC\SPARCRAFT\VISUALSTUDIO\RELEASE\TRANSPOSITIONTABLE.OBJ
H:\0000GZ\RND 5000 PROJECT NUS-BOT\BOT_SRC\NUS-BOT\NUS-BOT RND\NUS-BOT\TRUNK\UALBERTABOT\SRC\SPARCRAFT\VISUALSTUDIO\RELEASE\TIMER.OBJ
H:\0000GZ\RND 5000 PROJECT NUS-BOT\BOT_SRC\NUS-BOT\NUS-BOT RND\NUS-BOT\TRUNK\UALBERTABOT\SRC\SPARCRAFT\VISUALSTUDIO\RELEASE\SPARCRAFT.OBJ
H:\0000GZ\RND 5000 PROJECT NUS-BOT\BOT_SRC\NUS-BOT\NUS-BOT RND\NUS-BOT\TRUNK\UALBERTABOT\SRC\SPARCRAFT\VISUALSTUDIO\RELEASE\PORTFOLIOGREEDYSEARCH.OBJ
H:\0000GZ\RND 5000 PROJECT NUS-BOT\BOT_SRC\NUS-BOT\NUS-BOT RND\NUS-BOT\TRUNK\UALBERTABOT\SRC\SPARCRAFT\VISUALSTUDIO\RELEASE\PLAYER_UCT.OBJ
H:\0000GZ\RND 5000 PROJECT NUS-BOT\BOT_SRC\NUS-BOT\NUS-BOT RND\NUS-BOT\TRUNK\UALBERTABOT\SRC\SPARCRAFT\VISUALSTUDIO\RELEASE\PLAYER_RANDOM.OBJ
H:\0000GZ\RND 5000 PROJECT NUS-BOT\BOT_SRC\NUS-BOT\NUS-BOT RND\NUS-BOT\TRUNK\UALBERTABOT\SRC\SPARCRAFT\VISUALSTUDIO\RELEASE\PLAYER_PORTFOLIOGREEDYSEARCH.OBJ
H:\0000GZ\RND 5000 PROJECT NUS-BOT\BOT_SRC\NUS-BOT\NUS-BOT RND\NUS-BOT\TRUNK\UALBERTABOT\SRC\SPARCRAFT\VISUALSTUDIO\RELEASE\PLAYER_NOKDPS.OBJ
H:\0000GZ\RND 5000 PROJECT NUS-BOT\BOT_SRC\NUS-BOT\NUS-BOT RND\NUS-BOT\TRUNK\UALBERTABOT\SRC\SPARCRAFT\VISUALSTUDIO\RELEASE\PLAYER_KITER_NOKDPS.OBJ
H:\0000GZ\RND 5000 PROJECT NUS-BOT\BOT_SRC\NUS-BOT\NUS-BOT RND\NUS-BOT\TRUNK\UALBERTABOT\SRC\SPARCRAFT\VISUALSTUDIO\RELEASE\PLAYER_KITERDPS.OBJ
H:\0000GZ\RND 5000 PROJECT NUS-BOT\BOT_SRC\NUS-BOT\NUS-BOT RND\NUS-BOT\TRUNK\UALBERTABOT\SRC\SPARCRAFT\VISUALSTUDIO\RELEASE\VC90.PDB
H:\0000GZ\RND 5000 PROJECT NUS-BOT\BOT_SRC\NUS-BOT\NUS-BOT RND\NUS-BOT\TRUNK\UALBERTABOT\SRC\UALBERTABOT\VISUALSTUDIO\RELEASE\SPARCRAFT.LIB
H:\0000GZ\RnD 5000 Project nus-bot\Bot_SRC\NUS-Bot\NUS-Bot RND\nus-bot\trunk\UAlbertaBot\src\SparCraft\VisualStudio\Release\AllPlayers.obj
H:\0000GZ\RnD 5000 Project nus-bot\Bot_SRC\NUS-Bot\NUS-Bot RND\nus-bot\trunk\UAlbertaBot\src\SparCraft\VisualStudio\Release\AlphaBetaSearch.obj
H:\0000GZ\RnD 5000 Project nus-bot\Bot_SRC\NUS-Bot\NUS-Bot RND\nus-bot\trunk\UAlbertaBot\src\SparCraft\VisualStudio\Release\AnimationFrameData.obj
H:\0000GZ\RnD 5000 Project nus-bot\Bot_SRC\NUS-Bot\NUS-Bot RND\nus-bot\trunk\UAlbertaBot\src\SparCraft\VisualStudio\Release\Common.obj
H:\0000GZ\RnD 5000 Project nus-bot\Bot_SRC\NUS-Bot\NUS-Bot RND\nus-bot\trunk\UAlbertaBot\src\SparCraft\VisualStudio\Release\Display.obj
H:\0000GZ\RnD 5000 Project nus-bot\Bot_SRC\NUS-Bot\NUS-Bot RND\nus-bot\trunk\UAlbertaBot\src\SparCraft\VisualStudio\Release\EnumData.obj
H:\0000GZ\RnD 5000 Project nus-bot\Bot_SRC\NUS-Bot\NUS-Bot RND\nus-bot\trunk\UAlbertaBot\src\SparCraft\VisualStudio\Release\Game.obj
H:\0000GZ\RnD 5000 Project nus-bot\Bot_SRC\NUS-Bot\NUS-Bot RND\nus-bot\trunk\UAlbertaBot\src\SparCraft\VisualStudio\Release\GameState.obj
H:\0000GZ\RnD 5000 Project nus-bot\Bot_SRC\NUS-Bot\NUS-Bot RND\nus-bot\trunk\UAlbertaBot\src\SparCraft\VisualStudio\Release\glfont.obj
H:\0000GZ\RnD 5000 Project nus-bot\Bot_SRC\NUS-Bot\NUS-Bot RND\nus-bot\trunk\UAlbertaBot\src\SparCraft\VisualStudio\Release\Hash.obj
H:\0000GZ\RnD 5000 Project nus-bot\Bot_SRC\NUS-Bot\NUS-Bot RND\nus-bot\trunk\UAlbertaBot\src\SparCraft\VisualStudio\Release\Logger.obj
H:\0000GZ\RnD 5000 Project nus-bot\Bot_SRC\NUS-Bot\NUS-Bot RND\nus-bot\trunk\UAlbertaBot\src\SparCraft\VisualStudio\Release\MoveArray.obj
H:\0000GZ\RnD 5000 Project nus-bot\Bot_SRC\NUS-Bot\NUS-Bot RND\nus-bot\trunk\UAlbertaBot\src\SparCraft\VisualStudio\Release\Player.obj
H:\0000GZ\RnD 5000 Project nus-bot\Bot_SRC\NUS-Bot\NUS-Bot RND\nus-bot\trunk\UAlbertaBot\src\SparCraft\VisualStudio\Release\PlayerProperties.obj
H:\0000GZ\RnD 5000 Project nus-bot\Bot_SRC\NUS-Bot\NUS-Bot RND\nus-bot\trunk\UAlbertaBot\src\SparCraft\VisualStudio\Release\Player_AlphaBeta.obj
H:\0000GZ\RnD 5000 Project nus-bot\Bot_SRC\NUS-Bot\NUS-Bot RND\nus-bot\trunk\UAlbertaBot\src\SparCraft\VisualStudio\Release\Player_AttackClosest.obj
H:\0000GZ\RnD 5000 Project nus-bot\Bot_SRC\NUS-Bot\NUS-Bot RND\nus-bot\trunk\UAlbertaBot\src\SparCraft\VisualStudio\Release\Player_AttackDPS.obj
H:\0000GZ\RnD 5000 Project nus-bot\Bot_SRC\NUS-Bot\NUS-Bot RND\nus-bot\trunk\UAlbertaBot\src\SparCraft\VisualStudio\Release\Player_AttackWeakest.obj
H:\0000GZ\RnD 5000 Project nus-bot\Bot_SRC\NUS-Bot\NUS-Bot RND\nus-bot\trunk\UAlbertaBot\src\SparCraft\VisualStudio\Release\Player_Cluster.obj
H:\0000GZ\RnD 5000 Project nus-bot\Bot_SRC\NUS-Bot\NUS-Bot RND\nus-bot\trunk\UAlbertaBot\src\SparCraft\VisualStudio\Release\Player_Kiter.obj
H:\0000GZ\RnD 5000 Project nus-bot\Bot_SRC\NUS-Bot\NUS-Bot RND\nus-bot\trunk\UAlbertaBot\src\SparCraft\VisualStudio\Release\Player_KiterDPS.obj
H:\0000GZ\RnD 5000 Project nus-bot\Bot_SRC\NUS-Bot\NUS-Bot RND\nus-bot\trunk\UAlbertaBot\src\SparCraft\VisualStudio\Release\Player_Kiter_NOKDPS.obj
H:\0000GZ\RnD 5000 Project nus-bot\Bot_SRC\NUS-Bot\NUS-Bot RND\nus-bot\trunk\UAlbertaBot\src\SparCraft\VisualStudio\Release\Player_NOKDPS.obj
H:\0000GZ\RnD 5000 Project nus-bot\Bot_SRC\NUS-Bot\NUS-Bot RND\nus-bot\trunk\UAlbertaBot\src\SparCraft\VisualStudio\Release\Player_PortfolioGreedySearch.obj
H:\0000GZ\RnD 5000 Project nus-bot\Bot_SRC\NUS-Bot\NUS-Bot RND\nus-bot\trunk\UAlbertaBot\src\SparCraft\VisualStudio\Release\Player_Random.obj
H:\0000GZ\RnD 5000 Project nus-bot\Bot_SRC\NUS-Bot\NUS-Bot RND\nus-bot\trunk\UAlbertaBot\src\SparCraft\VisualStudio\Release\Player_UCT.obj
H:\0000GZ\RnD 5000 Project nus-bot\Bot_SRC\NUS-Bot\NUS-Bot RND\nus-bot\trunk\UAlbertaBot\src\SparCraft\VisualStudio\Release\PortfolioGreedySearch.obj
H:\0000GZ\RnD 5000 Project nus-bot\Bot_SRC\NUS-Bot\NUS-Bot RND\nus-bot\trunk\UAlbertaBot\src\SparCraft\VisualStudio\Release\SparCraft.obj
H:\0000GZ\RnD 5000 Project nus-bot\Bot_SRC\NUS-Bot\NUS-Bot RND\nus-bot\trunk\UAlbertaBot\src\SparCraft\VisualStudio\Release\Timer.obj
H:\0000GZ\RnD 5000 Project nus-bot\Bot_SRC\NUS-Bot\NUS-Bot RND\nus-bot\trunk\UAlbertaBot\src\SparCraft\VisualStudio\Release\TranspositionTable.obj
H:\0000GZ\RnD 5000 Project nus-bot\Bot_SRC\NUS-Bot\NUS-Bot RND\nus-bot\trunk\UAlbertaBot\src\SparCraft\VisualStudio\Release\UCTSearch.obj
H:\0000GZ\RnD 5000 Project nus-bot\Bot_SRC\NUS-Bot\NUS-Bot RND\nus-bot\trunk\UAlbertaBot\src\SparCraft\VisualStudio\Release\Unit.obj
H:\0000GZ\RnD 5000 Project nus-bot\Bot_SRC\NUS-Bot\NUS-Bot RND\nus-bot\trunk\UAlbertaBot\src\SparCraft\VisualStudio\Release\UnitProperties.obj
H:\0000GZ\RnD 5000 Project nus-bot\Bot_SRC\NUS-Bot\NUS-Bot RND\nus-bot\trunk\UAlbertaBot\src\SparCraft\VisualStudio\Release\UnitScriptData.obj
H:\0000GZ\RnD 5000 Project nus-bot\Bot_SRC\NUS-Bot\NUS-Bot RND\nus-bot\trunk\UAlbertaBot\src\SparCraft\VisualStudio\Release\WeaponProperties.obj
H:\0000GZ\RnD 5000 Project nus-bot\Bot_SRC\NUS-Bot\NUS-Bot RND\nus-bot\trunk\UAlbertaBot\src\SparCraft\VisualStudio\Release\BscMake.command.1.tlog
H:\0000GZ\RnD 5000 Project nus-bot\Bot_SRC\NUS-Bot\NUS-Bot RND\nus-bot\trunk\UAlbertaBot\src\SparCraft\VisualStudio\Release\bscmake.read.1.tlog
H:\0000GZ\RnD 5000 Project nus-bot\Bot_SRC\NUS-Bot\NUS-Bot RND\nus-bot\trunk\UAlbertaBot\src\SparCraft\VisualStudio\Release\BscMake.write.1.tlog
H:\0000GZ\RnD 5000 Project nus-bot\Bot_SRC\NUS-Bot\NUS-Bot RND\nus-bot\trunk\UAlbertaBot\src\SparCraft\VisualStudio\Release\cl.command.1.tlog
H:\0000GZ\RnD 5000 Project nus-bot\Bot_SRC\NUS-Bot\NUS-Bot RND\nus-bot\trunk\UAlbertaBot\src\SparCraft\VisualStudio\Release\CL.read.1.tlog
H:\0000GZ\RnD 5000 Project nus-bot\Bot_SRC\NUS-Bot\NUS-Bot RND\nus-bot\trunk\UAlbertaBot\src\SparCraft\VisualStudio\Release\CL.write.1.tlog
H:\0000GZ\RnD 5000 Project nus-bot\Bot_SRC\NUS-Bot\NUS-Bot RND\nus-bot\trunk\UAlbertaBot\src\SparCraft\VisualStudio\Release\Lib-link.read.1.tlog
H:\0000GZ\RnD 5000 Project nus-bot\Bot_SRC\NUS-Bot\NUS-Bot RND\nus-bot\trunk\UAlbertaBot\src\SparCraft\VisualStudio\Release\Lib-link.write.1.tlog
H:\0000GZ\RnD 5000 Project nus-bot\Bot_SRC\NUS-Bot\NUS-Bot RND\nus-bot\trunk\UAlbertaBot\src\SparCraft\VisualStudio\Release\lib.command.1.tlog
H:\0000GZ\RnD 5000 Project nus-bot\Bot_SRC\NUS-Bot\NUS-Bot RND\nus-bot\trunk\UAlbertaBot\src\SparCraft\VisualStudio\Release\Lib.read.1.tlog
H:\0000GZ\RnD 5000 Project nus-bot\Bot_SRC\NUS-Bot\NUS-Bot RND\nus-bot\trunk\UAlbertaBot\src\SparCraft\VisualStudio\Release\vc90.pdb
H:\0000GZ\RnD 5000 Project nus-bot\Bot_SRC\NUS-Bot\NUS-Bot RND\nus-bot\trunk\UAlbertaBot\src\SparCraft\VisualStudio\Release\AllPlayers.sbr
H:\0000GZ\RnD 5000 Project nus-bot\Bot_SRC\NUS-Bot\NUS-Bot RND\nus-bot\trunk\UAlbertaBot\src\SparCraft\VisualStudio\Release\AlphaBetaSearch.sbr
H:\0000GZ\RnD 5000 Project nus-bot\Bot_SRC\NUS-Bot\NUS-Bot RND\nus-bot\trunk\UAlbertaBot\src\SparCraft\VisualStudio\Release\AnimationFrameData.sbr
H:\0000GZ\RnD 5000 Project nus-bot\Bot_SRC\NUS-Bot\NUS-Bot RND\nus-bot\trunk\UAlbertaBot\src\SparCraft\VisualStudio\Release\Common.sbr
H:\0000GZ\RnD 5000 Project nus-bot\Bot_SRC\NUS-Bot\NUS-Bot RND\nus-bot\trunk\UAlbertaBot\src\SparCraft\VisualStudio\Release\Display.sbr
H:\0000GZ\RnD 5000 Project nus-bot\Bot_SRC\NUS-Bot\NUS-Bot RND\nus-bot\trunk\UAlbertaBot\src\SparCraft\VisualStudio\Release\EnumData.sbr
H:\0000GZ\RnD 5000 Project nus-bot\Bot_SRC\NUS-Bot\NUS-Bot RND\nus-bot\trunk\UAlbertaBot\src\SparCraft\VisualStudio\Release\Game.sbr
H:\0000GZ\RnD 5000 Project nus-bot\Bot_SRC\NUS-Bot\NUS-Bot RND\nus-bot\trunk\UAlbertaBot\src\SparCraft\VisualStudio\Release\GameState.sbr
H:\0000GZ\RnD 5000 Project nus-bot\Bot_SRC\NUS-Bot\NUS-Bot RND\nus-bot\trunk\UAlbertaBot\src\SparCraft\VisualStudio\Release\glfont.sbr
H:\0000GZ\RnD 5000 Project nus-bot\Bot_SRC\NUS-Bot\NUS-Bot RND\nus-bot\trunk\UAlbertaBot\src\SparCraft\VisualStudio\Release\Hash.sbr
H:\0000GZ\RnD 5000 Project nus-bot\Bot_SRC\NUS-Bot\NUS-Bot RND\nus-bot\trunk\UAlbertaBot\src\SparCraft\VisualStudio\Release\Logger.sbr
H:\0000GZ\RnD 5000 Project nus-bot\Bot_SRC\NUS-Bot\NUS-Bot RND\nus-bot\trunk\UAlbertaBot\src\SparCraft\VisualStudio\Release\MoveArray.sbr
H:\0000GZ\RnD 5000 Project nus-bot\Bot_SRC\NUS-Bot\NUS-Bot RND\nus-bot\trunk\UAlbertaBot\src\SparCraft\VisualStudio\Release\Player.sbr
H:\0000GZ\RnD 5000 Project nus-bot\Bot_SRC\NUS-Bot\NUS-Bot RND\nus-bot\trunk\UAlbertaBot\src\SparCraft\VisualStudio\Release\PlayerProperties.sbr
H:\0000GZ\RnD 5000 Project nus-bot\Bot_SRC\NUS-Bot\NUS-Bot RND\nus-bot\trunk\UAlbertaBot\src\SparCraft\VisualStudio\Release\Player_AlphaBeta.sbr
H:\0000GZ\RnD 5000 Project nus-bot\Bot_SRC\NUS-Bot\NUS-Bot RND\nus-bot\trunk\UAlbertaBot\src\SparCraft\VisualStudio\Release\Player_AttackClosest.sbr
H:\0000GZ\RnD 5000 Project nus-bot\Bot_SRC\NUS-Bot\NUS-Bot RND\nus-bot\trunk\UAlbertaBot\src\SparCraft\VisualStudio\Release\Player_AttackDPS.sbr
H:\0000GZ\RnD 5000 Project nus-bot\Bot_SRC\NUS-Bot\NUS-Bot RND\nus-bot\trunk\UAlbertaBot\src\SparCraft\VisualStudio\Release\Player_AttackWeakest.sbr
H:\0000GZ\RnD 5000 Project nus-bot\Bot_SRC\NUS-Bot\NUS-Bot RND\nus-bot\trunk\UAlbertaBot\src\SparCraft\VisualStudio\Release\Player_Cluster.sbr
H:\0000GZ\RnD 5000 Project nus-bot\Bot_SRC\NUS-Bot\NUS-Bot RND\nus-bot\trunk\UAlbertaBot\src\SparCraft\VisualStudio\Release\Player_Kiter.sbr
H:\0000GZ\RnD 5000 Project nus-bot\Bot_SRC\NUS-Bot\NUS-Bot RND\nus-bot\trunk\UAlbertaBot\src\SparCraft\VisualStudio\Release\Player_KiterDPS.sbr
H:\0000GZ\RnD 5000 Project nus-bot\Bot_SRC\NUS-Bot\NUS-Bot RND\nus-bot\trunk\UAlbertaBot\src\SparCraft\VisualStudio\Release\Player_Kiter_NOKDPS.sbr
H:\0000GZ\RnD 5000 Project nus-bot\Bot_SRC\NUS-Bot\NUS-Bot RND\nus-bot\trunk\UAlbertaBot\src\SparCraft\VisualStudio\Release\Player_NOKDPS.sbr
H:\0000GZ\RnD 5000 Project nus-bot\Bot_SRC\NUS-Bot\NUS-Bot RND\nus-bot\trunk\UAlbertaBot\src\SparCraft\VisualStudio\Release\Player_PortfolioGreedySearch.sbr
H:\0000GZ\RnD 5000 Project nus-bot\Bot_SRC\NUS-Bot\NUS-Bot RND\nus-bot\trunk\UAlbertaBot\src\SparCraft\VisualStudio\Release\Player_Random.sbr
H:\0000GZ\RnD 5000 Project nus-bot\Bot_SRC\NUS-Bot\NUS-Bot RND\nus-bot\trunk\UAlbertaBot\src\SparCraft\VisualStudio\Release\Player_UCT.sbr
H:\0000GZ\RnD 5000 Project nus-bot\Bot_SRC\NUS-Bot\NUS-Bot RND\nus-bot\trunk\UAlbertaBot\src\SparCraft\VisualStudio\Release\PortfolioGreedySearch.sbr
H:\0000GZ\RnD 5000 Project nus-bot\Bot_SRC\NUS-Bot\NUS-Bot RND\nus-bot\trunk\UAlbertaBot\src\SparCraft\VisualStudio\Release\SparCraft.sbr
H:\0000GZ\RnD 5000 Project nus-bot\Bot_SRC\NUS-Bot\NUS-Bot RND\nus-bot\trunk\UAlbertaBot\src\SparCraft\VisualStudio\Release\Timer.sbr
H:\0000GZ\RnD 5000 Project nus-bot\Bot_SRC\NUS-Bot\NUS-Bot RND\nus-bot\trunk\UAlbertaBot\src\SparCraft\VisualStudio\Release\TranspositionTable.sbr
H:\0000GZ\RnD 5000 Project nus-bot\Bot_SRC\NUS-Bot\NUS-Bot RND\nus-bot\trunk\UAlbertaBot\src\SparCraft\VisualStudio\Release\UCTSearch.sbr
H:\0000GZ\RnD 5000 Project nus-bot\Bot_SRC\NUS-Bot\NUS-Bot RND\nus-bot\trunk\UAlbertaBot\src\SparCraft\VisualStudio\Release\Unit.sbr
H:\0000GZ\RnD 5000 Project nus-bot\Bot_SRC\NUS-Bot\NUS-Bot RND\nus-bot\trunk\UAlbertaBot\src\SparCraft\VisualStudio\Release\UnitProperties.sbr
H:\0000GZ\RnD 5000 Project nus-bot\Bot_SRC\NUS-Bot\NUS-Bot RND\nus-bot\trunk\UAlbertaBot\src\SparCraft\VisualStudio\Release\UnitScriptData.sbr
H:\0000GZ\RnD 5000 Project nus-bot\Bot_SRC\NUS-Bot\NUS-Bot RND\nus-bot\trunk\UAlbertaBot\src\SparCraft\VisualStudio\Release\WeaponProperties.sbr
H:\0000GZ\RnD 5000 Project nus-bot\Bot_SRC\NUS-Bot\NUS-Bot RND\nus-bot\trunk\UAlbertaBot\src\UAlbertaBot\VisualStudio\Release\SparCraft.lib
H:\0000GZ\RnD 5000 Project nus-bot\Bot_SRC\NUS-Bot\NUS-Bot RND\nus-bot\trunk\UAlbertaBot\src\UAlbertaBot\VisualStudio\Release\SparCraft.bsc
