Build started 11/29/2013 10:13:22 PM.
Project "E:\projects\fyp\bots_codes\UAlbertaBot\src\UAlbertaBot\VisualStudio\UAlbertaBot.vcxproj" on node 2 (Build target(s)).
ClCompile:
  C:\Program Files\Microsoft Visual Studio 9.0\VC\bin\CL.exe /c /I../SparCraft/source /I../Source /I/include /I/include/freetype2 /I/include /I/include /I/include /ZI /nologo /W3 /WX- /Od /Oy- /D WIN32 /D _DEBUG /D _WINDOWS /D _USRDLL /D EXAMPLEAIMODULE_EXPORTS /D NOMINMAX /D _WINDLL /D _UNICODE /D UNICODE /Gm /EHsc /RTC1 /MDd /GS /fp:precise /Zc:wchar_t /Zc:forScope /Fo"Debug\\" /Fd"Debug\vc90.pdb" /Gd /TP /analyze- /errorReport:prompt ..\Source\base\BuildLearner.cpp ..\Source\CombatSimulation.cpp ..\Source\MicroSearchManager.cpp ..\Source\base\BuildingData.cpp ..\Source\base\BuildingManager.cpp ..\Source\base\BuildingPlacer.cpp ..\Source\base\BuildOrderGoalManager.cpp ..\Source\base\BuildOrderQueue.cpp ..\Source\base\ProductionManager.cpp ..\Source\base\StarcraftBuildOrderSearchManager.cpp ..\Source\base\WorkerData.cpp ..\Source\base\WorkerManager.cpp ..\Source\CombatCommander.cpp ..\Source\Common.cpp ..\Source\Dll.cpp ..\Source\GameCommander.cpp ..\Source\HardCodedInfo.cpp ..\Source\InformationManager.cpp ..\Source\Logger.cpp ..\Source\MapGrid.cpp ..\Source\MapTools.cpp ..\Source\micromanagement\DetectorManager.cpp ..\Source\micromanagement\MeleeManager.cpp ..\Source\micromanagement\MicroManager.cpp ..\Source\micromanagement\MicroUtil.cpp ..\Source\micromanagement\ObserverManager.cpp ..\Source\micromanagement\RangedManager.cpp ..\Source\micromanagement\TransportManager.cpp ..\Source\Options.cpp ..\Source\ReplayVisualizer.cpp ..\Source\ScoutManager.cpp ..\Source\Squad.cpp ..\Source\SquadData.cpp ..\Source\StrategyManager.cpp ..\Source\UAlbertaBotModule.cpp ..\Source\UnitCommandData.cpp ..\Source\UnitCommandManager.cpp ..\Source\UnitData.cpp ..\Source\Visualizer.cpp
  Visualizer.cpp
e:\projects\fyp\bots_codes\ualbertabot\src\sparcraft\source\common.h(3): fatal error C1083: Cannot open include file: 'BWAPI.h': No such file or directory
  UnitData.cpp
e:\projects\fyp\bots_codes\ualbertabot\src\ualbertabot\source\common.h(19): fatal error C1083: Cannot open include file: 'boost/foreach.hpp': No such file or directory
  UnitCommandManager.cpp
e:\projects\fyp\bots_codes\ualbertabot\src\ualbertabot\source\common.h(19): fatal error C1083: Cannot open include file: 'boost/foreach.hpp': No such file or directory
  UnitCommandData.cpp
e:\projects\fyp\bots_codes\ualbertabot\src\ualbertabot\source\common.h(19): fatal error C1083: Cannot open include file: 'boost/foreach.hpp': No such file or directory
  UAlbertaBotModule.cpp
e:\projects\fyp\bots_codes\ualbertabot\src\ualbertabot\source\common.h(19): fatal error C1083: Cannot open include file: 'boost/foreach.hpp': No such file or directory
  StrategyManager.cpp
e:\projects\fyp\bots_codes\ualbertabot\src\ualbertabot\source\common.h(19): fatal error C1083: Cannot open include file: 'boost/foreach.hpp': No such file or directory
  SquadData.cpp
e:\projects\fyp\bots_codes\ualbertabot\src\ualbertabot\source\common.h(19): fatal error C1083: Cannot open include file: 'boost/foreach.hpp': No such file or directory
  Squad.cpp
e:\projects\fyp\bots_codes\ualbertabot\src\ualbertabot\source\common.h(19): fatal error C1083: Cannot open include file: 'boost/foreach.hpp': No such file or directory
  ScoutManager.cpp
e:\projects\fyp\bots_codes\ualbertabot\src\ualbertabot\source\common.h(19): fatal error C1083: Cannot open include file: 'boost/foreach.hpp': No such file or directory
  ReplayVisualizer.cpp
e:\projects\fyp\bots_codes\ualbertabot\src\sparcraft\source\common.h(3): fatal error C1083: Cannot open include file: 'BWAPI.h': No such file or directory
  Options.cpp
e:\projects\fyp\bots_codes\ualbertabot\src\ualbertabot\source\options.h(3): fatal error C1083: Cannot open include file: 'BWAPI.h': No such file or directory
  TransportManager.cpp
e:\projects\fyp\bots_codes\ualbertabot\src\ualbertabot\source\common.h(19): fatal error C1083: Cannot open include file: 'boost/foreach.hpp': No such file or directory
  RangedManager.cpp
e:\projects\fyp\bots_codes\ualbertabot\src\ualbertabot\source\common.h(19): fatal error C1083: Cannot open include file: 'boost/foreach.hpp': No such file or directory
  ObserverManager.cpp
e:\projects\fyp\bots_codes\ualbertabot\src\ualbertabot\source\common.h(19): fatal error C1083: Cannot open include file: 'boost/foreach.hpp': No such file or directory
  MicroUtil.cpp
e:\projects\fyp\bots_codes\ualbertabot\src\ualbertabot\source\common.h(19): fatal error C1083: Cannot open include file: 'boost/foreach.hpp': No such file or directory
  MicroManager.cpp
e:\projects\fyp\bots_codes\ualbertabot\src\ualbertabot\source\common.h(19): fatal error C1083: Cannot open include file: 'boost/foreach.hpp': No such file or directory
  MeleeManager.cpp
e:\projects\fyp\bots_codes\ualbertabot\src\ualbertabot\source\common.h(19): fatal error C1083: Cannot open include file: 'boost/foreach.hpp': No such file or directory
  DetectorManager.cpp
e:\projects\fyp\bots_codes\ualbertabot\src\ualbertabot\source\common.h(19): fatal error C1083: Cannot open include file: 'boost/foreach.hpp': No such file or directory
  MapTools.cpp
e:\projects\fyp\bots_codes\ualbertabot\src\ualbertabot\source\common.h(19): fatal error C1083: Cannot open include file: 'boost/foreach.hpp': No such file or directory
  MapGrid.cpp
e:\projects\fyp\bots_codes\ualbertabot\src\ualbertabot\source\common.h(19): fatal error C1083: Cannot open include file: 'boost/foreach.hpp': No such file or directory
  Generating Code...
  Compiling...
  Logger.cpp
e:\projects\fyp\bots_codes\ualbertabot\src\ualbertabot\source\common.h(19): fatal error C1083: Cannot open include file: 'boost/foreach.hpp': No such file or directory
  InformationManager.cpp
e:\projects\fyp\bots_codes\ualbertabot\src\ualbertabot\source\common.h(19): fatal error C1083: Cannot open include file: 'boost/foreach.hpp': No such file or directory
  HardCodedInfo.cpp
  GameCommander.cpp
e:\projects\fyp\bots_codes\ualbertabot\src\ualbertabot\source\common.h(19): fatal error C1083: Cannot open include file: 'boost/foreach.hpp': No such file or directory
  Dll.cpp
e:\projects\fyp\bots_codes\ualbertabot\src\ualbertabot\source\dll.cpp(7): fatal error C1083: Cannot open include file: 'BWAPI.h': No such file or directory
  Common.cpp
e:\projects\fyp\bots_codes\ualbertabot\src\ualbertabot\source\common.h(19): fatal error C1083: Cannot open include file: 'boost/foreach.hpp': No such file or directory
  CombatCommander.cpp
e:\projects\fyp\bots_codes\ualbertabot\src\ualbertabot\source\common.h(19): fatal error C1083: Cannot open include file: 'boost/foreach.hpp': No such file or directory
  WorkerManager.cpp
e:\projects\fyp\bots_codes\ualbertabot\src\ualbertabot\source\common.h(19): fatal error C1083: Cannot open include file: 'boost/foreach.hpp': No such file or directory
  WorkerData.cpp
e:\projects\fyp\bots_codes\ualbertabot\src\ualbertabot\source\common.h(19): fatal error C1083: Cannot open include file: 'boost/foreach.hpp': No such file or directory
  StarcraftBuildOrderSearchManager.cpp
e:\projects\fyp\bots_codes\ualbertabot\src\ualbertabot\source\common.h(19): fatal error C1083: Cannot open include file: 'boost/foreach.hpp': No such file or directory
  ProductionManager.cpp
e:\projects\fyp\bots_codes\ualbertabot\src\ualbertabot\source\common.h(19): fatal error C1083: Cannot open include file: 'boost/foreach.hpp': No such file or directory
  BuildOrderQueue.cpp
e:\projects\fyp\bots_codes\ualbertabot\src\ualbertabot\source\common.h(19): fatal error C1083: Cannot open include file: 'boost/foreach.hpp': No such file or directory
  BuildOrderGoalManager.cpp
e:\projects\fyp\bots_codes\ualbertabot\src\ualbertabot\source\common.h(19): fatal error C1083: Cannot open include file: 'boost/foreach.hpp': No such file or directory
  BuildingPlacer.cpp
e:\projects\fyp\bots_codes\ualbertabot\src\ualbertabot\source\common.h(19): fatal error C1083: Cannot open include file: 'boost/foreach.hpp': No such file or directory
  BuildingManager.cpp
e:\projects\fyp\bots_codes\ualbertabot\src\ualbertabot\source\common.h(19): fatal error C1083: Cannot open include file: 'boost/foreach.hpp': No such file or directory
  BuildingData.cpp
e:\projects\fyp\bots_codes\ualbertabot\src\ualbertabot\source\common.h(19): fatal error C1083: Cannot open include file: 'boost/foreach.hpp': No such file or directory
  MicroSearchManager.cpp
  CombatSimulation.cpp
e:\projects\fyp\bots_codes\ualbertabot\src\ualbertabot\source\common.h(19): fatal error C1083: Cannot open include file: 'boost/foreach.hpp': No such file or directory
  BuildLearner.cpp
e:\projects\fyp\bots_codes\ualbertabot\src\ualbertabot\source\common.h(19): fatal error C1083: Cannot open include file: 'boost/foreach.hpp': No such file or directory
  Generating Code...
Done Building Project "E:\projects\fyp\bots_codes\UAlbertaBot\src\UAlbertaBot\VisualStudio\UAlbertaBot.vcxproj" (Build target(s)) -- FAILED.

Build FAILED.

Time Elapsed 00:00:13.14
