E:\PROJECTS\FYP\GOOGLE_CODES\TRUNK\NUSBOT\SRC\STARCRAFTBUILDORDERSEARCH\VISUALSTUDIO\DEBUG\STARCRAFTDATA.OBJ
E:\PROJECTS\FYP\GOOGLE_CODES\TRUNK\NUSBOT\SRC\STARCRAFTBUILDORDERSEARCH\VISUALSTUDIO\DEBUG\TEST.OBJ
E:\PROJECTS\FYP\GOOGLE_CODES\TRUNK\NUSBOT\SRC\STARCRAFTBUILDORDERSEARCH\VISUALSTUDIO\DEBUG\VC90.PDB
E:\PROJECTS\FYP\GOOGLE_CODES\TRUNK\NUSBOT\SRC\STARCRAFTBUILDORDERSEARCH\VISUALSTUDIO\DEBUG\STARCRAFTBUILDORDERSEARCH.ILK
E:\PROJECTS\FYP\GOOGLE_CODES\TRUNK\NUSBOT\SRC\STARCRAFTBUILDORDERSEARCH\VISUALSTUDIO\DEBUG\STARCRAFTBUILDORDERSEARCH.EXE
E:\PROJECTS\FYP\GOOGLE_CODES\TRUNK\NUSBOT\SRC\STARCRAFTBUILDORDERSEARCH\VISUALSTUDIO\DEBUG\STARCRAFTBUILDORDERSEARCH.EXE.INTERMEDIATE.MANIFEST
E:\PROJECTS\FYP\GOOGLE_CODES\TRUNK\NUSBOT\SRC\STARCRAFTBUILDORDERSEARCH\VISUALSTUDIO\DEBUG\STARCRAFTBUILDORDERSEARCH.PDB
E:\PROJECTS\FYP\GOOGLE_CODES\TRUNK\NUSBOT\SRC\STARCRAFTBUILDORDERSEARCH\VISUALSTUDIO\DEBUG\STARCRAFTBUILDORDERSEARCH.EXE.EMBED.MANIFEST
E:\PROJECTS\FYP\GOOGLE_CODES\TRUNK\NUSBOT\SRC\STARCRAFTBUILDORDERSEARCH\VISUALSTUDIO\DEBUG\STARCRAFTBUILDORDERSEARCH.EXE.EMBED.MANIFEST.RES
E:\projects\fyp\google_codes\trunk\NUSBot\src\StarcraftBuildOrderSearch\VisualStudio\Debug\StarcraftData.obj
E:\projects\fyp\google_codes\trunk\NUSBot\src\StarcraftBuildOrderSearch\VisualStudio\Debug\test.obj
E:\projects\fyp\google_codes\trunk\NUSBot\src\StarcraftBuildOrderSearch\VisualStudio\Debug\StarcraftBuildOrderSearch.ilk
E:\projects\fyp\google_codes\trunk\NUSBot\src\StarcraftBuildOrderSearch\VisualStudio\Debug\cl.command.1.tlog
E:\projects\fyp\google_codes\trunk\NUSBot\src\StarcraftBuildOrderSearch\VisualStudio\Debug\CL.read.1.tlog
E:\projects\fyp\google_codes\trunk\NUSBot\src\StarcraftBuildOrderSearch\VisualStudio\Debug\CL.write.1.tlog
E:\projects\fyp\google_codes\trunk\NUSBot\src\StarcraftBuildOrderSearch\VisualStudio\Debug\link-cvtres.read.1.tlog
E:\projects\fyp\google_codes\trunk\NUSBot\src\StarcraftBuildOrderSearch\VisualStudio\Debug\link-cvtres.write.1.tlog
E:\projects\fyp\google_codes\trunk\NUSBot\src\StarcraftBuildOrderSearch\VisualStudio\Debug\link.372-cvtres.read.1.tlog
E:\projects\fyp\google_codes\trunk\NUSBot\src\StarcraftBuildOrderSearch\VisualStudio\Debug\link.372-cvtres.write.1.tlog
E:\projects\fyp\google_codes\trunk\NUSBot\src\StarcraftBuildOrderSearch\VisualStudio\Debug\link.372.read.1.tlog
E:\projects\fyp\google_codes\trunk\NUSBot\src\StarcraftBuildOrderSearch\VisualStudio\Debug\link.372.write.1.tlog
E:\projects\fyp\google_codes\trunk\NUSBot\src\StarcraftBuildOrderSearch\VisualStudio\Debug\link.command.1.tlog
E:\projects\fyp\google_codes\trunk\NUSBot\src\StarcraftBuildOrderSearch\VisualStudio\Debug\link.read.1.tlog
E:\projects\fyp\google_codes\trunk\NUSBot\src\StarcraftBuildOrderSearch\VisualStudio\Debug\link.write.1.tlog
E:\projects\fyp\google_codes\trunk\NUSBot\src\StarcraftBuildOrderSearch\VisualStudio\Debug\mt.command.1.tlog
E:\projects\fyp\google_codes\trunk\NUSBot\src\StarcraftBuildOrderSearch\VisualStudio\Debug\mt.read.1.tlog
E:\projects\fyp\google_codes\trunk\NUSBot\src\StarcraftBuildOrderSearch\VisualStudio\Debug\mt.write.1.tlog
E:\projects\fyp\google_codes\trunk\NUSBot\src\StarcraftBuildOrderSearch\VisualStudio\Debug\rc.command.1.tlog
E:\projects\fyp\google_codes\trunk\NUSBot\src\StarcraftBuildOrderSearch\VisualStudio\Debug\rc.read.1.tlog
E:\projects\fyp\google_codes\trunk\NUSBot\src\StarcraftBuildOrderSearch\VisualStudio\Debug\rc.write.1.tlog
E:\projects\fyp\google_codes\trunk\NUSBot\src\StarcraftBuildOrderSearch\VisualStudio\Debug\StarcraftBuildOrderSearch.exe.embed.manifest
E:\projects\fyp\google_codes\trunk\NUSBot\src\StarcraftBuildOrderSearch\VisualStudio\Debug\StarcraftBuildOrderSearch.exe.intermediate.manifest
E:\projects\fyp\google_codes\trunk\NUSBot\src\StarcraftBuildOrderSearch\VisualStudio\Debug\StarcraftBuildOrderSearch.exe.embed.manifest.res
E:\projects\fyp\google_codes\trunk\NUSBot\src\StarcraftBuildOrderSearch\VisualStudio\Debug\vc90.idb
E:\projects\fyp\google_codes\trunk\NUSBot\src\StarcraftBuildOrderSearch\VisualStudio\Debug\StarcraftBuildOrderSearch.pdb
E:\projects\fyp\google_codes\trunk\NUSBot\src\StarcraftBuildOrderSearch\VisualStudio\Debug\vc90.pdb
E:\projects\fyp\google_codes\trunk\NUSBot\src\StarcraftBuildOrderSearch\VisualStudio\Debug\StarcraftBuildOrderSearch_manifest.rc
E:\projects\fyp\google_codes\trunk\NUSBot\src\StarcraftBuildOrderSearch\VisualStudio\Debug\StarcraftBuildOrderSearch.exe
