E:\PROJECTS\FYP\GOOGLE_CODES\TRUNK\NUSBOT\SRC\NUSBOT\VISUALSTUDIO\DEBUG\DETECTORMANAGER.OBJ
E:\PROJECTS\FYP\GOOGLE_CODES\TRUNK\NUSBOT\SRC\NUSBOT\VISUALSTUDIO\DEBUG\MELEEMANAGER.OBJ
E:\PROJECTS\FYP\GOOGLE_CODES\TRUNK\NUSBOT\SRC\NUSBOT\VISUALSTUDIO\DEBUG\MICROMANAGER.OBJ
E:\PROJECTS\FYP\GOOGLE_CODES\TRUNK\NUSBOT\SRC\NUSBOT\VISUALSTUDIO\DEBUG\MICROUTIL.OBJ
E:\PROJECTS\FYP\GOOGLE_CODES\TRUNK\NUSBOT\SRC\NUSBOT\VISUALSTUDIO\DEBUG\OBSERVERMANAGER.OBJ
E:\PROJECTS\FYP\GOOGLE_CODES\TRUNK\NUSBOT\SRC\NUSBOT\VISUALSTUDIO\DEBUG\RANGEDMANAGER.OBJ
E:\PROJECTS\FYP\GOOGLE_CODES\TRUNK\NUSBOT\SRC\NUSBOT\VISUALSTUDIO\DEBUG\OPTIONS.OBJ
E:\PROJECTS\FYP\GOOGLE_CODES\TRUNK\NUSBOT\SRC\NUSBOT\VISUALSTUDIO\DEBUG\REPLAYVISUALIZER.OBJ
E:\PROJECTS\FYP\GOOGLE_CODES\TRUNK\NUSBOT\SRC\NUSBOT\VISUALSTUDIO\DEBUG\SCOUTMANAGER.OBJ
E:\PROJECTS\FYP\GOOGLE_CODES\TRUNK\NUSBOT\SRC\NUSBOT\VISUALSTUDIO\DEBUG\SQUAD.OBJ
E:\PROJECTS\FYP\GOOGLE_CODES\TRUNK\NUSBOT\SRC\NUSBOT\VISUALSTUDIO\DEBUG\SQUADDATA.OBJ
E:\PROJECTS\FYP\GOOGLE_CODES\TRUNK\NUSBOT\SRC\NUSBOT\VISUALSTUDIO\DEBUG\STRATEGYMANAGER.OBJ
E:\PROJECTS\FYP\GOOGLE_CODES\TRUNK\NUSBOT\SRC\NUSBOT\VISUALSTUDIO\DEBUG\NUSBOTMODULE.OBJ
E:\PROJECTS\FYP\GOOGLE_CODES\TRUNK\NUSBOT\SRC\NUSBOT\VISUALSTUDIO\DEBUG\UNITCOMMANDDATA.OBJ
E:\PROJECTS\FYP\GOOGLE_CODES\TRUNK\NUSBOT\SRC\NUSBOT\VISUALSTUDIO\DEBUG\UNITCOMMANDMANAGER.OBJ
E:\PROJECTS\FYP\GOOGLE_CODES\TRUNK\NUSBOT\SRC\NUSBOT\VISUALSTUDIO\DEBUG\UNITDATA.OBJ
E:\PROJECTS\FYP\GOOGLE_CODES\TRUNK\NUSBOT\SRC\NUSBOT\VISUALSTUDIO\DEBUG\VISUALIZER.OBJ
E:\PROJECTS\FYP\GOOGLE_CODES\TRUNK\NUSBOT\SRC\NUSBOT\VISUALSTUDIO\DEBUG\COAMANAGER.OBJ
E:\PROJECTS\FYP\GOOGLE_CODES\TRUNK\NUSBOT\SRC\NUSBOT\VISUALSTUDIO\DEBUG\THREATMANAGER.OBJ
E:\PROJECTS\FYP\GOOGLE_CODES\TRUNK\NUSBOT\SRC\NUSBOT\VISUALSTUDIO\DEBUG\COMBATSIMULATION.OBJ
E:\PROJECTS\FYP\GOOGLE_CODES\TRUNK\NUSBOT\SRC\NUSBOT\VISUALSTUDIO\DEBUG\MICROSEARCHMANAGER.OBJ
E:\PROJECTS\FYP\GOOGLE_CODES\TRUNK\NUSBOT\SRC\NUSBOT\VISUALSTUDIO\DEBUG\BUILDINGDATA.OBJ
E:\PROJECTS\FYP\GOOGLE_CODES\TRUNK\NUSBOT\SRC\NUSBOT\VISUALSTUDIO\DEBUG\BUILDINGMANAGER.OBJ
E:\PROJECTS\FYP\GOOGLE_CODES\TRUNK\NUSBOT\SRC\NUSBOT\VISUALSTUDIO\DEBUG\BUILDINGPLACER.OBJ
E:\PROJECTS\FYP\GOOGLE_CODES\TRUNK\NUSBOT\SRC\NUSBOT\VISUALSTUDIO\DEBUG\BUILDORDERGOALMANAGER.OBJ
E:\PROJECTS\FYP\GOOGLE_CODES\TRUNK\NUSBOT\SRC\NUSBOT\VISUALSTUDIO\DEBUG\BUILDORDERQUEUE.OBJ
E:\PROJECTS\FYP\GOOGLE_CODES\TRUNK\NUSBOT\SRC\NUSBOT\VISUALSTUDIO\DEBUG\PRODUCTIONMANAGER.OBJ
E:\PROJECTS\FYP\GOOGLE_CODES\TRUNK\NUSBOT\SRC\NUSBOT\VISUALSTUDIO\DEBUG\STARCRAFTBUILDORDERSEARCHMANAGER.OBJ
E:\PROJECTS\FYP\GOOGLE_CODES\TRUNK\NUSBOT\SRC\NUSBOT\VISUALSTUDIO\DEBUG\WORKERDATA.OBJ
E:\PROJECTS\FYP\GOOGLE_CODES\TRUNK\NUSBOT\SRC\NUSBOT\VISUALSTUDIO\DEBUG\WORKERMANAGER.OBJ
E:\PROJECTS\FYP\GOOGLE_CODES\TRUNK\NUSBOT\SRC\NUSBOT\VISUALSTUDIO\DEBUG\COMBATCOMMANDER.OBJ
E:\PROJECTS\FYP\GOOGLE_CODES\TRUNK\NUSBOT\SRC\NUSBOT\VISUALSTUDIO\DEBUG\COMMON.OBJ
E:\PROJECTS\FYP\GOOGLE_CODES\TRUNK\NUSBOT\SRC\NUSBOT\VISUALSTUDIO\DEBUG\DLL.OBJ
E:\PROJECTS\FYP\GOOGLE_CODES\TRUNK\NUSBOT\SRC\NUSBOT\VISUALSTUDIO\DEBUG\IPBMANAGER.OBJ
E:\PROJECTS\FYP\GOOGLE_CODES\TRUNK\NUSBOT\SRC\NUSBOT\VISUALSTUDIO\DEBUG\HARDCODEDINFO.OBJ
E:\PROJECTS\FYP\GOOGLE_CODES\TRUNK\NUSBOT\SRC\NUSBOT\VISUALSTUDIO\DEBUG\INFORMATIONMANAGER.OBJ
E:\PROJECTS\FYP\GOOGLE_CODES\TRUNK\NUSBOT\SRC\NUSBOT\VISUALSTUDIO\DEBUG\LOGGER.OBJ
E:\PROJECTS\FYP\GOOGLE_CODES\TRUNK\NUSBOT\SRC\NUSBOT\VISUALSTUDIO\DEBUG\MAPGRID.OBJ
E:\PROJECTS\FYP\GOOGLE_CODES\TRUNK\NUSBOT\SRC\NUSBOT\VISUALSTUDIO\DEBUG\MAPTOOLS.OBJ
E:\PROJECTS\FYP\GOOGLE_CODES\TRUNK\NUSBOT\SRC\NUSBOT\VISUALSTUDIO\DEBUG\BUILDLEARNER.OBJ
E:\PROJECTS\FYP\GOOGLE_CODES\TRUNK\NUSBOT\SRC\NUSBOT\VISUALSTUDIO\DEBUG\VC90.PDB
E:\PROJECTS\FYP\GOOGLE_CODES\TRUNK\NUSBOT\SRC\NUSBOT\VISUALSTUDIO\DEBUG\TRANSPORTMANAGER.OBJ
E:\PROJECTS\FYP\GOOGLE_CODES\TRUNK\NUSBOT\SRC\NUSBOT\VISUALSTUDIO\DEBUG\NUSBOT.ILK
E:\PROJECTS\FYP\GOOGLE_CODES\TRUNK\NUSBOT\SRC\NUSBOT\VISUALSTUDIO\DEBUG\NUSBOT.DLL
E:\PROJECTS\FYP\GOOGLE_CODES\TRUNK\NUSBOT\SRC\NUSBOT\VISUALSTUDIO\DEBUG\NUSBOT.DLL.INTERMEDIATE.MANIFEST
E:\PROJECTS\FYP\GOOGLE_CODES\TRUNK\NUSBOT\SRC\NUSBOT\VISUALSTUDIO\DEBUG\NUSBOT.PDB
E:\PROJECTS\FYP\GOOGLE_CODES\TRUNK\NUSBOT\SRC\NUSBOT\VISUALSTUDIO\DEBUG\NUSBOT.DLL.EMBED.MANIFEST
E:\projects\fyp\google_codes\trunk\NUSBot\src\NUSBot\VisualStudio\Debug\NUSBot.lib
E:\projects\fyp\google_codes\trunk\NUSBot\src\NUSBot\VisualStudio\Debug\NUSBot.exp
E:\PROJECTS\FYP\GOOGLE_CODES\TRUNK\NUSBOT\SRC\NUSBOT\VISUALSTUDIO\DEBUG\NUSBOT.DLL.EMBED.MANIFEST.RES
E:\projects\fyp\google_codes\trunk\NUSBot\src\NUSBot\VisualStudio\Debug\BuildingData.obj
E:\projects\fyp\google_codes\trunk\NUSBot\src\NUSBot\VisualStudio\Debug\BuildingManager.obj
E:\projects\fyp\google_codes\trunk\NUSBot\src\NUSBot\VisualStudio\Debug\BuildingPlacer.obj
E:\projects\fyp\google_codes\trunk\NUSBot\src\NUSBot\VisualStudio\Debug\BuildLearner.obj
E:\projects\fyp\google_codes\trunk\NUSBot\src\NUSBot\VisualStudio\Debug\BuildOrderGoalManager.obj
E:\projects\fyp\google_codes\trunk\NUSBot\src\NUSBot\VisualStudio\Debug\BuildOrderQueue.obj
E:\projects\fyp\google_codes\trunk\NUSBot\src\NUSBot\VisualStudio\Debug\COAManager.obj
E:\projects\fyp\google_codes\trunk\NUSBot\src\NUSBot\VisualStudio\Debug\CombatCommander.obj
E:\projects\fyp\google_codes\trunk\NUSBot\src\NUSBot\VisualStudio\Debug\CombatSimulation.obj
E:\projects\fyp\google_codes\trunk\NUSBot\src\NUSBot\VisualStudio\Debug\Common.obj
E:\projects\fyp\google_codes\trunk\NUSBot\src\NUSBot\VisualStudio\Debug\DetectorManager.obj
E:\projects\fyp\google_codes\trunk\NUSBot\src\NUSBot\VisualStudio\Debug\Dll.obj
E:\projects\fyp\google_codes\trunk\NUSBot\src\NUSBot\VisualStudio\Debug\HardCodedInfo.obj
E:\projects\fyp\google_codes\trunk\NUSBot\src\NUSBot\VisualStudio\Debug\InformationManager.obj
E:\projects\fyp\google_codes\trunk\NUSBot\src\NUSBot\VisualStudio\Debug\IPBManager.obj
E:\projects\fyp\google_codes\trunk\NUSBot\src\NUSBot\VisualStudio\Debug\Logger.obj
E:\projects\fyp\google_codes\trunk\NUSBot\src\NUSBot\VisualStudio\Debug\MapGrid.obj
E:\projects\fyp\google_codes\trunk\NUSBot\src\NUSBot\VisualStudio\Debug\MapTools.obj
E:\projects\fyp\google_codes\trunk\NUSBot\src\NUSBot\VisualStudio\Debug\MeleeManager.obj
E:\projects\fyp\google_codes\trunk\NUSBot\src\NUSBot\VisualStudio\Debug\MicroManager.obj
E:\projects\fyp\google_codes\trunk\NUSBot\src\NUSBot\VisualStudio\Debug\MicroSearchManager.obj
E:\projects\fyp\google_codes\trunk\NUSBot\src\NUSBot\VisualStudio\Debug\MicroUtil.obj
E:\projects\fyp\google_codes\trunk\NUSBot\src\NUSBot\VisualStudio\Debug\NUSBotModule.obj
E:\projects\fyp\google_codes\trunk\NUSBot\src\NUSBot\VisualStudio\Debug\ObserverManager.obj
E:\projects\fyp\google_codes\trunk\NUSBot\src\NUSBot\VisualStudio\Debug\Options.obj
E:\projects\fyp\google_codes\trunk\NUSBot\src\NUSBot\VisualStudio\Debug\ProductionManager.obj
E:\projects\fyp\google_codes\trunk\NUSBot\src\NUSBot\VisualStudio\Debug\RangedManager.obj
E:\projects\fyp\google_codes\trunk\NUSBot\src\NUSBot\VisualStudio\Debug\ReplayVisualizer.obj
E:\projects\fyp\google_codes\trunk\NUSBot\src\NUSBot\VisualStudio\Debug\ScoutManager.obj
E:\projects\fyp\google_codes\trunk\NUSBot\src\NUSBot\VisualStudio\Debug\Squad.obj
E:\projects\fyp\google_codes\trunk\NUSBot\src\NUSBot\VisualStudio\Debug\SquadData.obj
E:\projects\fyp\google_codes\trunk\NUSBot\src\NUSBot\VisualStudio\Debug\StarcraftBuildOrderSearchManager.obj
E:\projects\fyp\google_codes\trunk\NUSBot\src\NUSBot\VisualStudio\Debug\StrategyManager.obj
E:\projects\fyp\google_codes\trunk\NUSBot\src\NUSBot\VisualStudio\Debug\ThreatManager.obj
E:\projects\fyp\google_codes\trunk\NUSBot\src\NUSBot\VisualStudio\Debug\TransportManager.obj
E:\projects\fyp\google_codes\trunk\NUSBot\src\NUSBot\VisualStudio\Debug\UnitCommandData.obj
E:\projects\fyp\google_codes\trunk\NUSBot\src\NUSBot\VisualStudio\Debug\UnitCommandManager.obj
E:\projects\fyp\google_codes\trunk\NUSBot\src\NUSBot\VisualStudio\Debug\UnitData.obj
E:\projects\fyp\google_codes\trunk\NUSBot\src\NUSBot\VisualStudio\Debug\Visualizer.obj
E:\projects\fyp\google_codes\trunk\NUSBot\src\NUSBot\VisualStudio\Debug\WorkerData.obj
E:\projects\fyp\google_codes\trunk\NUSBot\src\NUSBot\VisualStudio\Debug\WorkerManager.obj
E:\projects\fyp\google_codes\trunk\NUSBot\src\NUSBot\VisualStudio\Debug\NUSBot.ilk
E:\projects\fyp\google_codes\trunk\NUSBot\src\NUSBot\VisualStudio\Debug\cl.command.1.tlog
E:\projects\fyp\google_codes\trunk\NUSBot\src\NUSBot\VisualStudio\Debug\CL.read.1.tlog
E:\projects\fyp\google_codes\trunk\NUSBot\src\NUSBot\VisualStudio\Debug\CL.write.1.tlog
E:\projects\fyp\google_codes\trunk\NUSBot\src\NUSBot\VisualStudio\Debug\link-cvtres.read.1.tlog
E:\projects\fyp\google_codes\trunk\NUSBot\src\NUSBot\VisualStudio\Debug\link-cvtres.write.1.tlog
E:\projects\fyp\google_codes\trunk\NUSBot\src\NUSBot\VisualStudio\Debug\link.2648-cvtres.read.1.tlog
E:\projects\fyp\google_codes\trunk\NUSBot\src\NUSBot\VisualStudio\Debug\link.2648-cvtres.write.1.tlog
E:\projects\fyp\google_codes\trunk\NUSBot\src\NUSBot\VisualStudio\Debug\link.2648.read.1.tlog
E:\projects\fyp\google_codes\trunk\NUSBot\src\NUSBot\VisualStudio\Debug\link.2648.write.1.tlog
E:\projects\fyp\google_codes\trunk\NUSBot\src\NUSBot\VisualStudio\Debug\link.command.1.tlog
E:\projects\fyp\google_codes\trunk\NUSBot\src\NUSBot\VisualStudio\Debug\link.read.1.tlog
E:\projects\fyp\google_codes\trunk\NUSBot\src\NUSBot\VisualStudio\Debug\link.write.1.tlog
E:\projects\fyp\google_codes\trunk\NUSBot\src\NUSBot\VisualStudio\Debug\mt.command.1.tlog
E:\projects\fyp\google_codes\trunk\NUSBot\src\NUSBot\VisualStudio\Debug\mt.read.1.tlog
E:\projects\fyp\google_codes\trunk\NUSBot\src\NUSBot\VisualStudio\Debug\mt.write.1.tlog
E:\projects\fyp\google_codes\trunk\NUSBot\src\NUSBot\VisualStudio\Debug\NUSBot.write.1.tlog
E:\projects\fyp\google_codes\trunk\NUSBot\src\NUSBot\VisualStudio\Debug\rc.command.1.tlog
E:\projects\fyp\google_codes\trunk\NUSBot\src\NUSBot\VisualStudio\Debug\rc.read.1.tlog
E:\projects\fyp\google_codes\trunk\NUSBot\src\NUSBot\VisualStudio\Debug\rc.write.1.tlog
E:\projects\fyp\google_codes\trunk\NUSBot\src\NUSBot\VisualStudio\Debug\NUSBot.dll.embed.manifest
E:\projects\fyp\google_codes\trunk\NUSBot\src\NUSBot\VisualStudio\Debug\NUSBot.dll.intermediate.manifest
E:\projects\fyp\google_codes\trunk\NUSBot\src\NUSBot\VisualStudio\Debug\NUSBot.dll.embed.manifest.res
E:\projects\fyp\google_codes\trunk\NUSBot\src\NUSBot\VisualStudio\Debug\vc90.idb
E:\projects\fyp\google_codes\trunk\NUSBot\src\NUSBot\VisualStudio\Debug\NUSBot.pdb
E:\projects\fyp\google_codes\trunk\NUSBot\src\NUSBot\VisualStudio\Debug\vc90.pdb
E:\projects\fyp\google_codes\trunk\NUSBot\src\NUSBot\VisualStudio\Debug\NUSBot_manifest.rc
E:\projects\fyp\google_codes\trunk\NUSBot\src\NUSBot\VisualStudio\Debug\NUSBot.dll
