Build started 8/6/2014 12:37:31 AM.
     1>Project "E:\projects\fyp\google_codes\trunk\NUSBot\src\NUSBot\VisualStudio\NUSBot.vcxproj" on node 2 (Build target(s)).
     1>ClCompile:
         C:\Program Files\Microsoft Visual Studio 9.0\VC\bin\CL.exe /c /I../SparCraft/source /I../Source /IE:\projects\fyp\google_codes\libs\BWAPI/include /IE:\projects\fyp\google_codes\libs\boost /I/include/freetype2 /I/include /I/include /I/include /ZI /nologo /W3 /WX- /Od /Oy- /D WIN32 /D _DEBUG /D _WINDOWS /D _USRDLL /D EXAMPLEAIMODULE_EXPORTS /D NOMINMAX /D _WINDLL /D _UNICODE /D UNICODE /Gm /EHsc /RTC1 /MDd /GS /fp:precise /Zc:wchar_t /Zc:forScope /Fo"Debug\\" /Fd"Debug\vc90.pdb" /Gd /TP /analyze- /errorReport:prompt ..\Source\CombatCommander.cpp ..\Source\Dll.cpp ..\Source\IPBManager.cpp ..\Source\NUSBotModule.cpp ..\Source\Squad.cpp ..\Source\SquadData.cpp ..\Source\micromanagement\TransportManager.cpp
         TransportManager.cpp
         Generating Code...
         Skipping... (no relevant changes detected)
         SquadData.cpp
         Squad.cpp
         NUSBotModule.cpp
         IPBManager.cpp
         Dll.cpp
         CombatCommander.cpp
       ManifestResourceCompile:
         C:\Program Files\Microsoft SDKs\Windows\v6.0A\bin\rc.exe /fo"Debug\NUSBot.dll.embed.manifest.res" Debug\NUSBot_manifest.rc 
         Microsoft (R) Windows (R) Resource Compiler Version 6.0.5724.0
         
         Copyright (C) Microsoft Corporation.  All rights reserved.
         
         
       Link:
         C:\Program Files\Microsoft Visual Studio 9.0\VC\bin\link.exe /ERRORREPORT:PROMPT /OUT:"E:\projects\fyp\google_codes\trunk\NUSBot\src\NUSBot\VisualStudio\Debug\NUSBot.dll" /INCREMENTAL /NOLOGO E:\projects\fyp\google_codes\libs\BWAPI/lib/BWAPId.lib E:\projects\fyp\google_codes\libs\BWAPI/lib/BWTAd.lib E:\projects\fyp\google_codes\libs\BWAPI/lib/tinyxmld.lib "E:\projects\fyp\google_codes\libs\BWAPI/lib/CGAL-vc90-mt-gd.lib" "E:\projects\fyp\google_codes\libs\BWAPI/lib/libboost_thread-vc90-mt-gd-1_40.lib" "E:\projects\fyp\google_codes\libs\BWAPI/lib/gmp-vc90-mt-gd.lib" "E:\projects\fyp\google_codes\libs\BWAPI/lib/mpfr-vc90-mt-gd.lib" ../../StarcraftBuildOrderSearch/VisualStudio/Debug/StarCraftData.obj Debug/SparCraft.lib /SDL.lib /SDLmain.lib /opengl32.lib /SDL_image.lib /SDL_gfx.lib kernel32.lib user32.lib gdi32.lib winspool.lib comdlg32.lib advapi32.lib shell32.lib ole32.lib oleaut32.lib uuid.lib odbc32.lib odbccp32.lib /MANIFEST /ManifestFile:"Debug\NUSBot.dll.intermediate.manifest" /MANIFESTUAC:"level='asInvoker' uiAccess='false'" /DEBUG /PDB:"E:\projects\fyp\google_codes\trunk\NUSBot\src\NUSBot\VisualStudio\Debug\NUSBot.pdb" /SUBSYSTEM:WINDOWS /TLBID:1 /DYNAMICBASE /NXCOMPAT /IMPLIB:"E:\projects\fyp\google_codes\trunk\NUSBot\src\NUSBot\VisualStudio\Debug\NUSBot.lib" /MACHINE:X86 /DLL Debug\NUSBot.dll.embed.manifest.res
         Debug\BuildLearner.obj
         Debug\CombatSimulation.obj
         Debug\MicroSearchManager.obj
         Debug\BuildingData.obj
         Debug\BuildingManager.obj
         Debug\BuildingPlacer.obj
         Debug\BuildOrderGoalManager.obj
         Debug\BuildOrderQueue.obj
         Debug\ProductionManager.obj
         Debug\StarcraftBuildOrderSearchManager.obj
         Debug\WorkerData.obj
         Debug\WorkerManager.obj
         Debug\CombatCommander.obj
         Debug\Common.obj
         Debug\Dll.obj
         Debug\IPBManager.obj
         Debug\HardCodedInfo.obj
         Debug\InformationManager.obj
         Debug\Logger.obj
         Debug\MapGrid.obj
         Debug\MapTools.obj
         Debug\DetectorManager.obj
         Debug\MeleeManager.obj
         Debug\MicroManager.obj
         Debug\MicroUtil.obj
         Debug\ObserverManager.obj
         Debug\RangedManager.obj
         Debug\TransportManager.obj
         Debug\Options.obj
         Debug\ReplayVisualizer.obj
         Debug\ScoutManager.obj
         Debug\Squad.obj
         Debug\SquadData.obj
         Debug\StrategyManager.obj
         Debug\NUSBotModule.obj
         Debug\UnitCommandData.obj
         Debug\UnitCommandManager.obj
         Debug\UnitData.obj
         Debug\Visualizer.obj
         Debug\COAManager.obj
         Debug\ThreatManager.obj
     1>LINK : warning LNK4044: unrecognized option '/SDL.lib'; ignored
     1>LINK : warning LNK4044: unrecognized option '/SDLmain.lib'; ignored
     1>LINK : warning LNK4044: unrecognized option '/opengl32.lib'; ignored
     1>LINK : warning LNK4044: unrecognized option '/SDL_image.lib'; ignored
     1>LINK : warning LNK4044: unrecognized option '/SDL_gfx.lib'; ignored
            Creating library E:\projects\fyp\google_codes\trunk\NUSBot\src\NUSBot\VisualStudio\Debug\NUSBot.lib and object E:\projects\fyp\google_codes\trunk\NUSBot\src\NUSBot\VisualStudio\Debug\NUSBot.exp
     1>LINK : warning LNK4098: defaultlib 'LIBCMTD' conflicts with use of other libs; use /NODEFAULTLIB:library
       Manifest:
         C:\Program Files\Microsoft SDKs\Windows\v6.0A\bin\mt.exe /nologo /verbose /out:"Debug\NUSBot.dll.embed.manifest" /manifest Debug\NUSBot.dll.intermediate.manifest
         C:\Program Files\Microsoft SDKs\Windows\v6.0A\bin\rc.exe /fo"Debug\NUSBot.dll.embed.manifest.res" Debug\NUSBot_manifest.rc 
         Microsoft (R) Windows (R) Resource Compiler Version 6.0.5724.0
         
         Copyright (C) Microsoft Corporation.  All rights reserved.
         
         
       LinkEmbedManifest:
         C:\Program Files\Microsoft Visual Studio 9.0\VC\bin\link.exe /ERRORREPORT:PROMPT /OUT:"E:\projects\fyp\google_codes\trunk\NUSBot\src\NUSBot\VisualStudio\Debug\NUSBot.dll" /INCREMENTAL /NOLOGO E:\projects\fyp\google_codes\libs\BWAPI/lib/BWAPId.lib E:\projects\fyp\google_codes\libs\BWAPI/lib/BWTAd.lib E:\projects\fyp\google_codes\libs\BWAPI/lib/tinyxmld.lib "E:\projects\fyp\google_codes\libs\BWAPI/lib/CGAL-vc90-mt-gd.lib" "E:\projects\fyp\google_codes\libs\BWAPI/lib/libboost_thread-vc90-mt-gd-1_40.lib" "E:\projects\fyp\google_codes\libs\BWAPI/lib/gmp-vc90-mt-gd.lib" "E:\projects\fyp\google_codes\libs\BWAPI/lib/mpfr-vc90-mt-gd.lib" ../../StarcraftBuildOrderSearch/VisualStudio/Debug/StarCraftData.obj Debug/SparCraft.lib /SDL.lib /SDLmain.lib /opengl32.lib /SDL_image.lib /SDL_gfx.lib kernel32.lib user32.lib gdi32.lib winspool.lib comdlg32.lib advapi32.lib shell32.lib ole32.lib oleaut32.lib uuid.lib odbc32.lib odbccp32.lib /MANIFEST /ManifestFile:"Debug\NUSBot.dll.intermediate.manifest" /MANIFESTUAC:"level='asInvoker' uiAccess='false'" /DEBUG /PDB:"E:\projects\fyp\google_codes\trunk\NUSBot\src\NUSBot\VisualStudio\Debug\NUSBot.pdb" /SUBSYSTEM:WINDOWS /TLBID:1 /DYNAMICBASE /NXCOMPAT /IMPLIB:"E:\projects\fyp\google_codes\trunk\NUSBot\src\NUSBot\VisualStudio\Debug\NUSBot.lib" /MACHINE:X86 /DLL Debug\NUSBot.dll.embed.manifest.res
         Debug\BuildLearner.obj
         Debug\CombatSimulation.obj
         Debug\MicroSearchManager.obj
         Debug\BuildingData.obj
         Debug\BuildingManager.obj
         Debug\BuildingPlacer.obj
         Debug\BuildOrderGoalManager.obj
         Debug\BuildOrderQueue.obj
         Debug\ProductionManager.obj
         Debug\StarcraftBuildOrderSearchManager.obj
         Debug\WorkerData.obj
         Debug\WorkerManager.obj
         Debug\CombatCommander.obj
         Debug\Common.obj
         Debug\Dll.obj
         Debug\IPBManager.obj
         Debug\HardCodedInfo.obj
         Debug\InformationManager.obj
         Debug\Logger.obj
         Debug\MapGrid.obj
         Debug\MapTools.obj
         Debug\DetectorManager.obj
         Debug\MeleeManager.obj
         Debug\MicroManager.obj
         Debug\MicroUtil.obj
         Debug\ObserverManager.obj
         Debug\RangedManager.obj
         Debug\TransportManager.obj
         Debug\Options.obj
         Debug\ReplayVisualizer.obj
         Debug\ScoutManager.obj
         Debug\Squad.obj
         Debug\SquadData.obj
         Debug\StrategyManager.obj
         Debug\NUSBotModule.obj
         Debug\UnitCommandData.obj
         Debug\UnitCommandManager.obj
         Debug\UnitData.obj
         Debug\Visualizer.obj
         Debug\COAManager.obj
         Debug\ThreatManager.obj
     1>LINK : warning LNK4044: unrecognized option '/SDL.lib'; ignored
     1>LINK : warning LNK4044: unrecognized option '/SDLmain.lib'; ignored
     1>LINK : warning LNK4044: unrecognized option '/opengl32.lib'; ignored
     1>LINK : warning LNK4044: unrecognized option '/SDL_image.lib'; ignored
     1>LINK : warning LNK4044: unrecognized option '/SDL_gfx.lib'; ignored
     1>LINK : warning LNK4044: unrecognized option '/SDL.lib'; ignored
     1>LINK : warning LNK4044: unrecognized option '/SDLmain.lib'; ignored
     1>LINK : warning LNK4044: unrecognized option '/opengl32.lib'; ignored
     1>LINK : warning LNK4044: unrecognized option '/SDL_image.lib'; ignored
     1>LINK : warning LNK4044: unrecognized option '/SDL_gfx.lib'; ignored
            Creating library E:\projects\fyp\google_codes\trunk\NUSBot\src\NUSBot\VisualStudio\Debug\NUSBot.lib and object E:\projects\fyp\google_codes\trunk\NUSBot\src\NUSBot\VisualStudio\Debug\NUSBot.exp
     1>LINK : warning LNK4098: defaultlib 'LIBCMTD' conflicts with use of other libs; use /NODEFAULTLIB:library
         NUSBot.vcxproj -> E:\projects\fyp\google_codes\trunk\NUSBot\src\NUSBot\VisualStudio\Debug\NUSBot.dll
     1>Done Building Project "E:\projects\fyp\google_codes\trunk\NUSBot\src\NUSBot\VisualStudio\NUSBot.vcxproj" (Build target(s)).

Build succeeded.

Time Elapsed 00:00:39.62
