E:\PROJECTS\FYP\GOOGLE_CODES\TRUNK\NUSBOT\SRC\STARCRAFTBUILDORDERSEARCH\VISUALSTUDIO\RELEASE\STARCRAFTBUILDORDERSEARCH.BSC
E:\PROJECTS\FYP\GOOGLE_CODES\TRUNK\NUSBOT\SRC\STARCRAFTBUILDORDERSEARCH\VISUALSTUDIO\RELEASE\STARCRAFTDATA.SBR
E:\PROJECTS\FYP\GOOGLE_CODES\TRUNK\NUSBOT\SRC\STARCRAFTBUILDORDERSEARCH\VISUALSTUDIO\RELEASE\TEST.SBR
E:\PROJECTS\FYP\GOOGLE_CODES\TRUNK\NUSBOT\SRC\STARCRAFTBUILDORDERSEARCH\VISUALSTUDIO\RELEASE\TEST.OBJ
E:\PROJECTS\FYP\GOOGLE_CODES\TRUNK\NUSBOT\SRC\STARCRAFTBUILDORDERSEARCH\VISUALSTUDIO\RELEASE\STARCRAFTDATA.OBJ
E:\PROJECTS\FYP\GOOGLE_CODES\TRUNK\NUSBOT\SRC\STARCRAFTBUILDORDERSEARCH\VISUALSTUDIO\RELEASE\VC90.PDB
E:\PROJECTS\FYP\GOOGLE_CODES\TRUNK\NUSBOT\SRC\STARCRAFTBUILDORDERSEARCH\VISUALSTUDIO\RELEASE\STARCRAFTBUILDORDERSEARCH.EXE
E:\PROJECTS\FYP\GOOGLE_CODES\TRUNK\NUSBOT\SRC\STARCRAFTBUILDORDERSEARCH\VISUALSTUDIO\RELEASE\STARCRAFTBUILDORDERSEARCH.MAP
E:\PROJECTS\FYP\GOOGLE_CODES\TRUNK\NUSBOT\SRC\STARCRAFTBUILDORDERSEARCH\VISUALSTUDIO\RELEASE\STARCRAFTBUILDORDERSEARCH.EXE.INTERMEDIATE.MANIFEST
E:\PROJECTS\FYP\GOOGLE_CODES\TRUNK\NUSBOT\SRC\STARCRAFTBUILDORDERSEARCH\VISUALSTUDIO\RELEASE\STARCRAFTBUILDORDERSEARCH.PDB
E:\projects\fyp\google_codes\trunk\NUSBot\src\StarcraftBuildOrderSearch\VisualStudio\Release\StarcraftData.obj
E:\projects\fyp\google_codes\trunk\NUSBot\src\StarcraftBuildOrderSearch\VisualStudio\Release\test.obj
E:\projects\fyp\google_codes\trunk\NUSBot\src\StarcraftBuildOrderSearch\VisualStudio\Release\BscMake.command.1.tlog
E:\projects\fyp\google_codes\trunk\NUSBot\src\StarcraftBuildOrderSearch\VisualStudio\Release\bscmake.read.1.tlog
E:\projects\fyp\google_codes\trunk\NUSBot\src\StarcraftBuildOrderSearch\VisualStudio\Release\BscMake.write.1.tlog
E:\projects\fyp\google_codes\trunk\NUSBot\src\StarcraftBuildOrderSearch\VisualStudio\Release\cl.command.1.tlog
E:\projects\fyp\google_codes\trunk\NUSBot\src\StarcraftBuildOrderSearch\VisualStudio\Release\CL.read.1.tlog
E:\projects\fyp\google_codes\trunk\NUSBot\src\StarcraftBuildOrderSearch\VisualStudio\Release\CL.write.1.tlog
E:\projects\fyp\google_codes\trunk\NUSBot\src\StarcraftBuildOrderSearch\VisualStudio\Release\link.command.1.tlog
E:\projects\fyp\google_codes\trunk\NUSBot\src\StarcraftBuildOrderSearch\VisualStudio\Release\link.read.1.tlog
E:\projects\fyp\google_codes\trunk\NUSBot\src\StarcraftBuildOrderSearch\VisualStudio\Release\link.write.1.tlog
E:\projects\fyp\google_codes\trunk\NUSBot\src\StarcraftBuildOrderSearch\VisualStudio\Release\mt.command.1.tlog
E:\projects\fyp\google_codes\trunk\NUSBot\src\StarcraftBuildOrderSearch\VisualStudio\Release\mt.read.1.tlog
E:\projects\fyp\google_codes\trunk\NUSBot\src\StarcraftBuildOrderSearch\VisualStudio\Release\mt.write.1.tlog
E:\projects\fyp\google_codes\trunk\NUSBot\src\StarcraftBuildOrderSearch\VisualStudio\Release\StarcraftBuildOrderSearch.exe.intermediate.manifest
E:\projects\fyp\google_codes\trunk\NUSBot\src\StarcraftBuildOrderSearch\VisualStudio\Release\StarcraftBuildOrderSearch.pdb
E:\projects\fyp\google_codes\trunk\NUSBot\src\StarcraftBuildOrderSearch\VisualStudio\Release\vc90.pdb
E:\projects\fyp\google_codes\trunk\NUSBot\src\StarcraftBuildOrderSearch\VisualStudio\Release\StarcraftBuildOrderSearch.bsc
E:\projects\fyp\google_codes\trunk\NUSBot\src\StarcraftBuildOrderSearch\VisualStudio\Release\StarcraftData.sbr
E:\projects\fyp\google_codes\trunk\NUSBot\src\StarcraftBuildOrderSearch\VisualStudio\Release\test.sbr
E:\projects\fyp\google_codes\trunk\NUSBot\src\StarcraftBuildOrderSearch\VisualStudio\Release\StarcraftBuildOrderSearch.exe
