Build started 8/6/2014 1:56:11 AM.
     1>Project "E:\projects\fyp\google_codes\trunk\NUSBot\src\NUSBot\VisualStudio\NUSBot.vcxproj" on node 2 (Rebuild target(s)).
     1>ClCompile:
         C:\Program Files\Microsoft Visual Studio 9.0\VC\bin\CL.exe /c /I../Source /IE:\projects\fyp\google_codes\libs\BWAPI/include /IE:\projects\fyp\google_codes\libs\boost /I/include /I/include /I/include/freetype2 /I/include /Zi /nologo /W3 /WX- /Ox /Ob2 /Oi /Ot /Oy- /GL /D CODE_ANALYSIS /D WIN32 /D NDEBUG /D _WINDOWS /D _USRDLL /D EXAMPLEAIMODULE_EXPORTS /D NOMINMAX /D _WINDLL /D _UNICODE /D UNICODE /Gm- /EHsc /MD /GS /Gy /fp:precise /Zc:wchar_t /Zc:forScope /Fo"Release\\" /Fd"Release\vc90.pdb" /FR"Release\\" /Gd /TP /analyze /errorReport:prompt ..\Source\base\BuildLearner.cpp ..\Source\CombatSimulation.cpp ..\Source\MicroSearchManager.cpp ..\Source\base\BuildingData.cpp ..\Source\base\BuildingManager.cpp ..\Source\base\BuildingPlacer.cpp ..\Source\base\BuildOrderGoalManager.cpp ..\Source\base\BuildOrderQueue.cpp ..\Source\base\ProductionManager.cpp ..\Source\base\StarcraftBuildOrderSearchManager.cpp ..\Source\base\WorkerData.cpp ..\Source\base\WorkerManager.cpp ..\Source\CombatCommander.cpp ..\Source\Common.cpp ..\Source\Dll.cpp ..\Source\IPBManager.cpp ..\Source\HardCodedInfo.cpp ..\Source\InformationManager.cpp ..\Source\Logger.cpp ..\Source\MapGrid.cpp ..\Source\MapTools.cpp ..\Source\micromanagement\DetectorManager.cpp ..\Source\micromanagement\MeleeManager.cpp ..\Source\micromanagement\MicroManager.cpp ..\Source\micromanagement\MicroUtil.cpp ..\Source\micromanagement\ObserverManager.cpp ..\Source\micromanagement\RangedManager.cpp ..\Source\micromanagement\TransportManager.cpp ..\Source\Options.cpp ..\Source\ReplayVisualizer.cpp ..\Source\ScoutManager.cpp ..\Source\Squad.cpp ..\Source\SquadData.cpp ..\Source\StrategyManager.cpp ..\Source\NUSBotModule.cpp ..\Source\UnitCommandData.cpp ..\Source\UnitCommandManager.cpp ..\Source\UnitData.cpp ..\Source\Visualizer.cpp COAManager.cpp ThreatManager.cpp
     1>cl : Command line warning D9040: ignoring option '/analyze'; Code Analysis warnings are not available in this edition of the compiler
         BuildLearner.cpp
         CombatSimulation.cpp
     1>..\Source\CombatSimulation.cpp(31): warning C4101: 'e' : unreferenced local variable
     1>..\Source\CombatSimulation.cpp(46): warning C4101: 'e' : unreferenced local variable
     1>..\Source\CombatSimulation.cpp(112): warning C4101: 'e' : unreferenced local variable
         MicroSearchManager.cpp
         BuildingData.cpp
         BuildingManager.cpp
         BuildingPlacer.cpp
         BuildOrderGoalManager.cpp
         BuildOrderQueue.cpp
         ProductionManager.cpp
         StarcraftBuildOrderSearchManager.cpp
         WorkerData.cpp
         WorkerManager.cpp
         CombatCommander.cpp
         Common.cpp
         Dll.cpp
         IPBManager.cpp
     1>..\Source\IPBManager.cpp(378): warning C4553: '==' : operator has no effect; did you intend '='?
         HardCodedInfo.cpp
         InformationManager.cpp
         Logger.cpp
         MapGrid.cpp
         Compiling...
         MapTools.cpp
         DetectorManager.cpp
         MeleeManager.cpp
         MicroManager.cpp
         MicroUtil.cpp
         ObserverManager.cpp
         RangedManager.cpp
         TransportManager.cpp
         Options.cpp
         ReplayVisualizer.cpp
         ScoutManager.cpp
         Squad.cpp
         SquadData.cpp
         StrategyManager.cpp
         NUSBotModule.cpp
     1>..\Source\NUSBotModule.cpp(30): error C2653: 'GAME_PHASE' : is not a class or namespace name
     1>..\Source\NUSBotModule.cpp(30): error C2065: 'OPENING' : undeclared identifier
     1>..\Source\NUSBotModule.cpp(163): warning C4018: '<' : signed/unsigned mismatch
     1>..\Source\NUSBotModule.cpp(174): warning C4018: '<' : signed/unsigned mismatch
         UnitCommandData.cpp
     1>..\Source\UnitCommandData.cpp : error C2471: cannot update program database 'e:\projects\fyp\google_codes\trunk\nusbot\src\nusbot\visualstudio\release\vc90.pdb'
     1>..\Source\UnitCommandData.cpp(86): fatal error C1903: unable to recover from previous error(s); stopping compilation
     1>..\Source\UnitCommandData.cpp(86): error C2418: cannot delete browser file: Release\UnitCommandData.sbr
         UnitCommandManager.cpp
     1>..\Source\UnitCommandManager.cpp : error C2471: cannot update program database 'e:\projects\fyp\google_codes\trunk\nusbot\src\nusbot\visualstudio\release\vc90.pdb'
     1>..\Source\UnitCommandManager.cpp(216): fatal error C1903: unable to recover from previous error(s); stopping compilation
     1>..\Source\UnitCommandManager.cpp(216): error C2418: cannot delete browser file: Release\UnitCommandManager.sbr
         UnitData.cpp
     1>..\Source\UnitData.cpp : error C2471: cannot update program database 'e:\projects\fyp\google_codes\trunk\nusbot\src\nusbot\visualstudio\release\vc90.pdb'
     1>..\Source\UnitData.cpp(165): fatal error C1903: unable to recover from previous error(s); stopping compilation
     1>..\Source\UnitData.cpp(165): error C2418: cannot delete browser file: Release\UnitData.sbr
         Visualizer.cpp
     1>..\Source\Visualizer.cpp : error C2471: cannot update program database 'e:\projects\fyp\google_codes\trunk\nusbot\src\nusbot\visualstudio\release\vc90.pdb'
     1>..\Source\Visualizer.cpp(77): fatal error C1903: unable to recover from previous error(s); stopping compilation
     1>..\Source\Visualizer.cpp(77): error C2418: cannot delete browser file: Release\Visualizer.sbr
         COAManager.cpp
     1>COAManager.cpp : error C2471: cannot update program database 'e:\projects\fyp\google_codes\trunk\nusbot\src\nusbot\visualstudio\release\vc90.pdb'
     1>COAManager.cpp(12): fatal error C1903: unable to recover from previous error(s); stopping compilation
     1>COAManager.cpp(12): error C2418: cannot delete browser file: Release\COAManager.sbr
         Compiling...
         ThreatManager.cpp
     1>ThreatManager.cpp : error C2471: cannot update program database 'e:\projects\fyp\google_codes\trunk\nusbot\src\nusbot\visualstudio\release\vc90.pdb'
     1>ThreatManager.cpp(12): fatal error C1903: unable to recover from previous error(s); stopping compilation
     1>ThreatManager.cpp(12): error C2418: cannot delete browser file: Release\ThreatManager.sbr
     1>Done Building Project "E:\projects\fyp\google_codes\trunk\NUSBot\src\NUSBot\VisualStudio\NUSBot.vcxproj" (Rebuild target(s)) -- FAILED.

Build FAILED.

Time Elapsed 00:02:52.77
