E:\PROJECTS\FYP\BOTS_CODES\NUSBOT\SRC\NUSBOT\VISUALSTUDIO\RELEASE\NUSBOT.BSC
E:\PROJECTS\FYP\BOTS_CODES\NUSBOT\SRC\NUSBOT\VISUALSTUDIO\RELEASE\BUILDLEARNER.SBR
E:\PROJECTS\FYP\BOTS_CODES\NUSBOT\SRC\NUSBOT\VISUALSTUDIO\RELEASE\COMBATSIMULATION.SBR
E:\PROJECTS\FYP\BOTS_CODES\NUSBOT\SRC\NUSBOT\VISUALSTUDIO\RELEASE\MICROSEARCHMANAGER.SBR
E:\PROJECTS\FYP\BOTS_CODES\NUSBOT\SRC\NUSBOT\VISUALSTUDIO\RELEASE\BUILDINGDATA.SBR
E:\PROJECTS\FYP\BOTS_CODES\NUSBOT\SRC\NUSBOT\VISUALSTUDIO\RELEASE\BUILDINGMANAGER.SBR
E:\PROJECTS\FYP\BOTS_CODES\NUSBOT\SRC\NUSBOT\VISUALSTUDIO\RELEASE\BUILDINGPLACER.SBR
E:\PROJECTS\FYP\BOTS_CODES\NUSBOT\SRC\NUSBOT\VISUALSTUDIO\RELEASE\BUILDORDERGOALMANAGER.SBR
E:\PROJECTS\FYP\BOTS_CODES\NUSBOT\SRC\NUSBOT\VISUALSTUDIO\RELEASE\BUILDORDERQUEUE.SBR
E:\PROJECTS\FYP\BOTS_CODES\NUSBOT\SRC\NUSBOT\VISUALSTUDIO\RELEASE\PRODUCTIONMANAGER.SBR
E:\PROJECTS\FYP\BOTS_CODES\NUSBOT\SRC\NUSBOT\VISUALSTUDIO\RELEASE\STARCRAFTBUILDORDERSEARCHMANAGER.SBR
E:\PROJECTS\FYP\BOTS_CODES\NUSBOT\SRC\NUSBOT\VISUALSTUDIO\RELEASE\WORKERDATA.SBR
E:\PROJECTS\FYP\BOTS_CODES\NUSBOT\SRC\NUSBOT\VISUALSTUDIO\RELEASE\WORKERMANAGER.SBR
E:\PROJECTS\FYP\BOTS_CODES\NUSBOT\SRC\NUSBOT\VISUALSTUDIO\RELEASE\COMBATCOMMANDER.SBR
E:\PROJECTS\FYP\BOTS_CODES\NUSBOT\SRC\NUSBOT\VISUALSTUDIO\RELEASE\COMMON.SBR
E:\PROJECTS\FYP\BOTS_CODES\NUSBOT\SRC\NUSBOT\VISUALSTUDIO\RELEASE\DLL.SBR
E:\PROJECTS\FYP\BOTS_CODES\NUSBOT\SRC\NUSBOT\VISUALSTUDIO\RELEASE\GAMECOMMANDER.SBR
E:\PROJECTS\FYP\BOTS_CODES\NUSBOT\SRC\NUSBOT\VISUALSTUDIO\RELEASE\HARDCODEDINFO.SBR
E:\PROJECTS\FYP\BOTS_CODES\NUSBOT\SRC\NUSBOT\VISUALSTUDIO\RELEASE\INFORMATIONMANAGER.SBR
E:\PROJECTS\FYP\BOTS_CODES\NUSBOT\SRC\NUSBOT\VISUALSTUDIO\RELEASE\LOGGER.SBR
E:\PROJECTS\FYP\BOTS_CODES\NUSBOT\SRC\NUSBOT\VISUALSTUDIO\RELEASE\MAPGRID.SBR
E:\PROJECTS\FYP\BOTS_CODES\NUSBOT\SRC\NUSBOT\VISUALSTUDIO\RELEASE\MAPGRID.OBJ
E:\PROJECTS\FYP\BOTS_CODES\NUSBOT\SRC\NUSBOT\VISUALSTUDIO\RELEASE\LOGGER.OBJ
E:\PROJECTS\FYP\BOTS_CODES\NUSBOT\SRC\NUSBOT\VISUALSTUDIO\RELEASE\INFORMATIONMANAGER.OBJ
E:\PROJECTS\FYP\BOTS_CODES\NUSBOT\SRC\NUSBOT\VISUALSTUDIO\RELEASE\HARDCODEDINFO.OBJ
E:\PROJECTS\FYP\BOTS_CODES\NUSBOT\SRC\NUSBOT\VISUALSTUDIO\RELEASE\GAMECOMMANDER.OBJ
E:\PROJECTS\FYP\BOTS_CODES\NUSBOT\SRC\NUSBOT\VISUALSTUDIO\RELEASE\DLL.OBJ
E:\PROJECTS\FYP\BOTS_CODES\NUSBOT\SRC\NUSBOT\VISUALSTUDIO\RELEASE\COMMON.OBJ
E:\PROJECTS\FYP\BOTS_CODES\NUSBOT\SRC\NUSBOT\VISUALSTUDIO\RELEASE\COMBATCOMMANDER.OBJ
E:\PROJECTS\FYP\BOTS_CODES\NUSBOT\SRC\NUSBOT\VISUALSTUDIO\RELEASE\WORKERMANAGER.OBJ
E:\PROJECTS\FYP\BOTS_CODES\NUSBOT\SRC\NUSBOT\VISUALSTUDIO\RELEASE\WORKERDATA.OBJ
E:\PROJECTS\FYP\BOTS_CODES\NUSBOT\SRC\NUSBOT\VISUALSTUDIO\RELEASE\STARCRAFTBUILDORDERSEARCHMANAGER.OBJ
E:\PROJECTS\FYP\BOTS_CODES\NUSBOT\SRC\NUSBOT\VISUALSTUDIO\RELEASE\PRODUCTIONMANAGER.OBJ
E:\PROJECTS\FYP\BOTS_CODES\NUSBOT\SRC\NUSBOT\VISUALSTUDIO\RELEASE\BUILDORDERQUEUE.OBJ
E:\PROJECTS\FYP\BOTS_CODES\NUSBOT\SRC\NUSBOT\VISUALSTUDIO\RELEASE\BUILDORDERGOALMANAGER.OBJ
E:\PROJECTS\FYP\BOTS_CODES\NUSBOT\SRC\NUSBOT\VISUALSTUDIO\RELEASE\BUILDINGPLACER.OBJ
E:\PROJECTS\FYP\BOTS_CODES\NUSBOT\SRC\NUSBOT\VISUALSTUDIO\RELEASE\BUILDINGMANAGER.OBJ
E:\PROJECTS\FYP\BOTS_CODES\NUSBOT\SRC\NUSBOT\VISUALSTUDIO\RELEASE\BUILDINGDATA.OBJ
E:\PROJECTS\FYP\BOTS_CODES\NUSBOT\SRC\NUSBOT\VISUALSTUDIO\RELEASE\MICROSEARCHMANAGER.OBJ
E:\PROJECTS\FYP\BOTS_CODES\NUSBOT\SRC\NUSBOT\VISUALSTUDIO\RELEASE\COMBATSIMULATION.OBJ
E:\PROJECTS\FYP\BOTS_CODES\NUSBOT\SRC\NUSBOT\VISUALSTUDIO\RELEASE\BUILDLEARNER.OBJ
E:\PROJECTS\FYP\BOTS_CODES\NUSBOT\SRC\NUSBOT\VISUALSTUDIO\RELEASE\MAPTOOLS.SBR
E:\PROJECTS\FYP\BOTS_CODES\NUSBOT\SRC\NUSBOT\VISUALSTUDIO\RELEASE\DETECTORMANAGER.SBR
E:\PROJECTS\FYP\BOTS_CODES\NUSBOT\SRC\NUSBOT\VISUALSTUDIO\RELEASE\MELEEMANAGER.SBR
E:\PROJECTS\FYP\BOTS_CODES\NUSBOT\SRC\NUSBOT\VISUALSTUDIO\RELEASE\MICROMANAGER.SBR
E:\PROJECTS\FYP\BOTS_CODES\NUSBOT\SRC\NUSBOT\VISUALSTUDIO\RELEASE\MICROUTIL.SBR
E:\PROJECTS\FYP\BOTS_CODES\NUSBOT\SRC\NUSBOT\VISUALSTUDIO\RELEASE\OBSERVERMANAGER.SBR
E:\PROJECTS\FYP\BOTS_CODES\NUSBOT\SRC\NUSBOT\VISUALSTUDIO\RELEASE\RANGEDMANAGER.SBR
E:\PROJECTS\FYP\BOTS_CODES\NUSBOT\SRC\NUSBOT\VISUALSTUDIO\RELEASE\TRANSPORTMANAGER.SBR
E:\PROJECTS\FYP\BOTS_CODES\NUSBOT\SRC\NUSBOT\VISUALSTUDIO\RELEASE\OPTIONS.SBR
E:\PROJECTS\FYP\BOTS_CODES\NUSBOT\SRC\NUSBOT\VISUALSTUDIO\RELEASE\REPLAYVISUALIZER.SBR
E:\PROJECTS\FYP\BOTS_CODES\NUSBOT\SRC\NUSBOT\VISUALSTUDIO\RELEASE\SCOUTMANAGER.SBR
E:\PROJECTS\FYP\BOTS_CODES\NUSBOT\SRC\NUSBOT\VISUALSTUDIO\RELEASE\SQUAD.SBR
E:\PROJECTS\FYP\BOTS_CODES\NUSBOT\SRC\NUSBOT\VISUALSTUDIO\RELEASE\SQUADDATA.SBR
E:\PROJECTS\FYP\BOTS_CODES\NUSBOT\SRC\NUSBOT\VISUALSTUDIO\RELEASE\STRATEGYMANAGER.SBR
E:\PROJECTS\FYP\BOTS_CODES\NUSBOT\SRC\NUSBOT\VISUALSTUDIO\RELEASE\NUSBOTMODULE.SBR
E:\PROJECTS\FYP\BOTS_CODES\NUSBOT\SRC\NUSBOT\VISUALSTUDIO\RELEASE\UNITCOMMANDDATA.SBR
E:\PROJECTS\FYP\BOTS_CODES\NUSBOT\SRC\NUSBOT\VISUALSTUDIO\RELEASE\UNITCOMMANDMANAGER.SBR
E:\PROJECTS\FYP\BOTS_CODES\NUSBOT\SRC\NUSBOT\VISUALSTUDIO\RELEASE\UNITDATA.SBR
E:\PROJECTS\FYP\BOTS_CODES\NUSBOT\SRC\NUSBOT\VISUALSTUDIO\RELEASE\VISUALIZER.SBR
E:\PROJECTS\FYP\BOTS_CODES\NUSBOT\SRC\NUSBOT\VISUALSTUDIO\RELEASE\VISUALIZER.OBJ
E:\PROJECTS\FYP\BOTS_CODES\NUSBOT\SRC\NUSBOT\VISUALSTUDIO\RELEASE\UNITDATA.OBJ
E:\PROJECTS\FYP\BOTS_CODES\NUSBOT\SRC\NUSBOT\VISUALSTUDIO\RELEASE\UNITCOMMANDMANAGER.OBJ
E:\PROJECTS\FYP\BOTS_CODES\NUSBOT\SRC\NUSBOT\VISUALSTUDIO\RELEASE\UNITCOMMANDDATA.OBJ
E:\PROJECTS\FYP\BOTS_CODES\NUSBOT\SRC\NUSBOT\VISUALSTUDIO\RELEASE\NUSBOTMODULE.OBJ
E:\PROJECTS\FYP\BOTS_CODES\NUSBOT\SRC\NUSBOT\VISUALSTUDIO\RELEASE\STRATEGYMANAGER.OBJ
E:\PROJECTS\FYP\BOTS_CODES\NUSBOT\SRC\NUSBOT\VISUALSTUDIO\RELEASE\SQUADDATA.OBJ
E:\PROJECTS\FYP\BOTS_CODES\NUSBOT\SRC\NUSBOT\VISUALSTUDIO\RELEASE\SQUAD.OBJ
E:\PROJECTS\FYP\BOTS_CODES\NUSBOT\SRC\NUSBOT\VISUALSTUDIO\RELEASE\SCOUTMANAGER.OBJ
E:\PROJECTS\FYP\BOTS_CODES\NUSBOT\SRC\NUSBOT\VISUALSTUDIO\RELEASE\REPLAYVISUALIZER.OBJ
E:\PROJECTS\FYP\BOTS_CODES\NUSBOT\SRC\NUSBOT\VISUALSTUDIO\RELEASE\OPTIONS.OBJ
E:\PROJECTS\FYP\BOTS_CODES\NUSBOT\SRC\NUSBOT\VISUALSTUDIO\RELEASE\TRANSPORTMANAGER.OBJ
E:\PROJECTS\FYP\BOTS_CODES\NUSBOT\SRC\NUSBOT\VISUALSTUDIO\RELEASE\RANGEDMANAGER.OBJ
E:\PROJECTS\FYP\BOTS_CODES\NUSBOT\SRC\NUSBOT\VISUALSTUDIO\RELEASE\OBSERVERMANAGER.OBJ
E:\PROJECTS\FYP\BOTS_CODES\NUSBOT\SRC\NUSBOT\VISUALSTUDIO\RELEASE\MICROUTIL.OBJ
E:\PROJECTS\FYP\BOTS_CODES\NUSBOT\SRC\NUSBOT\VISUALSTUDIO\RELEASE\MICROMANAGER.OBJ
E:\PROJECTS\FYP\BOTS_CODES\NUSBOT\SRC\NUSBOT\VISUALSTUDIO\RELEASE\MELEEMANAGER.OBJ
E:\PROJECTS\FYP\BOTS_CODES\NUSBOT\SRC\NUSBOT\VISUALSTUDIO\RELEASE\DETECTORMANAGER.OBJ
E:\PROJECTS\FYP\BOTS_CODES\NUSBOT\SRC\NUSBOT\VISUALSTUDIO\RELEASE\MAPTOOLS.OBJ
E:\PROJECTS\FYP\BOTS_CODES\NUSBOT\SRC\NUSBOT\VISUALSTUDIO\RELEASE\VC90.PDB
E:\PROJECTS\FYP\BOTS_CODES\NUSBOT\SRC\NUSBOT\VISUALSTUDIO\RELEASE\NUSBOT.DLL
E:\PROJECTS\FYP\BOTS_CODES\NUSBOT\SRC\NUSBOT\VISUALSTUDIO\RELEASE\NUSBOT.MAP
E:\PROJECTS\FYP\BOTS_CODES\NUSBOT\SRC\NUSBOT\VISUALSTUDIO\RELEASE\NUSBOT.DLL.INTERMEDIATE.MANIFEST
E:\PROJECTS\FYP\BOTS_CODES\NUSBOT\SRC\NUSBOT\VISUALSTUDIO\RELEASE\NUSBOT.PDB
E:\projects\fyp\bots_codes\NUSBot\src\NUSBot\VisualStudio\Release\NUSBot.lib
E:\projects\fyp\bots_codes\NUSBot\src\NUSBot\VisualStudio\Release\NUSBot.exp
H:\0000GZ\RnD 5000 Project nus-bot\Bot_SRC\NUS-Bot\NUS-Bot RND\nus-bot\trunk\NUSBot\src\NUSBot\VisualStudio\Release\BuildingData.obj
H:\0000GZ\RnD 5000 Project nus-bot\Bot_SRC\NUS-Bot\NUS-Bot RND\nus-bot\trunk\NUSBot\src\NUSBot\VisualStudio\Release\BuildingManager.obj
H:\0000GZ\RnD 5000 Project nus-bot\Bot_SRC\NUS-Bot\NUS-Bot RND\nus-bot\trunk\NUSBot\src\NUSBot\VisualStudio\Release\BuildingPlacer.obj
H:\0000GZ\RnD 5000 Project nus-bot\Bot_SRC\NUS-Bot\NUS-Bot RND\nus-bot\trunk\NUSBot\src\NUSBot\VisualStudio\Release\BuildLearner.obj
H:\0000GZ\RnD 5000 Project nus-bot\Bot_SRC\NUS-Bot\NUS-Bot RND\nus-bot\trunk\NUSBot\src\NUSBot\VisualStudio\Release\BuildOrderGoalManager.obj
H:\0000GZ\RnD 5000 Project nus-bot\Bot_SRC\NUS-Bot\NUS-Bot RND\nus-bot\trunk\NUSBot\src\NUSBot\VisualStudio\Release\BuildOrderQueue.obj
H:\0000GZ\RnD 5000 Project nus-bot\Bot_SRC\NUS-Bot\NUS-Bot RND\nus-bot\trunk\NUSBot\src\NUSBot\VisualStudio\Release\CombatCommander.obj
H:\0000GZ\RnD 5000 Project nus-bot\Bot_SRC\NUS-Bot\NUS-Bot RND\nus-bot\trunk\NUSBot\src\NUSBot\VisualStudio\Release\CombatSimulation.obj
H:\0000GZ\RnD 5000 Project nus-bot\Bot_SRC\NUS-Bot\NUS-Bot RND\nus-bot\trunk\NUSBot\src\NUSBot\VisualStudio\Release\Common.obj
H:\0000GZ\RnD 5000 Project nus-bot\Bot_SRC\NUS-Bot\NUS-Bot RND\nus-bot\trunk\NUSBot\src\NUSBot\VisualStudio\Release\DetectorManager.obj
H:\0000GZ\RnD 5000 Project nus-bot\Bot_SRC\NUS-Bot\NUS-Bot RND\nus-bot\trunk\NUSBot\src\NUSBot\VisualStudio\Release\Dll.obj
H:\0000GZ\RnD 5000 Project nus-bot\Bot_SRC\NUS-Bot\NUS-Bot RND\nus-bot\trunk\NUSBot\src\NUSBot\VisualStudio\Release\GameCommander.obj
H:\0000GZ\RnD 5000 Project nus-bot\Bot_SRC\NUS-Bot\NUS-Bot RND\nus-bot\trunk\NUSBot\src\NUSBot\VisualStudio\Release\HardCodedInfo.obj
H:\0000GZ\RnD 5000 Project nus-bot\Bot_SRC\NUS-Bot\NUS-Bot RND\nus-bot\trunk\NUSBot\src\NUSBot\VisualStudio\Release\InformationManager.obj
H:\0000GZ\RnD 5000 Project nus-bot\Bot_SRC\NUS-Bot\NUS-Bot RND\nus-bot\trunk\NUSBot\src\NUSBot\VisualStudio\Release\Logger.obj
H:\0000GZ\RnD 5000 Project nus-bot\Bot_SRC\NUS-Bot\NUS-Bot RND\nus-bot\trunk\NUSBot\src\NUSBot\VisualStudio\Release\MapGrid.obj
H:\0000GZ\RnD 5000 Project nus-bot\Bot_SRC\NUS-Bot\NUS-Bot RND\nus-bot\trunk\NUSBot\src\NUSBot\VisualStudio\Release\MapTools.obj
H:\0000GZ\RnD 5000 Project nus-bot\Bot_SRC\NUS-Bot\NUS-Bot RND\nus-bot\trunk\NUSBot\src\NUSBot\VisualStudio\Release\MeleeManager.obj
H:\0000GZ\RnD 5000 Project nus-bot\Bot_SRC\NUS-Bot\NUS-Bot RND\nus-bot\trunk\NUSBot\src\NUSBot\VisualStudio\Release\MicroManager.obj
H:\0000GZ\RnD 5000 Project nus-bot\Bot_SRC\NUS-Bot\NUS-Bot RND\nus-bot\trunk\NUSBot\src\NUSBot\VisualStudio\Release\MicroSearchManager.obj
H:\0000GZ\RnD 5000 Project nus-bot\Bot_SRC\NUS-Bot\NUS-Bot RND\nus-bot\trunk\NUSBot\src\NUSBot\VisualStudio\Release\MicroUtil.obj
H:\0000GZ\RnD 5000 Project nus-bot\Bot_SRC\NUS-Bot\NUS-Bot RND\nus-bot\trunk\NUSBot\src\NUSBot\VisualStudio\Release\NUSBotModule.obj
H:\0000GZ\RnD 5000 Project nus-bot\Bot_SRC\NUS-Bot\NUS-Bot RND\nus-bot\trunk\NUSBot\src\NUSBot\VisualStudio\Release\ObserverManager.obj
H:\0000GZ\RnD 5000 Project nus-bot\Bot_SRC\NUS-Bot\NUS-Bot RND\nus-bot\trunk\NUSBot\src\NUSBot\VisualStudio\Release\Options.obj
H:\0000GZ\RnD 5000 Project nus-bot\Bot_SRC\NUS-Bot\NUS-Bot RND\nus-bot\trunk\NUSBot\src\NUSBot\VisualStudio\Release\ProductionManager.obj
H:\0000GZ\RnD 5000 Project nus-bot\Bot_SRC\NUS-Bot\NUS-Bot RND\nus-bot\trunk\NUSBot\src\NUSBot\VisualStudio\Release\RangedManager.obj
H:\0000GZ\RnD 5000 Project nus-bot\Bot_SRC\NUS-Bot\NUS-Bot RND\nus-bot\trunk\NUSBot\src\NUSBot\VisualStudio\Release\ReplayVisualizer.obj
H:\0000GZ\RnD 5000 Project nus-bot\Bot_SRC\NUS-Bot\NUS-Bot RND\nus-bot\trunk\NUSBot\src\NUSBot\VisualStudio\Release\ScoutManager.obj
H:\0000GZ\RnD 5000 Project nus-bot\Bot_SRC\NUS-Bot\NUS-Bot RND\nus-bot\trunk\NUSBot\src\NUSBot\VisualStudio\Release\Squad.obj
H:\0000GZ\RnD 5000 Project nus-bot\Bot_SRC\NUS-Bot\NUS-Bot RND\nus-bot\trunk\NUSBot\src\NUSBot\VisualStudio\Release\SquadData.obj
H:\0000GZ\RnD 5000 Project nus-bot\Bot_SRC\NUS-Bot\NUS-Bot RND\nus-bot\trunk\NUSBot\src\NUSBot\VisualStudio\Release\StarcraftBuildOrderSearchManager.obj
H:\0000GZ\RnD 5000 Project nus-bot\Bot_SRC\NUS-Bot\NUS-Bot RND\nus-bot\trunk\NUSBot\src\NUSBot\VisualStudio\Release\StrategyManager.obj
H:\0000GZ\RnD 5000 Project nus-bot\Bot_SRC\NUS-Bot\NUS-Bot RND\nus-bot\trunk\NUSBot\src\NUSBot\VisualStudio\Release\TransportManager.obj
H:\0000GZ\RnD 5000 Project nus-bot\Bot_SRC\NUS-Bot\NUS-Bot RND\nus-bot\trunk\NUSBot\src\NUSBot\VisualStudio\Release\UnitCommandData.obj
H:\0000GZ\RnD 5000 Project nus-bot\Bot_SRC\NUS-Bot\NUS-Bot RND\nus-bot\trunk\NUSBot\src\NUSBot\VisualStudio\Release\UnitCommandManager.obj
H:\0000GZ\RnD 5000 Project nus-bot\Bot_SRC\NUS-Bot\NUS-Bot RND\nus-bot\trunk\NUSBot\src\NUSBot\VisualStudio\Release\UnitData.obj
H:\0000GZ\RnD 5000 Project nus-bot\Bot_SRC\NUS-Bot\NUS-Bot RND\nus-bot\trunk\NUSBot\src\NUSBot\VisualStudio\Release\Visualizer.obj
H:\0000GZ\RnD 5000 Project nus-bot\Bot_SRC\NUS-Bot\NUS-Bot RND\nus-bot\trunk\NUSBot\src\NUSBot\VisualStudio\Release\WorkerData.obj
H:\0000GZ\RnD 5000 Project nus-bot\Bot_SRC\NUS-Bot\NUS-Bot RND\nus-bot\trunk\NUSBot\src\NUSBot\VisualStudio\Release\WorkerManager.obj
H:\0000GZ\RnD 5000 Project nus-bot\Bot_SRC\NUS-Bot\NUS-Bot RND\nus-bot\trunk\NUSBot\src\NUSBot\VisualStudio\Release\BscMake.command.1.tlog
H:\0000GZ\RnD 5000 Project nus-bot\Bot_SRC\NUS-Bot\NUS-Bot RND\nus-bot\trunk\NUSBot\src\NUSBot\VisualStudio\Release\bscmake.read.1.tlog
H:\0000GZ\RnD 5000 Project nus-bot\Bot_SRC\NUS-Bot\NUS-Bot RND\nus-bot\trunk\NUSBot\src\NUSBot\VisualStudio\Release\BscMake.write.1.tlog
H:\0000GZ\RnD 5000 Project nus-bot\Bot_SRC\NUS-Bot\NUS-Bot RND\nus-bot\trunk\NUSBot\src\NUSBot\VisualStudio\Release\cl.command.1.tlog
H:\0000GZ\RnD 5000 Project nus-bot\Bot_SRC\NUS-Bot\NUS-Bot RND\nus-bot\trunk\NUSBot\src\NUSBot\VisualStudio\Release\CL.read.1.tlog
H:\0000GZ\RnD 5000 Project nus-bot\Bot_SRC\NUS-Bot\NUS-Bot RND\nus-bot\trunk\NUSBot\src\NUSBot\VisualStudio\Release\CL.write.1.tlog
H:\0000GZ\RnD 5000 Project nus-bot\Bot_SRC\NUS-Bot\NUS-Bot RND\nus-bot\trunk\NUSBot\src\NUSBot\VisualStudio\Release\link.command.1.tlog
H:\0000GZ\RnD 5000 Project nus-bot\Bot_SRC\NUS-Bot\NUS-Bot RND\nus-bot\trunk\NUSBot\src\NUSBot\VisualStudio\Release\link.read.1.tlog
H:\0000GZ\RnD 5000 Project nus-bot\Bot_SRC\NUS-Bot\NUS-Bot RND\nus-bot\trunk\NUSBot\src\NUSBot\VisualStudio\Release\link.write.1.tlog
H:\0000GZ\RnD 5000 Project nus-bot\Bot_SRC\NUS-Bot\NUS-Bot RND\nus-bot\trunk\NUSBot\src\NUSBot\VisualStudio\Release\mt.command.1.tlog
H:\0000GZ\RnD 5000 Project nus-bot\Bot_SRC\NUS-Bot\NUS-Bot RND\nus-bot\trunk\NUSBot\src\NUSBot\VisualStudio\Release\mt.read.1.tlog
H:\0000GZ\RnD 5000 Project nus-bot\Bot_SRC\NUS-Bot\NUS-Bot RND\nus-bot\trunk\NUSBot\src\NUSBot\VisualStudio\Release\mt.write.1.tlog
H:\0000GZ\RnD 5000 Project nus-bot\Bot_SRC\NUS-Bot\NUS-Bot RND\nus-bot\trunk\NUSBot\src\NUSBot\VisualStudio\Release\NativeCodeAnalysis.read.1.tlog
H:\0000GZ\RnD 5000 Project nus-bot\Bot_SRC\NUS-Bot\NUS-Bot RND\nus-bot\trunk\NUSBot\src\NUSBot\VisualStudio\Release\NUSBot.write.1.tlog
H:\0000GZ\RnD 5000 Project nus-bot\Bot_SRC\NUS-Bot\NUS-Bot RND\nus-bot\trunk\NUSBot\src\NUSBot\VisualStudio\Release\NUSBot.dll.intermediate.manifest
H:\0000GZ\RnD 5000 Project nus-bot\Bot_SRC\NUS-Bot\NUS-Bot RND\nus-bot\trunk\NUSBot\src\NUSBot\VisualStudio\Release\NUSBot.exp
H:\0000GZ\RnD 5000 Project nus-bot\Bot_SRC\NUS-Bot\NUS-Bot RND\nus-bot\trunk\NUSBot\src\NUSBot\VisualStudio\Release\NUSBot.pdb
H:\0000GZ\RnD 5000 Project nus-bot\Bot_SRC\NUS-Bot\NUS-Bot RND\nus-bot\trunk\NUSBot\src\NUSBot\VisualStudio\Release\vc90.pdb
H:\0000GZ\RnD 5000 Project nus-bot\Bot_SRC\NUS-Bot\NUS-Bot RND\nus-bot\trunk\NUSBot\src\NUSBot\VisualStudio\Release\NUSBot.bsc
H:\0000GZ\RnD 5000 Project nus-bot\Bot_SRC\NUS-Bot\NUS-Bot RND\nus-bot\trunk\NUSBot\src\NUSBot\VisualStudio\Release\SparCraft.bsc
H:\0000GZ\RnD 5000 Project nus-bot\Bot_SRC\NUS-Bot\NUS-Bot RND\nus-bot\trunk\NUSBot\src\NUSBot\VisualStudio\Release\BuildingData.sbr
H:\0000GZ\RnD 5000 Project nus-bot\Bot_SRC\NUS-Bot\NUS-Bot RND\nus-bot\trunk\NUSBot\src\NUSBot\VisualStudio\Release\BuildingManager.sbr
H:\0000GZ\RnD 5000 Project nus-bot\Bot_SRC\NUS-Bot\NUS-Bot RND\nus-bot\trunk\NUSBot\src\NUSBot\VisualStudio\Release\BuildingPlacer.sbr
H:\0000GZ\RnD 5000 Project nus-bot\Bot_SRC\NUS-Bot\NUS-Bot RND\nus-bot\trunk\NUSBot\src\NUSBot\VisualStudio\Release\BuildLearner.sbr
H:\0000GZ\RnD 5000 Project nus-bot\Bot_SRC\NUS-Bot\NUS-Bot RND\nus-bot\trunk\NUSBot\src\NUSBot\VisualStudio\Release\BuildOrderGoalManager.sbr
H:\0000GZ\RnD 5000 Project nus-bot\Bot_SRC\NUS-Bot\NUS-Bot RND\nus-bot\trunk\NUSBot\src\NUSBot\VisualStudio\Release\BuildOrderQueue.sbr
H:\0000GZ\RnD 5000 Project nus-bot\Bot_SRC\NUS-Bot\NUS-Bot RND\nus-bot\trunk\NUSBot\src\NUSBot\VisualStudio\Release\CombatCommander.sbr
H:\0000GZ\RnD 5000 Project nus-bot\Bot_SRC\NUS-Bot\NUS-Bot RND\nus-bot\trunk\NUSBot\src\NUSBot\VisualStudio\Release\CombatSimulation.sbr
H:\0000GZ\RnD 5000 Project nus-bot\Bot_SRC\NUS-Bot\NUS-Bot RND\nus-bot\trunk\NUSBot\src\NUSBot\VisualStudio\Release\Common.sbr
H:\0000GZ\RnD 5000 Project nus-bot\Bot_SRC\NUS-Bot\NUS-Bot RND\nus-bot\trunk\NUSBot\src\NUSBot\VisualStudio\Release\DetectorManager.sbr
H:\0000GZ\RnD 5000 Project nus-bot\Bot_SRC\NUS-Bot\NUS-Bot RND\nus-bot\trunk\NUSBot\src\NUSBot\VisualStudio\Release\Dll.sbr
H:\0000GZ\RnD 5000 Project nus-bot\Bot_SRC\NUS-Bot\NUS-Bot RND\nus-bot\trunk\NUSBot\src\NUSBot\VisualStudio\Release\GameCommander.sbr
H:\0000GZ\RnD 5000 Project nus-bot\Bot_SRC\NUS-Bot\NUS-Bot RND\nus-bot\trunk\NUSBot\src\NUSBot\VisualStudio\Release\HardCodedInfo.sbr
H:\0000GZ\RnD 5000 Project nus-bot\Bot_SRC\NUS-Bot\NUS-Bot RND\nus-bot\trunk\NUSBot\src\NUSBot\VisualStudio\Release\InformationManager.sbr
H:\0000GZ\RnD 5000 Project nus-bot\Bot_SRC\NUS-Bot\NUS-Bot RND\nus-bot\trunk\NUSBot\src\NUSBot\VisualStudio\Release\Logger.sbr
H:\0000GZ\RnD 5000 Project nus-bot\Bot_SRC\NUS-Bot\NUS-Bot RND\nus-bot\trunk\NUSBot\src\NUSBot\VisualStudio\Release\MapGrid.sbr
H:\0000GZ\RnD 5000 Project nus-bot\Bot_SRC\NUS-Bot\NUS-Bot RND\nus-bot\trunk\NUSBot\src\NUSBot\VisualStudio\Release\MapTools.sbr
H:\0000GZ\RnD 5000 Project nus-bot\Bot_SRC\NUS-Bot\NUS-Bot RND\nus-bot\trunk\NUSBot\src\NUSBot\VisualStudio\Release\MeleeManager.sbr
H:\0000GZ\RnD 5000 Project nus-bot\Bot_SRC\NUS-Bot\NUS-Bot RND\nus-bot\trunk\NUSBot\src\NUSBot\VisualStudio\Release\MicroManager.sbr
H:\0000GZ\RnD 5000 Project nus-bot\Bot_SRC\NUS-Bot\NUS-Bot RND\nus-bot\trunk\NUSBot\src\NUSBot\VisualStudio\Release\MicroSearchManager.sbr
H:\0000GZ\RnD 5000 Project nus-bot\Bot_SRC\NUS-Bot\NUS-Bot RND\nus-bot\trunk\NUSBot\src\NUSBot\VisualStudio\Release\MicroUtil.sbr
H:\0000GZ\RnD 5000 Project nus-bot\Bot_SRC\NUS-Bot\NUS-Bot RND\nus-bot\trunk\NUSBot\src\NUSBot\VisualStudio\Release\NUSBotModule.sbr
H:\0000GZ\RnD 5000 Project nus-bot\Bot_SRC\NUS-Bot\NUS-Bot RND\nus-bot\trunk\NUSBot\src\NUSBot\VisualStudio\Release\ObserverManager.sbr
H:\0000GZ\RnD 5000 Project nus-bot\Bot_SRC\NUS-Bot\NUS-Bot RND\nus-bot\trunk\NUSBot\src\NUSBot\VisualStudio\Release\Options.sbr
H:\0000GZ\RnD 5000 Project nus-bot\Bot_SRC\NUS-Bot\NUS-Bot RND\nus-bot\trunk\NUSBot\src\NUSBot\VisualStudio\Release\ProductionManager.sbr
H:\0000GZ\RnD 5000 Project nus-bot\Bot_SRC\NUS-Bot\NUS-Bot RND\nus-bot\trunk\NUSBot\src\NUSBot\VisualStudio\Release\RangedManager.sbr
H:\0000GZ\RnD 5000 Project nus-bot\Bot_SRC\NUS-Bot\NUS-Bot RND\nus-bot\trunk\NUSBot\src\NUSBot\VisualStudio\Release\ReplayVisualizer.sbr
H:\0000GZ\RnD 5000 Project nus-bot\Bot_SRC\NUS-Bot\NUS-Bot RND\nus-bot\trunk\NUSBot\src\NUSBot\VisualStudio\Release\ScoutManager.sbr
H:\0000GZ\RnD 5000 Project nus-bot\Bot_SRC\NUS-Bot\NUS-Bot RND\nus-bot\trunk\NUSBot\src\NUSBot\VisualStudio\Release\Squad.sbr
H:\0000GZ\RnD 5000 Project nus-bot\Bot_SRC\NUS-Bot\NUS-Bot RND\nus-bot\trunk\NUSBot\src\NUSBot\VisualStudio\Release\SquadData.sbr
H:\0000GZ\RnD 5000 Project nus-bot\Bot_SRC\NUS-Bot\NUS-Bot RND\nus-bot\trunk\NUSBot\src\NUSBot\VisualStudio\Release\StarcraftBuildOrderSearchManager.sbr
H:\0000GZ\RnD 5000 Project nus-bot\Bot_SRC\NUS-Bot\NUS-Bot RND\nus-bot\trunk\NUSBot\src\NUSBot\VisualStudio\Release\StrategyManager.sbr
H:\0000GZ\RnD 5000 Project nus-bot\Bot_SRC\NUS-Bot\NUS-Bot RND\nus-bot\trunk\NUSBot\src\NUSBot\VisualStudio\Release\TransportManager.sbr
H:\0000GZ\RnD 5000 Project nus-bot\Bot_SRC\NUS-Bot\NUS-Bot RND\nus-bot\trunk\NUSBot\src\NUSBot\VisualStudio\Release\UnitCommandData.sbr
H:\0000GZ\RnD 5000 Project nus-bot\Bot_SRC\NUS-Bot\NUS-Bot RND\nus-bot\trunk\NUSBot\src\NUSBot\VisualStudio\Release\UnitCommandManager.sbr
H:\0000GZ\RnD 5000 Project nus-bot\Bot_SRC\NUS-Bot\NUS-Bot RND\nus-bot\trunk\NUSBot\src\NUSBot\VisualStudio\Release\UnitData.sbr
H:\0000GZ\RnD 5000 Project nus-bot\Bot_SRC\NUS-Bot\NUS-Bot RND\nus-bot\trunk\NUSBot\src\NUSBot\VisualStudio\Release\Visualizer.sbr
H:\0000GZ\RnD 5000 Project nus-bot\Bot_SRC\NUS-Bot\NUS-Bot RND\nus-bot\trunk\NUSBot\src\NUSBot\VisualStudio\Release\WorkerData.sbr
H:\0000GZ\RnD 5000 Project nus-bot\Bot_SRC\NUS-Bot\NUS-Bot RND\nus-bot\trunk\NUSBot\src\NUSBot\VisualStudio\Release\WorkerManager.sbr
H:\0000GZ\RnD 5000 Project nus-bot\Bot_SRC\NUS-Bot\NUS-Bot RND\nus-bot\trunk\NUSBot\src\NUSBot\VisualStudio\Release\vc.nativecodeanalysis.all.xml
H:\0000GZ\RnD 5000 Project nus-bot\Bot_SRC\NUS-Bot\NUS-Bot RND\nus-bot\trunk\NUSBot\src\NUSBot\VisualStudio\Release\NUSBot.dll
H:\0000GZ\RnD 5000 Project nus-bot\Bot_SRC\NUS-Bot\NUS-Bot RND\nus-bot\trunk\NUSBot\src\NUSBot\VisualStudio\Release\NUSBot.dll.lastcodeanalysissucceeded
