Build started 2/22/2014 11:28:16 AM.
Project "E:\projects\fyp\bots_codes\NUSBot\src\NUSBot\VisualStudio\NUSBot.vcxproj" on node 2 (Build target(s)).
ClCompile:
  C:\Program Files\Microsoft Visual Studio 9.0\VC\bin\CL.exe /c /I../Source /IE:\projects\fyp\bots_codes\libs\bwapi_3_74/include /IE:\projects\fyp\bots_codes\libs\boost_1_53 /I/include /I/include /I/include/freetype2 /I/include /Zi /nologo /W3 /WX- /Ox /Ob2 /Oi /Ot /Oy- /GL /D CODE_ANALYSIS /D WIN32 /D NDEBUG /D _WINDOWS /D _USRDLL /D EXAMPLEAIMODULE_EXPORTS /D NOMINMAX /D _WINDLL /D _UNICODE /D UNICODE /Gm- /EHsc /MD /GS /Gy /fp:precise /Zc:wchar_t /Zc:forScope /Fo"Release\\" /Fd"Release\vc90.pdb" /FR"Release\\" /Gd /TP /analyze /errorReport:prompt ..\Source\base\BuildLearner.cpp ..\Source\CombatSimulation.cpp ..\Source\MicroSearchManager.cpp ..\Source\base\BuildingData.cpp ..\Source\base\BuildingManager.cpp ..\Source\base\BuildingPlacer.cpp ..\Source\base\BuildOrderGoalManager.cpp ..\Source\base\BuildOrderQueue.cpp ..\Source\base\ProductionManager.cpp ..\Source\base\StarcraftBuildOrderSearchManager.cpp ..\Source\base\WorkerData.cpp ..\Source\base\WorkerManager.cpp ..\Source\CombatCommander.cpp ..\Source\Common.cpp ..\Source\Dll.cpp ..\Source\GameCommander.cpp ..\Source\HardCodedInfo.cpp ..\Source\InformationManager.cpp ..\Source\Logger.cpp ..\Source\MapGrid.cpp ..\Source\MapTools.cpp ..\Source\micromanagement\DetectorManager.cpp ..\Source\micromanagement\MeleeManager.cpp ..\Source\micromanagement\MicroManager.cpp ..\Source\micromanagement\MicroUtil.cpp ..\Source\micromanagement\ObserverManager.cpp ..\Source\micromanagement\RangedManager.cpp ..\Source\micromanagement\TransportManager.cpp ..\Source\Options.cpp ..\Source\ReplayVisualizer.cpp ..\Source\ScoutManager.cpp ..\Source\Squad.cpp ..\Source\SquadData.cpp ..\Source\StrategyManager.cpp ..\Source\NUSBotModule.cpp ..\Source\UnitCommandData.cpp ..\Source\UnitCommandManager.cpp ..\Source\UnitData.cpp ..\Source\Visualizer.cpp
cl : Command line warning D9040: ignoring option '/analyze'; Code Analysis warnings are not available in this edition of the compiler
  BuildLearner.cpp
  CombatSimulation.cpp
..\Source\CombatSimulation.cpp(31): warning C4101: 'e' : unreferenced local variable
..\Source\CombatSimulation.cpp(46): warning C4101: 'e' : unreferenced local variable
..\Source\CombatSimulation.cpp(112): warning C4101: 'e' : unreferenced local variable
  MicroSearchManager.cpp
  BuildingData.cpp
  BuildingManager.cpp
  BuildingPlacer.cpp
  BuildOrderGoalManager.cpp
  BuildOrderQueue.cpp
  ProductionManager.cpp
  StarcraftBuildOrderSearchManager.cpp
  WorkerData.cpp
  WorkerManager.cpp
  CombatCommander.cpp
  Common.cpp
  Dll.cpp
  GameCommander.cpp
  HardCodedInfo.cpp
  InformationManager.cpp
  Logger.cpp
  MapGrid.cpp
  Compiling...
  MapTools.cpp
  DetectorManager.cpp
  MeleeManager.cpp
  MicroManager.cpp
  MicroUtil.cpp
  ObserverManager.cpp
  RangedManager.cpp
  TransportManager.cpp
  Options.cpp
  ReplayVisualizer.cpp
  ScoutManager.cpp
  Squad.cpp
  SquadData.cpp
  StrategyManager.cpp
  NUSBotModule.cpp
..\Source\NUSBotModule.cpp(174): warning C4018: '<' : signed/unsigned mismatch
..\Source\NUSBotModule.cpp(185): warning C4018: '<' : signed/unsigned mismatch
  UnitCommandData.cpp
  UnitCommandManager.cpp
  UnitData.cpp
  Visualizer.cpp
Link:
  C:\Program Files\Microsoft Visual Studio 9.0\VC\bin\link.exe /ERRORREPORT:PROMPT /OUT:"E:\projects\fyp\bots_codes\NUSBot\src\NUSBot\VisualStudio\Release\NUSBot.dll" /INCREMENTAL:NO /NOLOGO E:\projects\fyp\bots_codes\libs\bwapi_3_74/lib/BWAPI.lib E:\projects\fyp\bots_codes\libs\bwapi_3_74/lib/BWTA.lib E:\projects\fyp\bots_codes\libs\bwapi_3_74/lib/tinyxml.lib "E:\projects\fyp\bots_codes\libs\bwapi_3_74/lib/CGAL-vc90-mt.lib" "E:\projects\fyp\bots_codes\libs\bwapi_3_74/lib/libboost_thread-vc90-mt-1_40.lib" "E:\projects\fyp\bots_codes\libs\bwapi_3_74/lib/gmp-vc90-mt.lib" "E:\projects\fyp\bots_codes\libs\bwapi_3_74/lib/mpfr-vc90-mt.lib" ../../StarcraftBuildOrderSearch/VisualStudio/Release/StarCraftData.obj Release/SparCraft.lib /SDL.lib /SDLmain.lib /opengl32.lib /SDL_image.lib /SDL_gfx.lib kernel32.lib user32.lib gdi32.lib winspool.lib comdlg32.lib advapi32.lib shell32.lib ole32.lib oleaut32.lib uuid.lib odbc32.lib odbccp32.lib /MANIFEST /ManifestFile:"Release\NUSBot.dll.intermediate.manifest" /MANIFESTUAC:"level='asInvoker' uiAccess='false'" /DEBUG /PDB:"E:\projects\fyp\bots_codes\NUSBot\src\NUSBot\VisualStudio\Release\NUSBot.pdb" /MAP /SUBSYSTEM:WINDOWS /OPT:REF /OPT:ICF /LTCG /TLBID:1 /DYNAMICBASE /NXCOMPAT /MACHINE:X86 /DLL Release\BuildLearner.obj
  Release\CombatSimulation.obj
  Release\MicroSearchManager.obj
  Release\BuildingData.obj
  Release\BuildingManager.obj
  Release\BuildingPlacer.obj
  Release\BuildOrderGoalManager.obj
  Release\BuildOrderQueue.obj
  Release\ProductionManager.obj
  Release\StarcraftBuildOrderSearchManager.obj
  Release\WorkerData.obj
  Release\WorkerManager.obj
  Release\CombatCommander.obj
  Release\Common.obj
  Release\Dll.obj
  Release\GameCommander.obj
  Release\HardCodedInfo.obj
  Release\InformationManager.obj
  Release\Logger.obj
  Release\MapGrid.obj
  Release\MapTools.obj
  Release\DetectorManager.obj
  Release\MeleeManager.obj
  Release\MicroManager.obj
  Release\MicroUtil.obj
  Release\ObserverManager.obj
  Release\RangedManager.obj
  Release\TransportManager.obj
  Release\Options.obj
  Release\ReplayVisualizer.obj
  Release\ScoutManager.obj
  Release\Squad.obj
  Release\SquadData.obj
  Release\StrategyManager.obj
  Release\NUSBotModule.obj
  Release\UnitCommandData.obj
  Release\UnitCommandManager.obj
  Release\UnitData.obj
  Release\Visualizer.obj
LINK : warning LNK4044: unrecognized option '/SDL.lib'; ignored
LINK : warning LNK4044: unrecognized option '/SDLmain.lib'; ignored
LINK : warning LNK4044: unrecognized option '/opengl32.lib'; ignored
LINK : warning LNK4044: unrecognized option '/SDL_image.lib'; ignored
LINK : warning LNK4044: unrecognized option '/SDL_gfx.lib'; ignored
     Creating library E:\projects\fyp\bots_codes\NUSBot\src\NUSBot\VisualStudio\Release\NUSBot.lib and object E:\projects\fyp\bots_codes\NUSBot\src\NUSBot\VisualStudio\Release\NUSBot.exp
LINK : warning LNK4098: defaultlib 'LIBCMT' conflicts with use of other libs; use /NODEFAULTLIB:library
  Generating code
  Finished generating code
  NUSBot.vcxproj -> E:\projects\fyp\bots_codes\NUSBot\src\NUSBot\VisualStudio\Release\NUSBot.dll
Manifest:
  C:\Program Files\Microsoft SDKs\Windows\v6.0A\bin\mt.exe /nologo /verbose /outputresource:"E:\projects\fyp\bots_codes\NUSBot\src\NUSBot\VisualStudio\Release\NUSBot.dll;#2" /manifest Release\NUSBot.dll.intermediate.manifest
BscMake:
  C:\Program Files\Microsoft Visual Studio 9.0\VC\bin\bscmake.exe /nologo /o"E:\projects\fyp\bots_codes\NUSBot\src\NUSBot\VisualStudio\Release\NUSBot.bsc" /n Release\BuildLearner.sbr Release\CombatSimulation.sbr Release\MicroSearchManager.sbr Release\BuildingData.sbr Release\BuildingManager.sbr Release\BuildingPlacer.sbr Release\BuildOrderGoalManager.sbr Release\BuildOrderQueue.sbr Release\ProductionManager.sbr Release\StarcraftBuildOrderSearchManager.sbr Release\WorkerData.sbr Release\WorkerManager.sbr Release\CombatCommander.sbr Release\Common.sbr Release\Dll.sbr Release\GameCommander.sbr Release\HardCodedInfo.sbr Release\InformationManager.sbr Release\Logger.sbr Release\MapGrid.sbr Release\MapTools.sbr Release\DetectorManager.sbr Release\MeleeManager.sbr Release\MicroManager.sbr Release\MicroUtil.sbr Release\ObserverManager.sbr Release\RangedManager.sbr Release\TransportManager.sbr Release\Options.sbr Release\ReplayVisualizer.sbr Release\ScoutManager.sbr Release\Squad.sbr Release\SquadData.sbr Release\StrategyManager.sbr Release\NUSBotModule.sbr Release\UnitCommandData.sbr Release\UnitCommandManager.sbr Release\UnitData.sbr Release\Visualizer.sbr
Done Building Project "E:\projects\fyp\bots_codes\NUSBot\src\NUSBot\VisualStudio\NUSBot.vcxproj" (Build target(s)).

Build succeeded.

Time Elapsed 00:01:57.09
