E:\PROJECTS\FYP\GOOGLE_CODES\TRUNK\NUSBOT\SRC\SPARCRAFT\VISUALSTUDIO\DEBUG\PLAYER_ATTACKCLOSEST.OBJ
E:\PROJECTS\FYP\GOOGLE_CODES\TRUNK\NUSBOT\SRC\SPARCRAFT\VISUALSTUDIO\DEBUG\PLAYER_ATTACKDPS.OBJ
E:\PROJECTS\FYP\GOOGLE_CODES\TRUNK\NUSBOT\SRC\SPARCRAFT\VISUALSTUDIO\DEBUG\PLAYER_ATTACKWEAKEST.OBJ
E:\PROJECTS\FYP\GOOGLE_CODES\TRUNK\NUSBOT\SRC\SPARCRAFT\VISUALSTUDIO\DEBUG\PLAYER_CLUSTER.OBJ
E:\PROJECTS\FYP\GOOGLE_CODES\TRUNK\NUSBOT\SRC\SPARCRAFT\VISUALSTUDIO\DEBUG\PLAYER_KITER.OBJ
E:\PROJECTS\FYP\GOOGLE_CODES\TRUNK\NUSBOT\SRC\SPARCRAFT\VISUALSTUDIO\DEBUG\PLAYER_KITERDPS.OBJ
E:\PROJECTS\FYP\GOOGLE_CODES\TRUNK\NUSBOT\SRC\SPARCRAFT\VISUALSTUDIO\DEBUG\PLAYER_KITER_NOKDPS.OBJ
E:\PROJECTS\FYP\GOOGLE_CODES\TRUNK\NUSBOT\SRC\SPARCRAFT\VISUALSTUDIO\DEBUG\PLAYER_NOKDPS.OBJ
E:\PROJECTS\FYP\GOOGLE_CODES\TRUNK\NUSBOT\SRC\SPARCRAFT\VISUALSTUDIO\DEBUG\PLAYER_PORTFOLIOGREEDYSEARCH.OBJ
E:\PROJECTS\FYP\GOOGLE_CODES\TRUNK\NUSBOT\SRC\SPARCRAFT\VISUALSTUDIO\DEBUG\PLAYER_RANDOM.OBJ
E:\PROJECTS\FYP\GOOGLE_CODES\TRUNK\NUSBOT\SRC\SPARCRAFT\VISUALSTUDIO\DEBUG\PLAYER_UCT.OBJ
E:\PROJECTS\FYP\GOOGLE_CODES\TRUNK\NUSBOT\SRC\SPARCRAFT\VISUALSTUDIO\DEBUG\PORTFOLIOGREEDYSEARCH.OBJ
E:\PROJECTS\FYP\GOOGLE_CODES\TRUNK\NUSBOT\SRC\SPARCRAFT\VISUALSTUDIO\DEBUG\SPARCRAFT.OBJ
E:\PROJECTS\FYP\GOOGLE_CODES\TRUNK\NUSBOT\SRC\SPARCRAFT\VISUALSTUDIO\DEBUG\TIMER.OBJ
E:\PROJECTS\FYP\GOOGLE_CODES\TRUNK\NUSBOT\SRC\SPARCRAFT\VISUALSTUDIO\DEBUG\TRANSPOSITIONTABLE.OBJ
E:\PROJECTS\FYP\GOOGLE_CODES\TRUNK\NUSBOT\SRC\SPARCRAFT\VISUALSTUDIO\DEBUG\UCTSEARCH.OBJ
E:\PROJECTS\FYP\GOOGLE_CODES\TRUNK\NUSBOT\SRC\SPARCRAFT\VISUALSTUDIO\DEBUG\UNIT.OBJ
E:\PROJECTS\FYP\GOOGLE_CODES\TRUNK\NUSBOT\SRC\SPARCRAFT\VISUALSTUDIO\DEBUG\UNITPROPERTIES.OBJ
E:\PROJECTS\FYP\GOOGLE_CODES\TRUNK\NUSBOT\SRC\SPARCRAFT\VISUALSTUDIO\DEBUG\UNITSCRIPTDATA.OBJ
E:\PROJECTS\FYP\GOOGLE_CODES\TRUNK\NUSBOT\SRC\SPARCRAFT\VISUALSTUDIO\DEBUG\WEAPONPROPERTIES.OBJ
E:\PROJECTS\FYP\GOOGLE_CODES\TRUNK\NUSBOT\SRC\SPARCRAFT\VISUALSTUDIO\DEBUG\ALLPLAYERS.OBJ
E:\PROJECTS\FYP\GOOGLE_CODES\TRUNK\NUSBOT\SRC\SPARCRAFT\VISUALSTUDIO\DEBUG\ALPHABETASEARCH.OBJ
E:\PROJECTS\FYP\GOOGLE_CODES\TRUNK\NUSBOT\SRC\SPARCRAFT\VISUALSTUDIO\DEBUG\ANIMATIONFRAMEDATA.OBJ
E:\PROJECTS\FYP\GOOGLE_CODES\TRUNK\NUSBOT\SRC\SPARCRAFT\VISUALSTUDIO\DEBUG\COMMON.OBJ
E:\PROJECTS\FYP\GOOGLE_CODES\TRUNK\NUSBOT\SRC\SPARCRAFT\VISUALSTUDIO\DEBUG\DISPLAY.OBJ
E:\PROJECTS\FYP\GOOGLE_CODES\TRUNK\NUSBOT\SRC\SPARCRAFT\VISUALSTUDIO\DEBUG\ENUMDATA.OBJ
E:\PROJECTS\FYP\GOOGLE_CODES\TRUNK\NUSBOT\SRC\SPARCRAFT\VISUALSTUDIO\DEBUG\GAME.OBJ
E:\PROJECTS\FYP\GOOGLE_CODES\TRUNK\NUSBOT\SRC\SPARCRAFT\VISUALSTUDIO\DEBUG\GAMESTATE.OBJ
E:\PROJECTS\FYP\GOOGLE_CODES\TRUNK\NUSBOT\SRC\SPARCRAFT\VISUALSTUDIO\DEBUG\GLFONT.OBJ
E:\PROJECTS\FYP\GOOGLE_CODES\TRUNK\NUSBOT\SRC\SPARCRAFT\VISUALSTUDIO\DEBUG\HASH.OBJ
E:\PROJECTS\FYP\GOOGLE_CODES\TRUNK\NUSBOT\SRC\SPARCRAFT\VISUALSTUDIO\DEBUG\LOGGER.OBJ
E:\PROJECTS\FYP\GOOGLE_CODES\TRUNK\NUSBOT\SRC\SPARCRAFT\VISUALSTUDIO\DEBUG\MOVEARRAY.OBJ
E:\PROJECTS\FYP\GOOGLE_CODES\TRUNK\NUSBOT\SRC\SPARCRAFT\VISUALSTUDIO\DEBUG\PLAYER.OBJ
E:\PROJECTS\FYP\GOOGLE_CODES\TRUNK\NUSBOT\SRC\SPARCRAFT\VISUALSTUDIO\DEBUG\PLAYERPROPERTIES.OBJ
E:\PROJECTS\FYP\GOOGLE_CODES\TRUNK\NUSBOT\SRC\SPARCRAFT\VISUALSTUDIO\DEBUG\PLAYER_ALPHABETA.OBJ
E:\PROJECTS\FYP\GOOGLE_CODES\TRUNK\NUSBOT\SRC\SPARCRAFT\VISUALSTUDIO\DEBUG\VC90.PDB
E:\PROJECTS\FYP\GOOGLE_CODES\TRUNK\NUSBOT\SRC\NUSBOT\VISUALSTUDIO\DEBUG\SPARCRAFT.LIB
E:\projects\fyp\google_codes\trunk\NUSBot\src\SparCraft\VisualStudio\Debug\AllPlayers.obj
E:\projects\fyp\google_codes\trunk\NUSBot\src\SparCraft\VisualStudio\Debug\AlphaBetaSearch.obj
E:\projects\fyp\google_codes\trunk\NUSBot\src\SparCraft\VisualStudio\Debug\AnimationFrameData.obj
E:\projects\fyp\google_codes\trunk\NUSBot\src\SparCraft\VisualStudio\Debug\Common.obj
E:\projects\fyp\google_codes\trunk\NUSBot\src\SparCraft\VisualStudio\Debug\Display.obj
E:\projects\fyp\google_codes\trunk\NUSBot\src\SparCraft\VisualStudio\Debug\EnumData.obj
E:\projects\fyp\google_codes\trunk\NUSBot\src\SparCraft\VisualStudio\Debug\Game.obj
E:\projects\fyp\google_codes\trunk\NUSBot\src\SparCraft\VisualStudio\Debug\GameState.obj
E:\projects\fyp\google_codes\trunk\NUSBot\src\SparCraft\VisualStudio\Debug\glfont.obj
E:\projects\fyp\google_codes\trunk\NUSBot\src\SparCraft\VisualStudio\Debug\Hash.obj
E:\projects\fyp\google_codes\trunk\NUSBot\src\SparCraft\VisualStudio\Debug\Logger.obj
E:\projects\fyp\google_codes\trunk\NUSBot\src\SparCraft\VisualStudio\Debug\MoveArray.obj
E:\projects\fyp\google_codes\trunk\NUSBot\src\SparCraft\VisualStudio\Debug\Player.obj
E:\projects\fyp\google_codes\trunk\NUSBot\src\SparCraft\VisualStudio\Debug\PlayerProperties.obj
E:\projects\fyp\google_codes\trunk\NUSBot\src\SparCraft\VisualStudio\Debug\Player_AlphaBeta.obj
E:\projects\fyp\google_codes\trunk\NUSBot\src\SparCraft\VisualStudio\Debug\Player_AttackClosest.obj
E:\projects\fyp\google_codes\trunk\NUSBot\src\SparCraft\VisualStudio\Debug\Player_AttackDPS.obj
E:\projects\fyp\google_codes\trunk\NUSBot\src\SparCraft\VisualStudio\Debug\Player_AttackWeakest.obj
E:\projects\fyp\google_codes\trunk\NUSBot\src\SparCraft\VisualStudio\Debug\Player_Cluster.obj
E:\projects\fyp\google_codes\trunk\NUSBot\src\SparCraft\VisualStudio\Debug\Player_Kiter.obj
E:\projects\fyp\google_codes\trunk\NUSBot\src\SparCraft\VisualStudio\Debug\Player_KiterDPS.obj
E:\projects\fyp\google_codes\trunk\NUSBot\src\SparCraft\VisualStudio\Debug\Player_Kiter_NOKDPS.obj
E:\projects\fyp\google_codes\trunk\NUSBot\src\SparCraft\VisualStudio\Debug\Player_NOKDPS.obj
E:\projects\fyp\google_codes\trunk\NUSBot\src\SparCraft\VisualStudio\Debug\Player_PortfolioGreedySearch.obj
E:\projects\fyp\google_codes\trunk\NUSBot\src\SparCraft\VisualStudio\Debug\Player_Random.obj
E:\projects\fyp\google_codes\trunk\NUSBot\src\SparCraft\VisualStudio\Debug\Player_UCT.obj
E:\projects\fyp\google_codes\trunk\NUSBot\src\SparCraft\VisualStudio\Debug\PortfolioGreedySearch.obj
E:\projects\fyp\google_codes\trunk\NUSBot\src\SparCraft\VisualStudio\Debug\SparCraft.obj
E:\projects\fyp\google_codes\trunk\NUSBot\src\SparCraft\VisualStudio\Debug\Timer.obj
E:\projects\fyp\google_codes\trunk\NUSBot\src\SparCraft\VisualStudio\Debug\TranspositionTable.obj
E:\projects\fyp\google_codes\trunk\NUSBot\src\SparCraft\VisualStudio\Debug\UCTSearch.obj
E:\projects\fyp\google_codes\trunk\NUSBot\src\SparCraft\VisualStudio\Debug\Unit.obj
E:\projects\fyp\google_codes\trunk\NUSBot\src\SparCraft\VisualStudio\Debug\UnitProperties.obj
E:\projects\fyp\google_codes\trunk\NUSBot\src\SparCraft\VisualStudio\Debug\UnitScriptData.obj
E:\projects\fyp\google_codes\trunk\NUSBot\src\SparCraft\VisualStudio\Debug\WeaponProperties.obj
E:\projects\fyp\google_codes\trunk\NUSBot\src\SparCraft\VisualStudio\Debug\cl.command.1.tlog
E:\projects\fyp\google_codes\trunk\NUSBot\src\SparCraft\VisualStudio\Debug\CL.read.1.tlog
E:\projects\fyp\google_codes\trunk\NUSBot\src\SparCraft\VisualStudio\Debug\CL.write.1.tlog
E:\projects\fyp\google_codes\trunk\NUSBot\src\SparCraft\VisualStudio\Debug\Lib-link.read.1.tlog
E:\projects\fyp\google_codes\trunk\NUSBot\src\SparCraft\VisualStudio\Debug\Lib-link.write.1.tlog
E:\projects\fyp\google_codes\trunk\NUSBot\src\SparCraft\VisualStudio\Debug\lib.command.1.tlog
E:\projects\fyp\google_codes\trunk\NUSBot\src\SparCraft\VisualStudio\Debug\vc90.idb
E:\projects\fyp\google_codes\trunk\NUSBot\src\SparCraft\VisualStudio\Debug\vc90.pdb
E:\projects\fyp\google_codes\trunk\NUSBot\src\NUSBot\VisualStudio\Debug\SparCraft.lib
