Build started 11/29/2013 10:13:19 PM.
Project "E:\projects\fyp\bots_codes\UAlbertaBot\src\SparCraft\VisualStudio\SparCraft.vcxproj" on node 2 (Build target(s)).
ClCompile:
  C:\Program Files\Microsoft Visual Studio 9.0\VC\bin\CL.exe /c /I/include /I/include /ZI /nologo /W3 /WX- /Od /Oy- /D WIN32 /D _DEBUG /D _CONSOLE /D NOMINMAX /D _UNICODE /D UNICODE /Gm /EHsc /RTC1 /MDd /GS /fp:precise /Zc:wchar_t /Zc:forScope /Fo"Debug\\" /Fd"Debug\vc90.pdb" /Gd /TP /analyze- /errorReport:prompt ..\source\AllPlayers.cpp ..\source\AlphaBetaSearch.cpp ..\source\AnimationFrameData.cpp ..\source\Common.cpp ..\source\Display.cpp ..\source\EnumData.cpp ..\source\Game.cpp ..\source\GameState.cpp ..\source\glfont\glfont.cc ..\source\Hash.cpp ..\source\Logger.cpp ..\source\MoveArray.cpp ..\source\Player.cpp ..\source\PlayerProperties.cpp ..\source\Player_AlphaBeta.cpp ..\source\Player_AttackClosest.cpp ..\source\Player_AttackDPS.cpp ..\source\Player_AttackWeakest.cpp ..\source\Player_Cluster.cpp ..\source\Player_Kiter.cpp ..\source\Player_KiterDPS.cpp ..\source\Player_Kiter_NOKDPS.cpp ..\source\Player_NOKDPS.cpp ..\source\Player_PortfolioGreedySearch.cpp ..\source\Player_Random.cpp ..\source\Player_UCT.cpp ..\source\PortfolioGreedySearch.cpp ..\source\SparCraft.cpp ..\source\Timer.cpp ..\source\TranspositionTable.cpp ..\source\UCTSearch.cpp ..\source\Unit.cpp ..\source\UnitProperties.cpp ..\source\UnitScriptData.cpp ..\source\WeaponProperties.cpp
  WeaponProperties.cpp
e:\projects\fyp\bots_codes\ualbertabot\src\sparcraft\source\common.h(3): fatal error C1083: Cannot open include file: 'BWAPI.h': No such file or directory
  UnitScriptData.cpp
e:\projects\fyp\bots_codes\ualbertabot\src\sparcraft\source\common.h(3): fatal error C1083: Cannot open include file: 'BWAPI.h': No such file or directory
  UnitProperties.cpp
e:\projects\fyp\bots_codes\ualbertabot\src\sparcraft\source\common.h(3): fatal error C1083: Cannot open include file: 'BWAPI.h': No such file or directory
  Unit.cpp
e:\projects\fyp\bots_codes\ualbertabot\src\sparcraft\source\common.h(3): fatal error C1083: Cannot open include file: 'BWAPI.h': No such file or directory
  UCTSearch.cpp
e:\projects\fyp\bots_codes\ualbertabot\src\sparcraft\source\common.h(3): fatal error C1083: Cannot open include file: 'BWAPI.h': No such file or directory
  TranspositionTable.cpp
e:\projects\fyp\bots_codes\ualbertabot\src\sparcraft\source\common.h(3): fatal error C1083: Cannot open include file: 'BWAPI.h': No such file or directory
  Timer.cpp
e:\projects\fyp\bots_codes\ualbertabot\src\sparcraft\source\common.h(3): fatal error C1083: Cannot open include file: 'BWAPI.h': No such file or directory
  SparCraft.cpp
e:\projects\fyp\bots_codes\ualbertabot\src\sparcraft\source\common.h(3): fatal error C1083: Cannot open include file: 'BWAPI.h': No such file or directory
  PortfolioGreedySearch.cpp
e:\projects\fyp\bots_codes\ualbertabot\src\sparcraft\source\common.h(3): fatal error C1083: Cannot open include file: 'BWAPI.h': No such file or directory
  Player_UCT.cpp
e:\projects\fyp\bots_codes\ualbertabot\src\sparcraft\source\common.h(3): fatal error C1083: Cannot open include file: 'BWAPI.h': No such file or directory
  Player_Random.cpp
e:\projects\fyp\bots_codes\ualbertabot\src\sparcraft\source\common.h(3): fatal error C1083: Cannot open include file: 'BWAPI.h': No such file or directory
  Player_PortfolioGreedySearch.cpp
e:\projects\fyp\bots_codes\ualbertabot\src\sparcraft\source\common.h(3): fatal error C1083: Cannot open include file: 'BWAPI.h': No such file or directory
  Player_NOKDPS.cpp
e:\projects\fyp\bots_codes\ualbertabot\src\sparcraft\source\common.h(3): fatal error C1083: Cannot open include file: 'BWAPI.h': No such file or directory
  Player_Kiter_NOKDPS.cpp
e:\projects\fyp\bots_codes\ualbertabot\src\sparcraft\source\common.h(3): fatal error C1083: Cannot open include file: 'BWAPI.h': No such file or directory
  Player_KiterDPS.cpp
e:\projects\fyp\bots_codes\ualbertabot\src\sparcraft\source\common.h(3): fatal error C1083: Cannot open include file: 'BWAPI.h': No such file or directory
  Player_Kiter.cpp
e:\projects\fyp\bots_codes\ualbertabot\src\sparcraft\source\common.h(3): fatal error C1083: Cannot open include file: 'BWAPI.h': No such file or directory
  Player_Cluster.cpp
e:\projects\fyp\bots_codes\ualbertabot\src\sparcraft\source\common.h(3): fatal error C1083: Cannot open include file: 'BWAPI.h': No such file or directory
  Player_AttackWeakest.cpp
e:\projects\fyp\bots_codes\ualbertabot\src\sparcraft\source\common.h(3): fatal error C1083: Cannot open include file: 'BWAPI.h': No such file or directory
  Player_AttackDPS.cpp
e:\projects\fyp\bots_codes\ualbertabot\src\sparcraft\source\common.h(3): fatal error C1083: Cannot open include file: 'BWAPI.h': No such file or directory
  Player_AttackClosest.cpp
e:\projects\fyp\bots_codes\ualbertabot\src\sparcraft\source\common.h(3): fatal error C1083: Cannot open include file: 'BWAPI.h': No such file or directory
  Generating Code...
  Compiling...
  Player_AlphaBeta.cpp
e:\projects\fyp\bots_codes\ualbertabot\src\sparcraft\source\common.h(3): fatal error C1083: Cannot open include file: 'BWAPI.h': No such file or directory
  PlayerProperties.cpp
e:\projects\fyp\bots_codes\ualbertabot\src\sparcraft\source\common.h(3): fatal error C1083: Cannot open include file: 'BWAPI.h': No such file or directory
  Player.cpp
e:\projects\fyp\bots_codes\ualbertabot\src\sparcraft\source\common.h(3): fatal error C1083: Cannot open include file: 'BWAPI.h': No such file or directory
  MoveArray.cpp
e:\projects\fyp\bots_codes\ualbertabot\src\sparcraft\source\common.h(3): fatal error C1083: Cannot open include file: 'BWAPI.h': No such file or directory
  Logger.cpp
  Hash.cpp
e:\projects\fyp\bots_codes\ualbertabot\src\sparcraft\source\common.h(3): fatal error C1083: Cannot open include file: 'BWAPI.h': No such file or directory
  glfont.cc
e:\projects\fyp\bots_codes\ualbertabot\src\sparcraft\source\common.h(3): fatal error C1083: Cannot open include file: 'BWAPI.h': No such file or directory
  GameState.cpp
e:\projects\fyp\bots_codes\ualbertabot\src\sparcraft\source\common.h(3): fatal error C1083: Cannot open include file: 'BWAPI.h': No such file or directory
  Game.cpp
e:\projects\fyp\bots_codes\ualbertabot\src\sparcraft\source\common.h(3): fatal error C1083: Cannot open include file: 'BWAPI.h': No such file or directory
  EnumData.cpp
e:\projects\fyp\bots_codes\ualbertabot\src\sparcraft\source\common.h(3): fatal error C1083: Cannot open include file: 'BWAPI.h': No such file or directory
  Display.cpp
e:\projects\fyp\bots_codes\ualbertabot\src\sparcraft\source\common.h(3): fatal error C1083: Cannot open include file: 'BWAPI.h': No such file or directory
  Common.cpp
e:\projects\fyp\bots_codes\ualbertabot\src\sparcraft\source\common.h(3): fatal error C1083: Cannot open include file: 'BWAPI.h': No such file or directory
  AnimationFrameData.cpp
e:\projects\fyp\bots_codes\ualbertabot\src\sparcraft\source\common.h(3): fatal error C1083: Cannot open include file: 'BWAPI.h': No such file or directory
  AlphaBetaSearch.cpp
e:\projects\fyp\bots_codes\ualbertabot\src\sparcraft\source\common.h(3): fatal error C1083: Cannot open include file: 'BWAPI.h': No such file or directory
  AllPlayers.cpp
e:\projects\fyp\bots_codes\ualbertabot\src\sparcraft\source\common.h(3): fatal error C1083: Cannot open include file: 'BWAPI.h': No such file or directory
  Generating Code...
Done Building Project "E:\projects\fyp\bots_codes\UAlbertaBot\src\SparCraft\VisualStudio\SparCraft.vcxproj" (Build target(s)) -- FAILED.

Build FAILED.

Time Elapsed 00:00:03.16
